1.157997e-01 -1.450567e+01 1.000000e+00
3.744887e-01 -1.862453e+01 1.000000e+00
-2.468449e-01 1.661449e+00 1.000000e+00
2.435128e-02 1.080674e+00 1.000000e+00
1.040871e-01 -1.249314e+01 1.000000e+00
1.558188e-01 8.380246e-01 1.000000e+00
2.013662e-01 -1.045442e+01 1.000000e+00
-4.164804e-01 8.035259e+00 1.000000e+00
-2.885865e-01 -4.583986e+00 1.000000e+00
-2.200292e-01 2.730861e+01 1.000000e+00
1.200098e-01 6.438804e+00 1.000000e+00
-1.542321e-01 -3.830210e+00 1.000000e+00
2.701029e-01 9.978706e+00 1.000000e+00
-2.459277e-01 2.367110e+01 1.000000e+00
1.033733e-01 -1.083182e+01 1.000000e+00
6.916564e-02 1.385128e+01 1.000000e+00
-1.724673e-01 8.054395e+00 1.000000e+00
-2.054674e-01 4.717685e+00 1.000000e+00
3.571658e-01 -9.177541e+00 1.000000e+00
5.981553e-02 2.929563e+00 1.000000e+00
-2.823207e-01 1.969229e+01 1.000000e+00
-3.151730e-01 7.823724e+00 1.000000e+00
1.680771e-01 -4.399142e+00 1.000000e+00
3.139172e-01 -5.822974e+00 1.000000e+00
1.882064e-01 7.585025e+00 1.000000e+00
-3.698602e-02 1.195594e+01 1.000000e+00
-9.959842e-02 -3.727361e+00 1.000000e+00
-1.054132e-01 7.747626e+00 1.000000e+00
-3.555008e-04 -2.628373e+00 1.000000e+00
3.525618e-01 8.672690e+00 1.000000e+00
-4.053573e-02 -6.015198e+00 1.000000e+00
5.127897e-01 -1.948061e+01 1.000000e+00
