2.4121e+00 3.3486e+00 2.0747e+01 2.7857e+00 7.9388e+00
3.1407e+00 4.6508e+00 3.2055e+01 3.6837e+00 1.2063e+01
3.5180e+00 5.3600e+00 3.9255e+01 4.0983e+00 1.4350e+01
3.4049e+00 5.2426e+00 3.9709e+01 3.9444e+00 1.4189e+01
4.6179e+00 7.6668e+00 6.4720e+01 5.1286e+00 2.2711e+01
4.3372e+00 7.2305e+00 5.9745e+01 4.8136e+00 2.2011e+01
4.1456e+00 7.0830e+00 5.5134e+01 4.6290e+00 2.1768e+01
4.2803e+00 8.1238e+00 5.3272e+01 4.9496e+00 2.2406e+01
5.0698e+00 8.9788e+00 5.2575e+01 6.0340e+00 2.3962e+01
4.5629e+00 8.0810e+00 4.7318e+01 5.4307e+00 2.1566e+01
4.1067e+00 7.2731e+00 4.2589e+01 4.8878e+00 1.9410e+01
3.6961e+00 6.5462e+00 3.8332e+01 4.3992e+00 1.7470e+01
3.3265e+00 5.8921e+00 3.4499e+01 3.9594e+00 1.5724e+01
2.9943e+00 5.3050e+00 3.1051e+01 3.5642e+00 1.4157e+01
2.6963e+00 4.7787e+00 2.7963e+01 3.2098e+00 1.2754e+01
2.4282e+00 4.3051e+00 2.5178e+01 2.8937e+00 1.1488e+01
2.1876e+00 3.8799e+00 2.2673e+01 2.6070e+00 1.0350e+01
1.9714e+00 3.4975e+00 2.0420e+01 2.3495e+00 9.3241e+00
1.7767e+00 3.1526e+00 1.8388e+01 2.1176e+00 8.3984e+00
1.6015e+00 2.8427e+00 1.6559e+01 1.9087e+00 7.5642e+00
1.4435e+00 2.5643e+00 1.4911e+01 1.7202e+00 6.8132e+00
1.3013e+00 2.3143e+00 1.3427e+01 1.5505e+00 6.1374e+00
1.1733e+00 2.0898e+00 1.2092e+01 1.3977e+00 5.5294e+00
1.0580e+00 1.8885e+00 1.0890e+01 1.2601e+00 4.9824e+00
9.5415e-01 1.7081e+00 9.8074e+00 1.1363e+00 4.4902e+00
8.6114e-01 1.5469e+00 8.8359e+00 1.0252e+00 4.0472e+00
7.7728e-01 1.4031e+00 7.9630e+00 9.2494e-01 3.6484e+00
7.0160e-01 1.2752e+00 7.1782e+00 8.3475e-01 3.2895e+00
6.3353e-01 1.1612e+00 6.4712e+00 7.5376e-01 2.9668e+00
5.7262e-01 1.0609e+00 5.8333e+00 6.8152e-01 2.6778e+00
5.1863e-01 9.7781e-01 5.2588e+00 6.1764e-01 2.4198e+00
4.7141e-01 9.0700e-01 4.7429e+00 5.6192e-01 2.1908e+00
4.3052e-01 8.4440e-01 4.2808e+00 5.1378e-01 1.9880e+00
3.9535e-01 7.8694e-01 3.8666e+00 4.7256e-01 1.8080e+00
3.6538e-01 7.3406e-01 3.4966e+00 4.3820e-01 1.6478e+00
3.4046e-01 6.8630e-01 3.1673e+00 4.1108e-01 1.5055e+00
3.2087e-01 6.4919e-01 2.8753e+00 3.9184e-01 1.3799e+00
3.0885e-01 6.2541e-01 2.6212e+00 3.8552e-01 1.2754e+00
3.1008e-01 6.1903e-01 2.4063e+00 4.0130e-01 1.1982e+00
3.3238e-01 6.3818e-01 2.2377e+00 4.5059e-01 1.1559e+00
3.8094e-01 6.8772e-01 2.1207e+00 5.3325e-01 1.1526e+00
4.5659e-01 7.6521e-01 2.0550e+00 6.5491e-01 1.1864e+00
5.4457e-01 8.5071e-01 2.0139e+00 7.8165e-01 1.2331e+00
6.1292e-01 9.2951e-01 1.9642e+00 8.7152e-01 1.2475e+00
7.1067e-01 1.0476e+00 1.9417e+00 9.5996e-01 1.2791e+00
8.5407e-01 1.2314e+00 1.9653e+00 1.0958e+00 1.3685e+00
9.7896e-01 1.3820e+00 1.9801e+00 1.2096e+00 1.4547e+00
1.0714e+00 1.4922e+00 1.9768e+00 1.2846e+00 1.5114e+00
1.1533e+00 1.6149e+00 1.9798e+00 1.3586e+00 1.5510e+00
1.2763e+00 1.8003e+00 2.0477e+00 1.4827e+00 1.6348e+00
1.4309e+00 1.9955e+00 2.1434e+00 1.6596e+00 1.7519e+00
1.5674e+00 2.2109e+00 2.2244e+00 1.8079e+00 1.8456e+00
1.6913e+00 2.4703e+00 2.3042e+00 1.9290e+00 1.9141e+00
1.8161e+00 2.7869e+00 2.3813e+00 2.0565e+00 1.9714e+00
1.9594e+00 3.1816e+00 2.4444e+00 2.1955e+00 2.0390e+00
2.1283e+00 3.6327e+00 2.5021e+00 2.3582e+00 2.1369e+00
2.3013e+00 4.1035e+00 2.6233e+00 2.5692e+00 2.2876e+00
2.4120e+00 4.5531e+00 2.8219e+00 2.7988e+00 2.4954e+00
2.5195e+00 4.9082e+00 3.0403e+00 2.9318e+00 2.7578e+00
2.5807e+00 5.1430e+00 3.3775e+00 3.0439e+00 3.0149e+00
2.6209e+00 5.2720e+00 3.7211e+00 3.1160e+00 3.2262e+00
2.6406e+00 5.4025e+00 4.0540e+00 3.1601e+00 3.4813e+00
2.6485e+00 5.5428e+00 4.3627e+00 3.1905e+00 3.7037e+00
2.6518e+00 5.6447e+00 4.6528e+00 3.2284e+00 3.8776e+00
2.6464e+00 5.7822e+00 4.9137e+00 3.2566e+00 4.0443e+00
2.6390e+00 5.8752e+00 5.1615e+00 3.2895e+00 4.2026e+00
2.6348e+00 5.9711e+00 5.4126e+00 3.3207e+00 4.3841e+00
2.6329e+00 6.0714e+00 5.6675e+00 3.3496e+00 4.5939e+00
2.6340e+00 6.1679e+00 5.9281e+00 3.3778e+00 4.8111e+00
2.6377e+00 6.2575e+00 6.1941e+00 3.4047e+00 5.0367e+00
2.6426e+00 6.3455e+00 6.4637e+00 3.4269e+00 5.2860e+00
2.6373e+00 6.4684e+00 6.7258e+00 3.3982e+00 5.5835e+00
2.6462e+00 6.5427e+00 7.0014e+00 3.4159e+00 5.8444e+00
2.6542e+00 6.6264e+00 7.2801e+00 3.4189e+00 6.1323e+00
2.6822e+00 6.6302e+00 7.5568e+00 3.4517e+00 6.2408e+00
2.6967e+00 6.6820e+00 7.8398e+00 3.4716e+00 6.4990e+00
2.7138e+00 6.7259e+00 8.1245e+00 3.4940e+00 6.7365e+00
2.7335e+00 6.7610e+00 8.4103e+00 3.5189e+00 6.9427e+00
2.7522e+00 6.8084e+00 8.7017e+00 3.5347e+00 7.1890e+00
2.7755e+00 6.8492e+00 8.9954e+00 3.5530e+00 7.4064e+00
2.7987e+00 6.8961e+00 9.2913e+00 3.5662e+00 7.6426e+00
2.8263e+00 6.9424e+00 9.5832e+00 3.5793e+00 7.8667e+00
2.8555e+00 6.9917e+00 9.8664e+00 3.5907e+00 8.0902e+00
2.8859e+00 7.0437e+00 1.0135e+01 3.6009e+00 8.3092e+00
2.9179e+00 7.0972e+00 1.0388e+01 3.6111e+00 8.5165e+00
2.9502e+00 7.1519e+00 1.0635e+01 3.6207e+00 8.7140e+00
2.9825e+00 7.2057e+00 1.0875e+01 3.6300e+00 8.8986e+00
3.0146e+00 7.2559e+00 1.1108e+01 3.6394e+00 9.0667e+00
3.0459e+00 7.2995e+00 1.1336e+01 3.6488e+00 9.2172e+00
3.0762e+00 7.3338e+00 1.1557e+01 3.6581e+00 9.3492e+00
3.1055e+00 7.3652e+00 1.1774e+01 3.6674e+00 9.4619e+00
3.1338e+00 7.3924e+00 1.1985e+01 3.6769e+00 9.5581e+00
3.1617e+00 7.4144e+00 1.2190e+01 3.6868e+00 9.6439e+00
3.1895e+00 7.4312e+00 1.2385e+01 3.6974e+00 9.7277e+00
3.2173e+00 7.4431e+00 1.2566e+01 3.7085e+00 9.8164e+00
3.2448e+00 7.4524e+00 1.2731e+01 3.7199e+00 9.9113e+00
3.2715e+00 7.4656e+00 1.2879e+01 3.7311e+00 1.0008e+01
3.2968e+00 7.4891e+00 1.3012e+01 3.7418e+00 1.0104e+01
3.3206e+00 7.5216e+00 1.3130e+01 3.7516e+00 1.0195e+01
3.3431e+00 7.5626e+00 1.3235e+01 3.7605e+00 1.0280e+01
3.3643e+00 7.6113e+00 1.3325e+01 3.7684e+00 1.0362e+01
3.3846e+00 7.6671e+00 1.3401e+01 3.7755e+00 1.0441e+01
3.4041e+00 7.7301e+00 1.3463e+01 3.7818e+00 1.0520e+01
3.4232e+00 7.8002e+00 1.3514e+01 3.7877e+00 1.0600e+01
3.4421e+00 7.8771e+00 1.3562e+01 3.7934e+00 1.0683e+01
3.4609e+00 7.9601e+00 1.3614e+01 3.7993e+00 1.0769e+01
3.4797e+00 8.0479e+00 1.3669e+01 3.8055e+00 1.0860e+01
3.4984e+00 8.1395e+00 1.3729e+01 3.8125e+00 1.0956e+01
3.5171e+00 8.2337e+00 1.3793e+01 3.8204e+00 1.1056e+01
3.5390e+00 8.3291e+00 1.3862e+01 3.8295e+00 1.1157e+01
3.5633e+00 8.4251e+00 1.3936e+01 3.8400e+00 1.1260e+01
3.5896e+00 8.5205e+00 1.4016e+01 3.8519e+00 1.1361e+01
3.6173e+00 8.6146e+00 1.4101e+01 3.8654e+00 1.1459e+01
3.6459e+00 8.7068e+00 1.4192e+01 3.8806e+00 1.1552e+01
3.6747e+00 8.7966e+00 1.4287e+01 3.8975e+00 1.1637e+01
3.7035e+00 8.8836e+00 1.4387e+01 3.9161e+00 1.1713e+01
3.7318e+00 8.9673e+00 1.4491e+01 3.9365e+00 1.1778e+01
3.7592e+00 9.0465e+00 1.4596e+01 3.9583e+00 1.1830e+01
3.7855e+00 9.1195e+00 1.4701e+01 3.9816e+00 1.1870e+01
3.8103e+00 9.1850e+00 1.4800e+01 4.0061e+00 1.1895e+01
3.8336e+00 9.2430e+00 1.4890e+01 4.0317e+00 1.1906e+01
3.8554e+00 9.2936e+00 1.4968e+01 4.0581e+00 1.1902e+01
3.8756e+00 9.3380e+00 1.5028e+01 4.0850e+00 1.1884e+01
3.8946e+00 9.3786e+00 1.5063e+01 4.1119e+00 1.1852e+01
3.9124e+00 9.4183e+00 1.5073e+01 4.1387e+00 1.1809e+01
3.9297e+00 9.4605e+00 1.5058e+01 4.1652e+00 1.1759e+01
3.9476e+00 9.5082e+00 1.5020e+01 4.1920e+00 1.1701e+01
3.9673e+00 9.5639e+00 1.4964e+01 4.2195e+00 1.1635e+01
3.9898e+00 9.6306e+00 1.4899e+01 4.2482e+00 1.1563e+01
4.0159e+00 9.7124e+00 1.4832e+01 4.2779e+00 1.1492e+01
4.0467e+00 9.8131e+00 1.4771e+01 4.3084e+00 1.1427e+01
4.0837e+00 9.9354e+00 1.4725e+01 4.3402e+00 1.1365e+01
4.1284e+00 1.0083e+01 1.4701e+01 4.3735e+00 1.1307e+01
4.1824e+00 1.0262e+01 1.4706e+01 4.4085e+00 1.1255e+01
4.2470e+00 1.0476e+01 1.4750e+01 4.4453e+00 1.1212e+01
4.3234e+00 1.0728e+01 1.4839e+01 4.4843e+00 1.1180e+01
4.4129e+00 1.1017e+01 1.4977e+01 4.5265e+00 1.1165e+01
4.5165e+00 1.1334e+01 1.5163e+01 4.5730e+00 1.1170e+01
4.6353e+00 1.1672e+01 1.5386e+01 4.6252e+00 1.1205e+01
4.7701e+00 1.2022e+01 1.5640e+01 4.6836e+00 1.1295e+01
4.9240e+00 1.2388e+01 1.5931e+01 4.7592e+00 1.1441e+01
5.0944e+00 1.2769e+01 1.6259e+01 4.8502e+00 1.1633e+01
5.2767e+00 1.3159e+01 1.6626e+01 4.9532e+00 1.1864e+01
5.4662e+00 1.3552e+01 1.7028e+01 5.0642e+00 1.2126e+01
5.6599e+00 1.3933e+01 1.7456e+01 5.1792e+00 1.2408e+01
5.8595e+00 1.4288e+01 1.7898e+01 5.2978e+00 1.2699e+01
6.1041e+00 1.4540e+01 1.8311e+01 5.4319e+00 1.2831e+01
6.3047e+00 1.4835e+01 1.8795e+01 5.5515e+00 1.3163e+01
6.5498e+00 1.5058e+01 1.9231e+01 5.6783e+00 1.3321e+01
6.7717e+00 1.5286e+01 1.9657e+01 5.8011e+00 1.3580e+01
6.9682e+00 1.5492e+01 2.0090e+01 5.9163e+00 1.3912e+01
7.1461e+00 1.5669e+01 2.0515e+01 6.0242e+00 1.4292e+01
7.3081e+00 1.5815e+01 2.0927e+01 6.1256e+00 1.4702e+01
7.4571e+00 1.5935e+01 2.1323e+01 6.2223e+00 1.5128e+01
7.5964e+00 1.6033e+01 2.1691e+01 6.3157e+00 1.5561e+01
7.7283e+00 1.6112e+01 2.2041e+01 6.4067e+00 1.5994e+01
7.8545e+00 1.6177e+01 2.2371e+01 6.4967e+00 1.6414e+01
7.9767e+00 1.6233e+01 2.2683e+01 6.5865e+00 1.6808e+01
8.0968e+00 1.6285e+01 2.2979e+01 6.6775e+00 1.7167e+01
8.2164e+00 1.6336e+01 2.3260e+01 6.7704e+00 1.7488e+01
8.3373e+00 1.6391e+01 2.3529e+01 6.8661e+00 1.7769e+01
8.4609e+00 1.6454e+01 2.3787e+01 6.9651e+00 1.8013e+01
8.5886e+00 1.6528e+01 2.4036e+01 7.0676e+00 1.8224e+01
8.7212e+00 1.6615e+01 2.4277e+01 7.1734e+00 1.8409e+01
8.8593e+00 1.6719e+01 2.4512e+01 7.2817e+00 1.8573e+01
9.0037e+00 1.6840e+01 2.4743e+01 7.3918e+00 1.8720e+01
9.1546e+00 1.6979e+01 2.4969e+01 7.5032e+00 1.8854e+01
9.3118e+00 1.7137e+01 2.5191e+01 7.6155e+00 1.8978e+01
9.4751e+00 1.7312e+01 2.5410e+01 7.7283e+00 1.9098e+01
9.6443e+00 1.7503e+01 2.5625e+01 7.8413e+00 1.9215e+01
9.8188e+00 1.7710e+01 2.5836e+01 7.9541e+00 1.9331e+01
9.9985e+00 1.7930e+01 2.6043e+01 8.0667e+00 1.9450e+01
1.0183e+01 1.8161e+01 2.6247e+01 8.1789e+00 1.9572e+01
1.0371e+01 1.8404e+01 2.6446e+01 8.2908e+00 1.9697e+01
1.0563e+01 1.8655e+01 2.6642e+01 8.4025e+00 1.9828e+01
1.0759e+01 1.8916e+01 2.6834e+01 8.5141e+00 1.9964e+01
1.0957e+01 1.9184e+01 2.7022e+01 8.6260e+00 2.0105e+01
1.1161e+01 1.9460e+01 2.7206e+01 8.7385e+00 2.0249e+01
1.1403e+01 1.9779e+01 2.7348e+01 8.8514e+00 2.0358e+01
1.0831e+01 1.9364e+01 2.6552e+01 8.5765e+00 1.9424e+01
1.0821e+01 1.9762e+01 2.6361e+01 8.5540e+00 1.9160e+01
1.0984e+01 2.0191e+01 2.6432e+01 8.6241e+00 1.9154e+01
1.1300e+01 2.0576e+01 2.6608e+01 8.7466e+00 1.9313e+01
1.1636e+01 2.0951e+01 2.6862e+01 8.9043e+00 1.9590e+01
1.1948e+01 2.1290e+01 2.7145e+01 9.0669e+00 1.9894e+01
1.2236e+01 2.1621e+01 2.7454e+01 9.2239e+00 2.0192e+01
1.2510e+01 2.1946e+01 2.7747e+01 9.3769e+00 2.0483e+01
1.2768e+01 2.2257e+01 2.8051e+01 9.5243e+00 2.0767e+01
1.3007e+01 2.2557e+01 2.8352e+01 9.6660e+00 2.1046e+01
1.3231e+01 2.2849e+01 2.8654e+01 9.8020e+00 2.1319e+01
1.3448e+01 2.3137e+01 2.8954e+01 9.9338e+00 2.1576e+01
1.3660e+01 2.3425e+01 2.9250e+01 1.0062e+01 2.1817e+01
1.3864e+01 2.3708e+01 2.9547e+01 1.0186e+01 2.2046e+01
1.4058e+01 2.3986e+01 2.9846e+01 1.0306e+01 2.2264e+01
1.4246e+01 2.4259e+01 3.0145e+01 1.0423e+01 2.2470e+01
1.4424e+01 2.4527e+01 3.0447e+01 1.0537e+01 2.2665e+01
1.4596e+01 2.4790e+01 3.0751e+01 1.0647e+01 2.2850e+01
1.4760e+01 2.5048e+01 3.1058e+01 1.0755e+01 2.3025e+01
1.4918e+01 2.5301e+01 3.1366e+01 1.0860e+01 2.3191e+01
1.5068e+01 2.5548e+01 3.1676e+01 1.0962e+01 2.3348e+01
1.5213e+01 2.5791e+01 3.1988e+01 1.1061e+01 2.3498e+01
1.5353e+01 2.6031e+01 3.2300e+01 1.1158e+01 2.3638e+01
1.5497e+01 2.6274e+01 3.2608e+01 1.1254e+01 2.3757e+01
1.5518e+01 2.6539e+01 3.2734e+01 1.1305e+01 2.3556e+01
1.4974e+01 2.6223e+01 3.2389e+01 1.1203e+01 2.2901e+01
1.4632e+01 2.6296e+01 3.2459e+01 1.1192e+01 2.2478e+01
1.4815e+01 2.6581e+01 3.2733e+01 1.1295e+01 2.2520e+01
1.5079e+01 2.6868e+01 3.3090e+01 1.1412e+01 2.2745e+01
1.5308e+01 2.7114e+01 3.3493e+01 1.1523e+01 2.2989e+01
1.5525e+01 2.7368e+01 3.3900e+01 1.1628e+01 2.3212e+01
1.5735e+01 2.7619e+01 3.4279e+01 1.1731e+01 2.3415e+01
1.5935e+01 2.7861e+01 3.4657e+01 1.1829e+01 2.3602e+01
1.6115e+01 2.8086e+01 3.5028e+01 1.1923e+01 2.3792e+01
1.6274e+01 2.8295e+01 3.5391e+01 1.2009e+01 2.3985e+01
1.6420e+01 2.8493e+01 3.5746e+01 1.2090e+01 2.4168e+01
1.6566e+01 2.8688e+01 3.6092e+01 1.2172e+01 2.4337e+01
1.6710e+01 2.8878e+01 3.6429e+01 1.2253e+01 2.4493e+01
1.6846e+01 2.9060e+01 3.6760e+01 1.2331e+01 2.4641e+01
1.6980e+01 2.9236e+01 3.7085e+01 1.2408e+01 2.4782e+01
1.7110e+01 2.9406e+01 3.7403e+01 1.2484e+01 2.4915e+01
1.7237e+01 2.9570e+01 3.7714e+01 1.2559e+01 2.5041e+01
1.7362e+01 2.9727e+01 3.8020e+01 1.2633e+01 2.5162e+01
1.7484e+01 2.9879e+01 3.8318e+01 1.2707e+01 2.5277e+01
1.7604e+01 3.0025e+01 3.8610e+01 1.2780e+01 2.5388e+01
1.7722e+01 3.0166e+01 3.8896e+01 1.2853e+01 2.5495e+01
1.7838e+01 3.0301e+01 3.9175e+01 1.2926e+01 2.5597e+01
1.7953e+01 3.0431e+01 3.9449e+01 1.2998e+01 2.5697e+01
1.8066e+01 3.0555e+01 3.9717e+01 1.3070e+01 2.5794e+01
1.8178e+01 3.0672e+01 3.9980e+01 1.3142e+01 2.5887e+01
1.8289e+01 3.0783e+01 4.0238e+01 1.3215e+01 2.5979e+01
1.8399e+01 3.0887e+01 4.0492e+01 1.3287e+01 2.6069e+01
1.8509e+01 3.0986e+01 4.0741e+01 1.3359e+01 2.6157e+01
1.8617e+01 3.1079e+01 4.0987e+01 1.3431e+01 2.6244e+01
1.8724e+01 3.1167e+01 4.1229e+01 1.3503e+01 2.6330e+01
1.8830e+01 3.1251e+01 4.1468e+01 1.3575e+01 2.6414e+01
1.8936e+01 3.1330e+01 4.1705e+01 1.3647e+01 2.6498e+01
1.9040e+01 3.1404e+01 4.1939e+01 1.3719e+01 2.6581e+01
1.9143e+01 3.1473e+01 4.2169e+01 1.3791e+01 2.6664e+01
1.9244e+01 3.1539e+01 4.2395e+01 1.3863e+01 2.6746e+01
1.9344e+01 3.1599e+01 4.2618e+01 1.3935e+01 2.6828e+01
1.9443e+01 3.1656e+01 4.2836e+01 1.4006e+01 2.6910e+01
1.9539e+01 3.1709e+01 4.3050e+01 1.4078e+01 2.6993e+01
1.9635e+01 3.1758e+01 4.3261e+01 1.4149e+01 2.7075e+01
1.9730e+01 3.1803e+01 4.3468e+01 1.4220e+01 2.7158e+01
1.9823e+01 3.1844e+01 4.3671e+01 1.4290e+01 2.7241e+01
1.9914e+01 3.1882e+01 4.3870e+01 1.4361e+01 2.7325e+01
2.0005e+01 3.1915e+01 4.4064e+01 1.4431e+01 2.7410e+01
2.0094e+01 3.1945e+01 4.4254e+01 1.4501e+01 2.7494e+01
2.0181e+01 3.1970e+01 4.4438e+01 1.4570e+01 2.7579e+01
2.0267e+01 3.1992e+01 4.4619e+01 1.4639e+01 2.7665e+01
