1.2324e+00 1.7288e+00 3.6538e+01 1.0971e+00 2.1019e+00
2.2542e+00 4.6205e+00 7.3987e+01 1.6654e+00 6.3036e+00
3.2281e+00 8.3005e+00 1.0246e+02 2.2887e+00 1.1560e+01
3.1972e+00 8.2938e+00 9.8577e+01 2.2089e+00 1.1644e+01
2.9936e+00 8.0282e+00 9.1559e+01 2.0707e+00 1.1386e+01
2.9680e+00 8.1117e+00 8.5447e+01 1.9919e+00 1.2334e+01
2.6712e+00 7.3009e+00 7.6903e+01 1.7927e+00 1.1103e+01
2.4041e+00 6.5710e+00 6.9213e+01 1.6135e+00 9.9935e+00
2.1637e+00 5.9139e+00 6.2292e+01 1.4521e+00 8.9942e+00
1.9475e+00 5.3231e+00 5.6064e+01 1.3070e+00 8.0953e+00
1.7543e+00 4.7925e+00 5.0463e+01 1.1767e+00 7.2881e+00
1.5850e+00 4.3163e+00 4.5438e+01 1.0605e+00 6.5672e+00
1.4315e+00 3.8883e+00 4.0931e+01 9.5659e-01 5.9221e+00
1.2916e+00 3.5031e+00 3.6859e+01 8.6311e-01 5.3391e+00
1.1650e+00 3.1560e+00 3.3191e+01 7.7870e-01 4.8134e+00
1.0519e+00 2.8436e+00 2.9894e+01 7.0249e-01 4.3420e+00
9.5272e-01 2.5631e+00 2.6941e+01 6.3422e-01 3.9222e+00
8.6351e-01 2.3120e+00 2.4305e+01 5.7411e-01 3.5491e+00
7.8636e-01 2.0867e+00 2.1946e+01 5.2073e-01 3.2160e+00
7.1799e-01 1.8846e+00 1.9831e+01 4.7404e-01 2.9178e+00
6.5933e-01 1.7033e+00 1.7928e+01 4.3328e-01 2.6502e+00
6.0766e-01 1.5405e+00 1.6242e+01 3.9869e-01 2.4100e+00
5.6466e-01 1.3944e+00 1.4698e+01 3.6987e-01 2.1939e+00
5.2912e-01 1.2634e+00 1.3307e+01 3.4738e-01 1.9995e+00
5.0087e-01 1.1463e+00 1.2052e+01 3.3198e-01 1.8244e+00
4.8124e-01 1.0417e+00 1.0917e+01 3.2468e-01 1.6666e+00
4.7093e-01 9.4865e-01 9.8896e+00 3.2768e-01 1.5241e+00
4.6963e-01 8.6804e-01 8.9584e+00 3.4687e-01 1.3949e+00
4.7724e-01 7.9915e-01 8.1115e+00 4.0505e-01 1.2771e+00
4.9605e-01 7.4108e-01 7.3398e+00 5.3040e-01 1.1686e+00
5.3672e-01 6.9291e-01 6.6364e+00 6.1896e-01 1.0681e+00
6.5285e-01 6.5361e-01 5.9958e+00 7.5209e-01 9.7594e-01
7.5371e-01 6.2202e-01 5.4147e+00 7.6333e-01 8.9392e-01
7.3639e-01 5.9744e-01 4.8919e+00 7.4360e-01 8.2091e-01
6.9327e-01 5.7922e-01 4.4215e+00 7.1389e-01 7.5598e-01
6.4593e-01 5.6635e-01 3.9982e+00 6.8132e-01 6.9825e-01
6.0222e-01 5.5774e-01 3.6173e+00 6.4886e-01 6.4695e-01
5.6326e-01 5.5250e-01 3.2745e+00 6.1792e-01 6.0138e-01
5.2852e-01 5.4983e-01 2.9660e+00 5.8918e-01 5.6091e-01
4.9755e-01 5.4889e-01 2.6884e+00 5.6300e-01 5.2499e-01
4.6995e-01 5.4926e-01 2.4385e+00 5.3950e-01 4.9311e-01
4.4538e-01 5.5060e-01 2.2136e+00 5.1872e-01 4.6485e-01
4.2355e-01 5.5249e-01 2.0112e+00 5.0062e-01 4.3982e-01
4.0421e-01 5.5460e-01 1.8290e+00 4.8510e-01 4.1769e-01
3.8713e-01 5.5676e-01 1.6650e+00 4.7206e-01 3.9816e-01
3.7213e-01 5.5886e-01 1.5174e+00 4.6138e-01 3.8096e-01
3.5903e-01 5.6069e-01 1.3846e+00 4.5292e-01 3.6585e-01
3.4769e-01 5.6212e-01 1.2650e+00 4.4655e-01 3.5264e-01
3.3795e-01 5.6305e-01 1.1574e+00 4.4215e-01 3.4113e-01
3.2970e-01 5.6352e-01 1.0606e+00 4.3961e-01 3.3116e-01
3.2284e-01 5.6358e-01 9.7339e-01 4.3885e-01 3.2259e-01
3.1727e-01 5.6304e-01 8.9494e-01 4.3977e-01 3.1528e-01
3.1289e-01 5.6172e-01 8.2434e-01 4.4232e-01 3.0913e-01
3.0964e-01 5.5931e-01 7.6079e-01 4.4644e-01 3.0403e-01
3.0744e-01 5.5574e-01 7.0360e-01 4.5213e-01 2.9989e-01
3.0624e-01 5.5093e-01 6.5213e-01 4.5936e-01 2.9662e-01
3.0598e-01 5.4495e-01 6.0580e-01 4.6816e-01 2.9417e-01
3.0663e-01 5.3798e-01 5.6410e-01 4.7857e-01 2.9247e-01
3.0814e-01 5.3021e-01 5.2657e-01 4.9066e-01 2.9146e-01
3.1048e-01 5.2178e-01 4.9278e-01 5.0454e-01 2.9111e-01
3.1365e-01 5.1283e-01 4.6236e-01 5.2034e-01 2.9137e-01
3.1763e-01 5.0348e-01 4.3498e-01 5.3824e-01 2.9222e-01
3.2240e-01 4.9381e-01 4.1032e-01 5.5850e-01 2.9364e-01
3.2799e-01 4.8391e-01 3.8812e-01 5.8140e-01 2.9561e-01
3.3440e-01 4.7384e-01 3.6812e-01 6.0734e-01 2.9812e-01
3.4166e-01 4.6366e-01 3.5010e-01 6.3666e-01 3.0117e-01
3.4981e-01 4.5341e-01 3.3386e-01 6.6997e-01 3.0477e-01
3.5890e-01 4.4314e-01 3.1923e-01 7.0763e-01 3.0892e-01
3.6899e-01 4.3288e-01 3.0604e-01 7.5030e-01 3.1365e-01
3.8018e-01 4.2266e-01 2.9414e-01 7.9821e-01 3.1899e-01
3.9257e-01 4.1250e-01 2.8340e-01 8.5261e-01 3.2496e-01
4.0631e-01 4.0243e-01 2.7371e-01 9.1517e-01 3.3303e-01
4.2157e-01 3.9246e-01 2.6496e-01 9.8769e-01 3.4710e-01
4.3858e-01 3.8261e-01 2.5706e-01 1.0730e+00 3.6877e-01
4.5762e-01 3.7290e-01 2.4991e-01 1.1750e+00 3.9986e-01
4.7904e-01 3.6335e-01 2.4345e-01 1.2947e+00 4.4162e-01
5.0328e-01 3.5397e-01 2.3760e-01 1.4317e+00 4.9145e-01
5.3091e-01 3.4478e-01 2.3230e-01 1.5860e+00 5.3771e-01
5.6267e-01 3.3578e-01 2.2750e-01 1.7528e+00 5.6961e-01
5.9952e-01 3.2699e-01 2.2314e-01 1.9254e+00 5.8511e-01
6.4277e-01 3.1843e-01 2.1918e-01 2.0985e+00 5.9171e-01
6.9421e-01 3.1010e-01 2.1558e-01 2.2653e+00 5.9750e-01
7.5639e-01 3.0202e-01 2.1231e-01 2.4189e+00 6.0357e-01
8.3163e-01 2.9520e-01 2.0932e-01 2.5263e+00 6.1338e-01
9.1935e-01 2.9108e-01 2.0660e-01 2.5553e+00 6.2708e-01
1.0180e+00 2.9111e-01 2.0411e-01 2.5359e+00 6.4490e-01
1.1269e+00 2.9544e-01 2.0183e-01 2.4861e+00 6.6713e-01
1.2455e+00 3.0433e-01 2.0037e-01 2.4172e+00 6.9416e-01
1.3728e+00 3.1822e-01 2.0014e-01 2.3366e+00 7.2647e-01
1.5105e+00 3.3766e-01 2.0100e-01 2.2493e+00 7.6466e-01
1.6513e+00 3.6323e-01 2.0287e-01 2.1588e+00 8.0949e-01
1.7918e+00 4.0350e-01 2.0566e-01 2.0676e+00 8.6190e-01
1.9277e+00 4.4327e-01 2.0935e-01 1.9775e+00 9.2306e-01
2.0458e+00 4.8026e-01 2.1408e-01 1.8894e+00 9.9445e-01
2.1185e+00 5.1433e-01 2.1982e-01 1.8041e+00 1.0780e+00
2.1359e+00 5.4311e-01 2.2653e-01 1.7224e+00 1.1761e+00
2.1191e+00 5.6630e-01 2.3423e-01 1.6447e+00 1.2922e+00
2.0808e+00 5.8445e-01 2.4290e-01 1.5714e+00 1.4310e+00
2.0291e+00 5.9847e-01 2.5255e-01 1.5028e+00 1.5996e+00
1.9695e+00 6.0936e-01 2.6319e-01 1.4388e+00 1.8093e+00
1.9056e+00 6.1800e-01 2.7483e-01 1.3797e+00 2.0336e+00
1.8402e+00 6.2510e-01 2.8749e-01 1.3254e+00 2.2372e+00
1.7752e+00 6.3119e-01 3.0116e-01 1.2759e+00 2.4134e+00
1.7118e+00 6.3667e-01 3.1586e-01 1.2311e+00 2.5602e+00
1.6511e+00 6.4183e-01 3.3158e-01 1.1910e+00 2.6769e+00
1.5939e+00 6.4688e-01 3.4830e-01 1.1555e+00 2.7640e+00
1.5405e+00 6.5199e-01 3.6601e-01 1.1244e+00 2.8222e+00
1.4914e+00 6.5729e-01 3.8468e-01 1.0977e+00 2.8547e+00
1.4469e+00 6.6286e-01 4.0429e-01 1.0752e+00 2.8655e+00
1.4072e+00 6.6880e-01 4.2481e-01 1.0568e+00 2.8563e+00
1.3725e+00 6.7515e-01 4.4620e-01 1.0427e+00 2.8299e+00
1.3430e+00 6.8195e-01 4.6847e-01 1.0328e+00 2.7909e+00
1.3187e+00 6.8919e-01 4.9157e-01 1.0270e+00 2.7414e+00
1.3001e+00 6.9685e-01 5.1550e-01 1.0255e+00 2.6840e+00
1.2876e+00 7.0487e-01 5.4023e-01 1.0282e+00 2.6208e+00
1.2817e+00 7.1314e-01 5.6575e-01 1.0354e+00 2.5519e+00
1.2833e+00 7.2153e-01 5.9203e-01 1.0475e+00 2.4781e+00
1.2935e+00 7.2990e-01 6.1904e-01 1.0648e+00 2.4010e+00
1.3141e+00 7.3808e-01 6.4671e-01 1.0879e+00 2.3307e+00
1.3477e+00 7.4588e-01 6.7497e-01 1.1176e+00 2.2782e+00
1.3985e+00 7.5311e-01 7.0372e-01 1.1547e+00 2.2431e+00
1.4734e+00 7.5955e-01 7.3279e-01 1.2004e+00 2.2253e+00
1.5853e+00 7.6496e-01 7.6196e-01 1.2564e+00 2.2248e+00
1.7593e+00 7.6907e-01 7.9090e-01 1.3250e+00 2.2424e+00
2.0306e+00 7.7158e-01 8.1913e-01 1.4095e+00 2.2799e+00
2.3103e+00 7.7213e-01 8.4605e-01 1.5137e+00 2.3393e+00
2.4306e+00 7.7029e-01 8.7081e-01 1.6423e+00 2.4227e+00
2.4271e+00 7.6563e-01 8.9216e-01 1.8052e+00 2.5282e+00
2.3494e+00 7.5795e-01 9.0859e-01 2.0214e+00 2.6381e+00
2.2307e+00 7.4769e-01 9.1856e-01 2.3155e+00 2.7247e+00
2.0948e+00 7.3610e-01 9.2177e-01 2.5934e+00 2.7649e+00
1.9573e+00 7.2786e-01 9.2438e-01 2.7052e+00 2.7648e+00
1.8269e+00 7.2658e-01 9.3208e-01 2.7184e+00 2.7430e+00
1.7096e+00 7.2985e-01 9.4156e-01 2.6779e+00 2.7359e+00
1.6096e+00 7.3596e-01 9.5008e-01 2.6074e+00 2.7573e+00
1.5254e+00 7.4384e-01 9.5648e-01 2.5201e+00 2.8167e+00
1.4553e+00 7.5277e-01 9.6049e-01 2.4230e+00 2.9437e+00
1.3976e+00 7.6228e-01 9.6225e-01 2.3205e+00 3.0888e+00
1.3506e+00 7.7232e-01 9.6210e-01 2.2193e+00 3.1507e+00
1.3136e+00 7.8328e-01 9.6061e-01 2.1324e+00 3.1256e+00
1.2862e+00 7.9545e-01 9.5847e-01 2.0576e+00 3.0475e+00
1.2686e+00 8.0871e-01 9.5628e-01 1.9931e+00 2.9450e+00
1.2606e+00 8.2292e-01 9.5446e-01 1.9374e+00 2.8314e+00
1.2614e+00 8.3795e-01 9.5331e-01 1.8896e+00 2.7145e+00
1.2697e+00 8.5367e-01 9.5301e-01 1.8486e+00 2.5987e+00
1.2841e+00 8.7002e-01 9.5371e-01 1.8137e+00 2.4864e+00
1.3035e+00 8.8706e-01 9.5555e-01 1.7842e+00 2.3861e+00
1.3267e+00 9.0484e-01 9.5866e-01 1.7595e+00 2.2979e+00
1.3527e+00 9.2342e-01 9.6310e-01 1.7391e+00 2.2207e+00
1.3808e+00 9.4288e-01 9.6891e-01 1.7225e+00 2.1536e+00
1.4103e+00 9.6332e-01 9.7613e-01 1.7093e+00 2.0956e+00
1.4406e+00 9.8484e-01 9.8478e-01 1.6991e+00 2.0460e+00
1.4712e+00 1.0076e+00 9.9487e-01 1.6916e+00 2.0038e+00
1.5017e+00 1.0316e+00 1.0064e+00 1.6865e+00 1.9683e+00
1.5319e+00 1.0571e+00 1.0194e+00 1.6834e+00 1.9390e+00
1.5614e+00 1.0841e+00 1.0338e+00 1.6822e+00 1.9150e+00
1.5903e+00 1.1129e+00 1.0497e+00 1.6824e+00 1.8960e+00
1.6184e+00 1.1434e+00 1.0670e+00 1.6839e+00 1.8812e+00
1.6458e+00 1.1759e+00 1.0857e+00 1.6865e+00 1.8704e+00
1.6726e+00 1.2106e+00 1.1060e+00 1.6902e+00 1.8630e+00
1.6991e+00 1.2475e+00 1.1277e+00 1.6948e+00 1.8586e+00
1.7257e+00 1.2870e+00 1.1508e+00 1.7002e+00 1.8570e+00
1.7526e+00 1.3291e+00 1.1755e+00 1.7064e+00 1.8578e+00
1.7797e+00 1.3743e+00 1.2015e+00 1.7133e+00 1.8608e+00
1.8072e+00 1.4224e+00 1.2290e+00 1.7209e+00 1.8658e+00
1.8355e+00 1.4737e+00 1.2578e+00 1.7292e+00 1.8725e+00
1.8648e+00 1.5281e+00 1.2880e+00 1.7489e+00 1.8808e+00
1.8950e+00 1.5858e+00 1.3195e+00 1.7838e+00 1.8907e+00
1.9257e+00 1.6468e+00 1.3521e+00 1.8340e+00 1.9019e+00
1.9567e+00 1.7113e+00 1.3860e+00 1.8985e+00 1.9145e+00
1.9879e+00 1.7793e+00 1.4209e+00 1.9779e+00 1.9285e+00
2.0191e+00 1.8509e+00 1.4568e+00 2.0737e+00 1.9439e+00
2.0501e+00 1.9264e+00 1.4937e+00 2.1883e+00 1.9607e+00
2.0807e+00 2.0056e+00 1.5316e+00 2.3246e+00 1.9790e+00
2.1105e+00 2.0888e+00 1.5704e+00 2.4845e+00 1.9988e+00
2.1401e+00 2.1766e+00 1.6108e+00 2.6714e+00 2.0208e+00
2.1689e+00 2.2690e+00 1.6526e+00 2.8798e+00 2.0448e+00
2.1967e+00 2.3660e+00 1.6958e+00 3.0913e+00 2.0708e+00
2.2230e+00 2.4674e+00 1.7404e+00 3.2721e+00 2.0987e+00
2.2478e+00 2.5730e+00 1.7863e+00 3.4010e+00 2.1285e+00
2.2711e+00 2.6831e+00 1.8336e+00 3.4798e+00 2.1603e+00
2.2949e+00 2.8003e+00 1.8842e+00 3.5181e+00 2.1960e+00
2.3187e+00 2.9243e+00 1.9377e+00 3.5214e+00 2.2354e+00
2.3423e+00 3.0547e+00 1.9939e+00 3.4990e+00 2.2783e+00
2.3655e+00 3.1910e+00 2.0527e+00 3.4582e+00 2.3246e+00
2.3881e+00 3.3327e+00 2.1137e+00 3.4043e+00 2.3742e+00
2.4098e+00 3.4793e+00 2.1769e+00 3.3411e+00 2.4270e+00
2.4308e+00 3.6303e+00 2.2418e+00 3.2719e+00 2.4830e+00
2.4508e+00 3.7848e+00 2.3084e+00 3.1993e+00 2.5421e+00
2.4701e+00 3.9421e+00 2.3763e+00 3.1256e+00 2.6043e+00
2.4886e+00 4.1014e+00 2.4454e+00 3.0526e+00 2.6696e+00
2.5064e+00 4.2618e+00 2.5153e+00 2.9816e+00 2.7379e+00
2.5237e+00 4.4224e+00 2.5857e+00 2.9166e+00 2.8093e+00
2.5405e+00 4.5821e+00 2.6562e+00 2.8612e+00 2.8838e+00
2.5572e+00 4.7395e+00 2.7255e+00 2.8148e+00 2.9613e+00
2.5740e+00 4.8931e+00 2.7918e+00 2.7765e+00 3.0418e+00
2.5910e+00 5.0415e+00 2.8545e+00 2.7458e+00 3.1252e+00
2.6085e+00 5.1832e+00 2.9130e+00 2.7220e+00 3.2112e+00
2.6264e+00 5.3169e+00 2.9668e+00 2.7044e+00 3.2996e+00
2.6449e+00 5.4413e+00 3.0156e+00 2.6924e+00 3.3900e+00
2.6634e+00 5.5553e+00 3.0591e+00 2.6852e+00 3.4817e+00
2.6813e+00 5.6583e+00 3.0970e+00 2.6818e+00 3.5740e+00
2.6975e+00 5.7499e+00 3.1296e+00 2.6895e+00 3.6657e+00
2.7117e+00 5.8295e+00 3.1567e+00 2.7084e+00 3.7560e+00
2.7237e+00 5.8966e+00 3.1785e+00 2.7378e+00 3.8442e+00
2.7335e+00 5.9505e+00 3.1952e+00 2.7767e+00 3.9297e+00
2.7412e+00 5.9908e+00 3.2073e+00 2.8239e+00 4.0126e+00
2.7469e+00 6.0178e+00 3.2154e+00 2.8781e+00 4.0929e+00
2.7505e+00 6.0320e+00 3.2199e+00 2.9385e+00 4.1709e+00
2.7522e+00 6.0346e+00 3.2217e+00 3.0044e+00 4.2472e+00
2.7520e+00 6.0266e+00 3.2210e+00 3.0766e+00 4.3224e+00
2.7502e+00 6.0093e+00 3.2181e+00 3.1572e+00 4.3977e+00
2.7475e+00 5.9845e+00 3.2134e+00 3.2500e+00 4.4746e+00
2.7450e+00 5.9544e+00 3.2077e+00 3.3608e+00 4.5552e+00
2.7442e+00 5.9217e+00 3.2019e+00 3.4963e+00 4.6421e+00
2.7462e+00 5.8891e+00 3.1971e+00 3.6628e+00 4.7379e+00
2.7521e+00 5.8595e+00 3.1946e+00 3.8575e+00 4.8452e+00
2.7625e+00 5.8349e+00 3.1954e+00 4.0715e+00 4.9655e+00
2.7776e+00 5.8166e+00 3.2002e+00 4.2911e+00 5.0997e+00
2.7971e+00 5.8055e+00 3.2094e+00 4.5052e+00 5.2484e+00
2.8206e+00 5.8022e+00 3.2234e+00 4.7058e+00 5.4118e+00
2.8479e+00 5.8068e+00 3.2423e+00 4.8863e+00 5.5896e+00
2.8789e+00 5.8193e+00 3.2661e+00 5.0449e+00 5.7815e+00
2.9137e+00 5.8398e+00 3.2951e+00 5.1805e+00 5.9868e+00
2.9525e+00 5.8681e+00 3.3290e+00 5.2933e+00 6.2039e+00
2.9953e+00 5.9041e+00 3.3679e+00 5.3851e+00 6.4323e+00
3.0422e+00 5.9477e+00 3.4115e+00 5.4579e+00 6.6713e+00
3.0932e+00 5.9987e+00 3.4597e+00 5.5139e+00 6.9204e+00
3.1480e+00 6.0567e+00 3.5121e+00 5.5554e+00 7.1782e+00
3.2070e+00 6.1213e+00 3.5683e+00 5.5844e+00 7.4439e+00
3.2700e+00 6.1921e+00 3.6279e+00 5.6023e+00 7.7157e+00
3.3372e+00 6.2688e+00 3.6904e+00 5.6110e+00 7.9905e+00
3.4085e+00 6.3509e+00 3.7551e+00 5.6121e+00 8.2665e+00
3.4841e+00 6.4378e+00 3.8217e+00 5.6076e+00 8.5421e+00
3.5639e+00 6.5281e+00 3.8897e+00 5.5989e+00 8.8153e+00
3.6479e+00 6.6215e+00 3.9584e+00 5.5873e+00 9.0847e+00
3.7363e+00 6.7179e+00 4.0273e+00 5.5742e+00 9.3493e+00
3.8290e+00 6.8169e+00 4.0959e+00 5.5604e+00 9.6080e+00
3.9261e+00 6.9176e+00 4.1640e+00 5.5466e+00 9.8599e+00
4.0275e+00 7.0193e+00 4.2313e+00 5.5332e+00 1.0104e+01
4.1334e+00 7.1219e+00 4.2973e+00 5.5208e+00 1.0340e+01
4.2436e+00 7.2250e+00 4.3617e+00 5.5100e+00 1.0567e+01
4.3582e+00 7.3285e+00 4.4243e+00 5.5011e+00 1.0787e+01
4.4774e+00 7.4327e+00 4.4940e+00 5.4944e+00 1.0998e+01
4.6011e+00 7.5379e+00 4.5711e+00 5.4901e+00 1.1202e+01
4.7295e+00 7.6441e+00 4.6513e+00 5.4884e+00 1.1398e+01
4.8625e+00 7.7516e+00 4.7342e+00 5.4892e+00 1.1586e+01
5.0002e+00 7.8607e+00 4.8176e+00 5.4925e+00 1.1768e+01
5.1426e+00 7.9715e+00 4.8979e+00 5.4982e+00 1.1944e+01
5.2896e+00 8.0840e+00 4.9703e+00 5.5061e+00 1.2113e+01
5.4414e+00 8.1986e+00 5.0327e+00 5.5162e+00 1.2277e+01
5.5979e+00 8.3155e+00 5.0843e+00 5.5283e+00 1.2435e+01
5.7593e+00 8.4350e+00 5.1239e+00 5.5423e+00 1.2589e+01
5.9257e+00 8.5572e+00 5.1528e+00 5.5579e+00 1.2739e+01
6.0971e+00 8.6822e+00 5.1798e+00 5.5748e+00 1.2884e+01
6.2735e+00 8.8103e+00 5.2075e+00 5.5930e+00 1.3027e+01
6.4553e+00 8.9415e+00 5.2360e+00 5.6122e+00 1.3166e+01
6.6422e+00 9.0759e+00 5.2651e+00 5.6413e+00 1.3303e+01
6.8346e+00 9.2134e+00 5.2947e+00 5.6820e+00 1.3437e+01
7.0324e+00 9.3542e+00 5.3250e+00 5.7333e+00 1.3570e+01
7.2358e+00 9.4984e+00 5.3559e+00 5.7944e+00 1.3701e+01
7.4449e+00 9.6460e+00 5.3873e+00 5.8647e+00 1.3830e+01
7.6597e+00 9.7971e+00 5.4192e+00 5.9435e+00 1.3958e+01
7.8804e+00 9.9518e+00 5.4516e+00 6.0302e+00 1.4084e+01
8.1071e+00 1.0110e+01 5.4844e+00 6.1242e+00 1.4210e+01
8.3398e+00 1.0273e+01 5.5176e+00 6.2251e+00 1.4335e+01
8.5786e+00 1.0439e+01 5.5513e+00 6.3322e+00 1.4459e+01
8.8236e+00 1.0609e+01 5.5853e+00 6.4453e+00 1.4582e+01
9.0748e+00 1.0783e+01 5.6196e+00 6.5639e+00 1.4705e+01
9.3322e+00 1.0961e+01 5.6543e+00 6.6877e+00 1.4828e+01
9.5959e+00 1.1144e+01 5.6894e+00 6.8165e+00 1.4950e+01
9.8659e+00 1.1331e+01 5.7249e+00 6.9498e+00 1.5071e+01
1.0142e+01 1.1522e+01 5.7607e+00 7.0874e+00 1.5191e+01
1.0426e+01 1.1718e+01 5.7969e+00 7.2288e+00 1.5311e+01
1.0715e+01 1.1918e+01 5.8335e+00 7.3738e+00 1.5429e+01
1.1012e+01 1.2123e+01 5.8706e+00 7.5222e+00 1.5544e+01
1.1315e+01 1.2333e+01 5.9081e+00 7.6738e+00 1.5659e+01
1.1625e+01 1.2547e+01 5.9460e+00 7.8285e+00 1.5771e+01
1.1941e+01 1.2767e+01 5.9844e+00 7.9859e+00 1.5882e+01
1.2265e+01 1.2991e+01 6.0231e+00 8.1458e+00 1.5992e+01
1.2595e+01 1.3221e+01 6.0624e+00 8.3079e+00 1.6101e+01
1.2933e+01 1.3455e+01 6.1021e+00 8.4720e+00 1.6209e+01
1.3277e+01 1.3695e+01 6.1423e+00 8.6379e+00 1.6316e+01
1.3629e+01 1.3940e+01 6.1829e+00 8.8054e+00 1.6423e+01
1.3987e+01 1.4190e+01 6.2241e+00 8.9744e+00 1.6530e+01
1.4353e+01 1.4446e+01 6.2657e+00 9.1446e+00 1.6637e+01
1.4726e+01 1.4707e+01 6.3077e+00 9.3159e+00 1.6744e+01
1.5105e+01 1.4975e+01 6.3502e+00 9.4883e+00 1.6851e+01
1.5492e+01 1.5249e+01 6.3932e+00 9.6614e+00 1.6958e+01
1.5886e+01 1.5529e+01 6.4365e+00 9.8353e+00 1.7065e+01
1.6287e+01 1.5815e+01 6.4802e+00 1.0010e+01 1.7172e+01
1.6695e+01 1.6109e+01 6.5243e+00 1.0184e+01 1.7280e+01
1.7109e+01 1.6409e+01 6.5688e+00 1.0359e+01 1.7387e+01
1.7530e+01 1.6717e+01 6.6136e+00 1.0535e+01 1.7495e+01
1.7957e+01 1.7032e+01 6.6587e+00 1.0710e+01 1.7603e+01
1.8391e+01 1.7354e+01 6.7041e+00 1.0886e+01 1.7711e+01
1.8830e+01 1.7685e+01 6.7499e+00 1.1062e+01 1.7819e+01
1.9274e+01 1.8023e+01 6.7959e+00 1.1239e+01 1.7927e+01
1.9722e+01 1.8370e+01 6.8423e+00 1.1416e+01 1.8035e+01
2.0175e+01 1.8726e+01 6.8890e+00 1.1593e+01 1.8143e+01
2.0632e+01 1.9090e+01 6.9359e+00 1.1771e+01 1.8251e+01
2.1091e+01 1.9464e+01 6.9832e+00 1.1948e+01 1.8360e+01
2.1552e+01 1.9846e+01 7.0307e+00 1.2125e+01 1.8469e+01
2.2014e+01 2.0237e+01 7.0784e+00 1.2302e+01 1.8578e+01
2.2475e+01 2.0637e+01 7.1264e+00 1.2479e+01 1.8688e+01
2.2935e+01 2.1079e+01 7.1745e+00 1.2656e+01 1.8798e+01
2.3395e+01 2.1585e+01 7.2227e+00 1.2832e+01 1.8909e+01
2.3852e+01 2.2152e+01 7.2710e+00 1.3008e+01 1.9020e+01
2.4305e+01 2.2780e+01 7.3192e+00 1.3184e+01 1.9131e+01
2.4756e+01 2.3470e+01 7.3675e+00 1.3360e+01 1.9243e+01
2.5201e+01 2.4221e+01 7.4157e+00 1.3535e+01 1.9356e+01
2.5642e+01 2.5032e+01 7.4639e+00 1.3709e+01 1.9470e+01
2.6078e+01 2.5902e+01 7.5119e+00 1.3882e+01 1.9585e+01
2.6511e+01 2.6832e+01 7.5599e+00 1.4055e+01 1.9700e+01
2.6938e+01 2.7821e+01 7.6077e+00 1.4227e+01 1.9816e+01
2.7360e+01 2.8867e+01 7.6554e+00 1.4397e+01 1.9933e+01
2.7777e+01 2.9967e+01 7.7026e+00 1.4566e+01 2.0052e+01
2.8216e+01 3.1120e+01 7.7495e+00 1.4734e+01 2.0171e+01
2.8722e+01 3.2318e+01 7.7959e+00 1.4900e+01 2.0291e+01
2.9289e+01 3.3548e+01 7.8418e+00 1.5065e+01 2.0411e+01
2.9917e+01 3.4804e+01 7.8874e+00 1.5228e+01 2.0533e+01
3.0603e+01 3.6074e+01 7.9325e+00 1.5389e+01 2.0656e+01
3.1343e+01 3.7349e+01 7.9772e+00 1.5548e+01 2.0779e+01
3.2136e+01 3.8612e+01 8.0215e+00 1.5706e+01 2.0904e+01
3.2980e+01 3.9842e+01 8.0654e+00 1.5862e+01 2.1029e+01
3.3876e+01 4.1019e+01 8.1089e+00 1.6016e+01 2.1155e+01
3.4820e+01 4.2123e+01 8.1520e+00 1.6168e+01 2.1282e+01
3.5810e+01 4.3140e+01 8.1948e+00 1.6318e+01 2.1410e+01
3.6848e+01 4.4056e+01 8.2371e+00 1.6467e+01 2.1539e+01
3.7933e+01 4.4861e+01 8.2791e+00 1.6614e+01 2.1668e+01
3.9064e+01 4.5551e+01 8.3208e+00 1.6759e+01 2.1798e+01
4.0240e+01 4.6123e+01 8.3621e+00 1.6902e+01 2.1929e+01
4.1462e+01 4.6581e+01 8.4031e+00 1.7043e+01 2.2061e+01
4.2725e+01 4.6925e+01 8.4438e+00 1.7182e+01 2.2193e+01
4.4036e+01 4.7164e+01 8.4841e+00 1.7319e+01 2.2326e+01
4.5390e+01 4.7304e+01 8.5241e+00 1.7454e+01 2.2460e+01
4.6784e+01 4.7352e+01 8.5637e+00 1.7587e+01 2.2594e+01
4.8223e+01 4.7318e+01 8.6028e+00 1.7718e+01 2.2729e+01
4.9708e+01 4.7211e+01 8.6416e+00 1.7847e+01 2.2865e+01
5.1231e+01 4.7038e+01 8.6800e+00 1.7973e+01 2.3000e+01
5.2793e+01 4.6807e+01 8.7178e+00 1.8098e+01 2.3137e+01
5.4396e+01 4.6526e+01 8.7549e+00 1.8220e+01 2.3273e+01
5.6041e+01 4.6201e+01 8.7915e+00 1.8341e+01 2.3410e+01
5.7725e+01 4.5837e+01 8.8275e+00 1.8458e+01 2.3547e+01
5.9445e+01 4.5441e+01 8.8628e+00 1.8573e+01 2.3684e+01
6.1199e+01 4.5020e+01 8.8975e+00 1.8686e+01 2.3821e+01
6.2978e+01 4.4576e+01 8.9315e+00 1.8796e+01 2.3959e+01
6.4782e+01 4.4114e+01 8.9649e+00 1.8903e+01 2.4096e+01
6.6602e+01 4.3639e+01 8.9977e+00 1.9008e+01 2.4233e+01
6.8442e+01 4.3153e+01 9.0299e+00 1.9110e+01 2.4370e+01
7.0287e+01 4.2660e+01 9.0614e+00 1.9209e+01 2.4507e+01
7.2124e+01 4.2161e+01 9.0923e+00 1.9306e+01 2.4644e+01
7.3945e+01 4.1659e+01 9.1225e+00 1.9401e+01 2.4781e+01
7.5748e+01 4.1157e+01 9.1520e+00 1.9494e+01 2.4917e+01
7.7520e+01 4.0657e+01 9.1810e+00 1.9583e+01 2.5053e+01
7.9252e+01 4.0158e+01 9.2093e+00 1.9671e+01 2.5189e+01
8.0930e+01 3.9665e+01 9.2370e+00 1.9757e+01 2.5324e+01
8.2545e+01 3.9178e+01 9.2640e+00 1.9841e+01 2.5459e+01
8.4082e+01 3.8697e+01 9.2904e+00 1.9922e+01 2.5593e+01
8.5533e+01 3.8224e+01 9.3160e+00 2.0001e+01 2.5727e+01
8.6894e+01 3.7759e+01 9.3410e+00 2.0077e+01 2.5861e+01
8.8158e+01 3.7303e+01 9.3654e+00 2.0151e+01 2.5993e+01
8.9310e+01 3.6856e+01 9.3890e+00 2.0222e+01 2.6125e+01
9.0349e+01 3.6418e+01 9.4121e+00 2.0292e+01 2.6257e+01
9.1276e+01 3.5990e+01 9.4345e+00 2.0358e+01 2.6388e+01
9.2086e+01 3.5571e+01 9.4562e+00 2.0423e+01 2.6517e+01
9.2778e+01 3.5161e+01 9.4773e+00 2.0486e+01 2.6647e+01
9.3352e+01 3.4761e+01 9.4978e+00 2.0546e+01 2.6775e+01
9.3817e+01 3.4370e+01 9.5176e+00 2.0603e+01 2.6903e+01
9.4175e+01 3.3989e+01 9.5368e+00 2.0658e+01 2.7029e+01
9.4431e+01 3.3618e+01 9.5552e+00 2.0711e+01 2.7155e+01
9.4595e+01 3.3255e+01 9.5730e+00 2.0763e+01 2.7280e+01
9.4666e+01 3.2902e+01 9.5902e+00 2.0811e+01 2.7404e+01
9.4657e+01 3.2558e+01 9.6068e+00 2.0857e+01 2.7528e+01
9.4575e+01 3.2223e+01 9.6228e+00 2.0902e+01 2.7650e+01
9.4430e+01 3.1897e+01 9.6383e+00 2.0944e+01 2.7771e+01
9.4234e+01 3.1580e+01 9.6534e+00 2.0984e+01 2.7892e+01
9.3982e+01 3.1271e+01 9.6679e+00 2.1020e+01 2.8011e+01
9.3694e+01 3.0970e+01 9.6820e+00 2.1056e+01 2.8129e+01
9.3374e+01 3.0676e+01 9.6956e+00 2.1089e+01 2.8247e+01
9.3026e+01 3.0391e+01 9.7087e+00 2.1119e+01 2.8363e+01
9.2654e+01 3.0113e+01 9.7214e+00 2.1148e+01 2.8478e+01
9.2266e+01 2.9842e+01 9.7335e+00 2.1175e+01 2.8591e+01
9.1868e+01 2.9579e+01 9.7451e+00 2.1199e+01 2.8704e+01
9.1456e+01 2.9323e+01 9.7560e+00 2.1221e+01 2.8815e+01
9.1039e+01 2.9073e+01 9.7665e+00 2.1241e+01 2.8925e+01
9.0622e+01 2.8830e+01 9.7765e+00 2.1258e+01 2.9034e+01
9.0210e+01 2.8594e+01 9.7860e+00 2.1273e+01 2.9141e+01
8.9803e+01 2.8364e+01 9.7951e+00 2.1286e+01 2.9247e+01
8.9405e+01 2.8140e+01 9.8037e+00 2.1298e+01 2.9351e+01
8.9008e+01 2.7922e+01 9.8120e+00 2.1306e+01 2.9454e+01
8.8629e+01 2.7709e+01 9.8200e+00 2.1312e+01 2.9555e+01
8.8264e+01 2.7501e+01 9.8277e+00 2.1316e+01 2.9654e+01
8.7902e+01 2.7299e+01 9.8351e+00 2.1318e+01 2.9751e+01
8.7552e+01 2.7102e+01 9.8423e+00 2.1316e+01 2.9846e+01
8.7219e+01 2.6911e+01 9.8492e+00 2.1313e+01 2.9939e+01
8.6914e+01 2.6723e+01 9.8559e+00 2.1309e+01 3.0031e+01
8.6627e+01 2.6541e+01 9.8624e+00 2.1302e+01 3.0120e+01
8.6349e+01 2.6363e+01 9.8687e+00 2.1292e+01 3.0207e+01
8.6091e+01 2.6189e+01 9.8748e+00 2.1281e+01 3.0292e+01
8.5855e+01 2.6019e+01 9.8807e+00 2.1267e+01 3.0375e+01
8.5637e+01 2.5854e+01 9.8864e+00 2.1252e+01 3.0455e+01
8.5437e+01 2.5692e+01 9.8918e+00 2.1234e+01 3.0534e+01
8.5254e+01 2.5534e+01 9.8970e+00 2.1214e+01 3.0610e+01
8.5091e+01 2.5380e+01 9.9020e+00 2.1191e+01 3.0683e+01
8.4944e+01 2.5229e+01 9.9066e+00 2.1166e+01 3.0755e+01
8.4821e+01 2.5081e+01 9.9110e+00 2.1139e+01 3.0824e+01
8.4722e+01 2.4936e+01 9.9152e+00 2.1110e+01 3.0891e+01
8.4642e+01 2.4795e+01 9.9192e+00 2.1079e+01 3.0955e+01
8.4582e+01 2.4657e+01 9.9231e+00 2.1047e+01 3.1016e+01
8.4537e+01 2.4521e+01 9.9268e+00 2.1014e+01 3.1075e+01
8.4508e+01 2.4389e+01 9.9304e+00 2.0982e+01 3.1131e+01
8.4508e+01 2.4259e+01 9.9340e+00 2.0954e+01 3.1184e+01
8.4534e+01 2.4132e+01 9.9374e+00 2.0929e+01 3.1235e+01
8.4564e+01 2.4007e+01 9.9408e+00 2.0904e+01 3.1281e+01
