1.2478e+02 2.8866e+01 4.1313e+01 8.8232e+02 5.1705e+02
1.6641e+02 4.0436e+01 5.7018e+01 1.1655e+03 6.5783e+02
1.5008e+02 3.6474e+01 5.1434e+01 1.0511e+03 5.9276e+02
1.3984e+02 3.3822e+01 4.7728e+01 9.7510e+02 5.4210e+02
1.3101e+02 3.1442e+01 4.4499e+01 9.0658e+02 4.9462e+02
1.1914e+02 2.8525e+01 4.0439e+01 8.2269e+02 4.4640e+02
1.0770e+02 2.5771e+01 3.6576e+01 7.4340e+02 4.0219e+02
9.7547e+01 2.3319e+01 3.3180e+01 6.7262e+02 3.6240e+02
8.8675e+01 2.1176e+01 3.0344e+01 6.1010e+02 3.2664e+02
8.0818e+01 1.9292e+01 2.8123e+01 5.5384e+02 2.9440e+02
7.3953e+01 1.7699e+01 2.7673e+01 5.0350e+02 2.6536e+02
6.8188e+01 1.6473e+01 2.6986e+01 4.5966e+02 2.3934e+02
6.3382e+01 1.5429e+01 2.5612e+01 4.2164e+02 2.1604e+02
5.8204e+01 1.4192e+01 2.3586e+01 3.8383e+02 1.9481e+02
5.2533e+01 1.2821e+01 2.1275e+01 3.4610e+02 1.7540e+02
4.7281e+01 1.1540e+01 1.9148e+01 3.1150e+02 1.5786e+02
4.2705e+01 1.0449e+01 1.7276e+01 2.8102e+02 1.4215e+02
3.9480e+01 9.8376e+00 1.5870e+01 2.5771e+02 1.2851e+02
3.7696e+01 9.7509e+00 1.5082e+01 2.4190e+02 1.1740e+02
3.4496e+01 9.0438e+00 1.3789e+01 2.2030e+02 1.0646e+02
3.1326e+01 8.2795e+00 1.2496e+01 1.9957e+02 9.6141e+01
2.8675e+01 7.6904e+00 1.1399e+01 1.8186e+02 8.7097e+01
2.6870e+01 7.4372e+00 1.0618e+01 1.6862e+02 7.9803e+01
2.5290e+01 7.2297e+00 9.9566e+00 1.5684e+02 7.3424e+01
2.3527e+01 6.8797e+00 9.2399e+00 1.4462e+02 6.7224e+01
2.1757e+01 6.4798e+00 8.5120e+00 1.3279e+02 6.1398e+01
2.0278e+01 6.1769e+00 7.8944e+00 1.2262e+02 5.6316e+01
1.9253e+01 6.0510e+00 7.4600e+00 1.1475e+02 5.2159e+01
1.8123e+01 5.8377e+00 6.9954e+00 1.0669e+02 4.8117e+01
1.6885e+01 5.5401e+00 6.4860e+00 9.8468e+01 4.4168e+01
1.5879e+01 5.3233e+00 6.0639e+00 9.1477e+01 4.0758e+01
1.4852e+01 5.0655e+00 5.6269e+00 8.4640e+01 3.7508e+01
1.4441e+01 5.0695e+00 5.4278e+00 8.0422e+01 3.5222e+01
1.3715e+01 4.8995e+00 5.1305e+00 7.5097e+01 3.2656e+01
1.2746e+01 4.5954e+00 4.7403e+00 6.9048e+01 2.9925e+01
1.2194e+01 4.4612e+00 4.4961e+00 6.4703e+01 2.7837e+01
1.1994e+01 4.4601e+00 4.4115e+00 6.1698e+01 2.6235e+01
1.0798e+01 4.0157e+00 3.9711e+00 5.5541e+01 2.3614e+01
1.0925e+01 4.1195e+00 3.9870e+00 5.3938e+01 2.2514e+01
1.0894e+01 4.1539e+00 4.1835e+00 5.1869e+01 2.1275e+01
9.8200e+00 3.7463e+00 3.7699e+00 4.6721e+01 1.9164e+01
8.8985e+00 3.3991e+00 3.4124e+00 4.2220e+01 1.7308e+01
9.6284e+00 3.7373e+00 3.8233e+00 4.2846e+01 1.6993e+01
9.3031e+00 3.6467e+00 3.7307e+00 4.0429e+01 1.5858e+01
8.5982e+00 3.3894e+00 3.4386e+00 3.7048e+01 1.4485e+01
8.5788e+00 3.4497e+00 3.4533e+00 3.5921e+01 1.3776e+01
8.8591e+00 3.6455e+00 3.7145e+00 3.5643e+01 1.3333e+01
8.0429e+00 3.3172e+00 3.3701e+00 3.2272e+01 1.2065e+01
7.2426e+00 2.9875e+00 3.0345e+00 2.9056e+01 1.0862e+01
6.5229e+00 2.6910e+00 2.7328e+00 2.6164e+01 9.7789e+00
5.8758e+00 2.4243e+00 2.4612e+00 2.3563e+01 8.8050e+00
5.2939e+00 2.1846e+00 2.2171e+00 2.1226e+01 7.9288e+00
4.7707e+00 1.9691e+00 1.9977e+00 1.9128e+01 7.1408e+00
4.3004e+00 1.7756e+00 1.8004e+00 1.7246e+01 6.4320e+00
3.8777e+00 1.6018e+00 1.6231e+00 1.5558e+01 5.7947e+00
3.4976e+00 1.4459e+00 1.4639e+00 1.4045e+01 5.2216e+00
3.1561e+00 1.3060e+00 1.3208e+00 1.2688e+01 4.7067e+00
2.8491e+00 1.1806e+00 1.1925e+00 1.1471e+01 4.2443e+00
2.5732e+00 1.0683e+00 1.0772e+00 1.0378e+01 3.8293e+00
2.3253e+00 9.6764e-01 9.7387e-01 9.3972e+00 3.4568e+00
2.1026e+00 8.7754e-01 8.8115e-01 8.5162e+00 3.1226e+00
1.9026e+00 7.9693e-01 7.9804e-01 7.7256e+00 2.8227e+00
1.7230e+00 7.2490e-01 7.2358e-01 7.0172e+00 2.5539e+00
1.5622e+00 6.6073e-01 6.5700e-01 6.3852e+00 2.3137e+00
1.4191e+00 6.0432e-01 5.9804e-01 5.8299e+00 2.1009e+00
1.2967e+00 5.5879e-01 5.4870e-01 5.3810e+00 1.9217e+00
1.2175e+00 5.4026e-01 5.2006e-01 5.1651e+00 1.8068e+00
1.2224e+00 5.7706e-01 5.3064e-01 5.3889e+00 1.8131e+00
1.3219e+00 6.7421e-01 5.8098e-01 6.0982e+00 1.9479e+00
1.5141e+00 8.2689e-01 6.6490e-01 7.2224e+00 2.1977e+00
1.8058e+00 1.0360e+00 7.7994e-01 8.6519e+00 2.5603e+00
2.1963e+00 1.2978e+00 9.2096e-01 1.0229e+01 3.0244e+00
2.6772e+00 1.6043e+00 1.0811e+00 1.1825e+01 3.5897e+00
3.2416e+00 1.9510e+00 1.2559e+00 1.3380e+01 4.2473e+00
3.8843e+00 2.3355e+00 1.4425e+00 1.4873e+01 4.9893e+00
4.5911e+00 2.7533e+00 1.6372e+00 1.6326e+01 5.8029e+00
5.3487e+00 3.2014e+00 1.8375e+00 1.7737e+01 6.6793e+00
6.1444e+00 3.6765e+00 2.0411e+00 1.9089e+01 7.6093e+00
6.9642e+00 4.1753e+00 2.2462e+00 2.0372e+01 8.5854e+00
7.7951e+00 4.6950e+00 2.4512e+00 2.1581e+01 9.6002e+00
8.6249e+00 5.2322e+00 2.6548e+00 2.2711e+01 1.0644e+01
9.4426e+00 5.7827e+00 2.8556e+00 2.3759e+01 1.1710e+01
1.0241e+01 6.3437e+00 3.0532e+00 2.4728e+01 1.2790e+01
1.1015e+01 6.9116e+00 3.2469e+00 2.5619e+01 1.3878e+01
1.1759e+01 7.4828e+00 3.4360e+00 2.6433e+01 1.4968e+01
1.2471e+01 8.0543e+00 3.6205e+00 2.7173e+01 1.6058e+01
1.3148e+01 8.6222e+00 3.7997e+00 2.7842e+01 1.7127e+01
1.3789e+01 9.1835e+00 3.9736e+00 2.8442e+01 1.8163e+01
1.4396e+01 9.7352e+00 4.1421e+00 2.8977e+01 1.9153e+01
1.4966e+01 1.0274e+01 4.3050e+00 2.9449e+01 2.0074e+01
1.5501e+01 1.0796e+01 4.4623e+00 2.9860e+01 2.0914e+01
1.6001e+01 1.1301e+01 4.6140e+00 3.0227e+01 2.1745e+01
1.6466e+01 1.1785e+01 4.7599e+00 3.0552e+01 2.2572e+01
1.6898e+01 1.2249e+01 4.9005e+00 3.0838e+01 2.3393e+01
1.7297e+01 1.2692e+01 5.0359e+00 3.1085e+01 2.4204e+01
1.7667e+01 1.3115e+01 5.1663e+00 3.1293e+01 2.5004e+01
1.8013e+01 1.3523e+01 5.2937e+00 3.1464e+01 2.5800e+01
1.8335e+01 1.3917e+01 5.4177e+00 3.1589e+01 2.6585e+01
1.8634e+01 1.4296e+01 5.5383e+00 3.1665e+01 2.7358e+01
1.8909e+01 1.4661e+01 5.6554e+00 3.1689e+01 2.8114e+01
1.9161e+01 1.5012e+01 5.7690e+00 3.1662e+01 2.8851e+01
1.9389e+01 1.5350e+01 5.8791e+00 3.1589e+01 2.9567e+01
1.9593e+01 1.5673e+01 5.9855e+00 3.1490e+01 3.0257e+01
1.9775e+01 1.5982e+01 6.0885e+00 3.1367e+01 3.0922e+01
1.9935e+01 1.6277e+01 6.1882e+00 3.1221e+01 3.1559e+01
2.0073e+01 1.6558e+01 6.2842e+00 3.1053e+01 3.2165e+01
2.0189e+01 1.6823e+01 6.3767e+00 3.0862e+01 3.2739e+01
2.0285e+01 1.7075e+01 6.4657e+00 3.0651e+01 3.3281e+01
2.0360e+01 1.7311e+01 6.5513e+00 3.0422e+01 3.3789e+01
2.0417e+01 1.7543e+01 6.6339e+00 3.0175e+01 3.4263e+01
2.0457e+01 1.7789e+01 6.7134e+00 2.9913e+01 3.4703e+01
2.0478e+01 1.8044e+01 6.7894e+00 2.9636e+01 3.5108e+01
2.0482e+01 1.8306e+01 6.8618e+00 2.9344e+01 3.5475e+01
2.0469e+01 1.8573e+01 6.9310e+00 2.9039e+01 3.5808e+01
2.0441e+01 1.8841e+01 6.9972e+00 2.8723e+01 3.6104e+01
2.0399e+01 1.9109e+01 7.0603e+00 2.8397e+01 3.6364e+01
2.0343e+01 1.9374e+01 7.1207e+00 2.8062e+01 3.6588e+01
2.0275e+01 1.9632e+01 7.1785e+00 2.7718e+01 3.6775e+01
2.0195e+01 1.9878e+01 7.2337e+00 2.7368e+01 3.6926e+01
2.0104e+01 2.0110e+01 7.2863e+00 2.7011e+01 3.7041e+01
2.0003e+01 2.0325e+01 7.3364e+00 2.6648e+01 3.7121e+01
1.9891e+01 2.0523e+01 7.3844e+00 2.6281e+01 3.7168e+01
1.9771e+01 2.0702e+01 7.4299e+00 2.5910e+01 3.7181e+01
1.9641e+01 2.0862e+01 7.4732e+00 2.5536e+01 3.7162e+01
1.9505e+01 2.1003e+01 7.5148e+00 2.5160e+01 3.7114e+01
1.9360e+01 2.1125e+01 7.5543e+00 2.4783e+01 3.7038e+01
1.9209e+01 2.1226e+01 7.5916e+00 2.4405e+01 3.6932e+01
1.9052e+01 2.1309e+01 7.6272e+00 2.4026e+01 3.6801e+01
1.8888e+01 2.1373e+01 7.6606e+00 2.3646e+01 3.6644e+01
1.8728e+01 2.1419e+01 7.6960e+00 2.3277e+01 3.6479e+01
1.8575e+01 2.1449e+01 7.7358e+00 2.2922e+01 3.6319e+01
1.8431e+01 2.1464e+01 7.7797e+00 2.2582e+01 3.6162e+01
1.8294e+01 2.1465e+01 7.8272e+00 2.2256e+01 3.6007e+01
1.8163e+01 2.1453e+01 7.8782e+00 2.1941e+01 3.5854e+01
1.8037e+01 2.1429e+01 7.9319e+00 2.1638e+01 3.5702e+01
1.7916e+01 2.1393e+01 7.9880e+00 2.1344e+01 3.5547e+01
1.7801e+01 2.1347e+01 8.0466e+00 2.1061e+01 3.5394e+01
1.7690e+01 2.1291e+01 8.1073e+00 2.0786e+01 3.5240e+01
1.7583e+01 2.1225e+01 8.1699e+00 2.0521e+01 3.5087e+01
1.7479e+01 2.1152e+01 8.2341e+00 2.0263e+01 3.4934e+01
1.7378e+01 2.1070e+01 8.2994e+00 2.0012e+01 3.4781e+01
1.7280e+01 2.0983e+01 8.3659e+00 1.9769e+01 3.4629e+01
1.7185e+01 2.0890e+01 8.4336e+00 1.9532e+01 3.4480e+01
1.7092e+01 2.0792e+01 8.5021e+00 1.9303e+01 3.4333e+01
1.7002e+01 2.0690e+01 8.5712e+00 1.9079e+01 3.4189e+01
1.6913e+01 2.0583e+01 8.6405e+00 1.8861e+01 3.4048e+01
1.6826e+01 2.0475e+01 8.7102e+00 1.8649e+01 3.3911e+01
1.6742e+01 2.0364e+01 8.7800e+00 1.8443e+01 3.3778e+01
1.6660e+01 2.0251e+01 8.8499e+00 1.8243e+01 3.3652e+01
1.6581e+01 2.0137e+01 8.9197e+00 1.8047e+01 3.3531e+01
1.6504e+01 2.0024e+01 8.9896e+00 1.7858e+01 3.3418e+01
1.6430e+01 1.9911e+01 9.0593e+00 1.7674e+01 3.3313e+01
1.6358e+01 1.9799e+01 9.1286e+00 1.7495e+01 3.3218e+01
1.6290e+01 1.9703e+01 9.1978e+00 1.7321e+01 3.3132e+01
1.6225e+01 1.9625e+01 9.2668e+00 1.7153e+01 3.3057e+01
1.6163e+01 1.9563e+01 9.3353e+00 1.6989e+01 3.2994e+01
1.6104e+01 1.9515e+01 9.4036e+00 1.6832e+01 3.2944e+01
1.6049e+01 1.9481e+01 9.4716e+00 1.6679e+01 3.2909e+01
1.5998e+01 1.9458e+01 9.5392e+00 1.6532e+01 3.2888e+01
1.5950e+01 1.9447e+01 9.6066e+00 1.6390e+01 3.2883e+01
1.5907e+01 1.9446e+01 9.6737e+00 1.6253e+01 3.2895e+01
1.5868e+01 1.9455e+01 9.7403e+00 1.6121e+01 3.2923e+01
1.5833e+01 1.9472e+01 9.8067e+00 1.5995e+01 3.2969e+01
1.5802e+01 1.9498e+01 9.8729e+00 1.5872e+01 3.3032e+01
1.5775e+01 1.9530e+01 9.9388e+00 1.5755e+01 3.3114e+01
1.5753e+01 1.9569e+01 1.0004e+01 1.5642e+01 3.3214e+01
1.5735e+01 1.9615e+01 1.0070e+01 1.5534e+01 3.3334e+01
1.5721e+01 1.9666e+01 1.0135e+01 1.5429e+01 3.3472e+01
1.5711e+01 1.9722e+01 1.0200e+01 1.5329e+01 3.3628e+01
1.5705e+01 1.9782e+01 1.0265e+01 1.5233e+01 3.3803e+01
1.5702e+01 1.9847e+01 1.0330e+01 1.5141e+01 3.3996e+01
1.5704e+01 1.9915e+01 1.0395e+01 1.5053e+01 3.4205e+01
1.5708e+01 1.9987e+01 1.0459e+01 1.4968e+01 3.4430e+01
1.5716e+01 2.0062e+01 1.0523e+01 1.4887e+01 3.4672e+01
1.5727e+01 2.0140e+01 1.0587e+01 1.4808e+01 3.4928e+01
1.5740e+01 2.0220e+01 1.0650e+01 1.4733e+01 3.5198e+01
1.5756e+01 2.0303e+01 1.0713e+01 1.4661e+01 3.5480e+01
1.5774e+01 2.0388e+01 1.0775e+01 1.4591e+01 3.5773e+01
1.5793e+01 2.0474e+01 1.0837e+01 1.4524e+01 3.6076e+01
1.5815e+01 2.0563e+01 1.0898e+01 1.4459e+01 3.6388e+01
1.5838e+01 2.0653e+01 1.0959e+01 1.4397e+01 3.6705e+01
1.5862e+01 2.0745e+01 1.1018e+01 1.4336e+01 3.7028e+01
1.5887e+01 2.0838e+01 1.1076e+01 1.4278e+01 3.7353e+01
1.5913e+01 2.0932e+01 1.1133e+01 1.4221e+01 3.7681e+01
1.5939e+01 2.1027e+01 1.1189e+01 1.4166e+01 3.8008e+01
1.5966e+01 2.1124e+01 1.1244e+01 1.4113e+01 3.8333e+01
1.5993e+01 2.1222e+01 1.1297e+01 1.4061e+01 3.8655e+01
1.6020e+01 2.1321e+01 1.1349e+01 1.4011e+01 3.8972e+01
1.6047e+01 2.1421e+01 1.1399e+01 1.3962e+01 3.9283e+01
1.6074e+01 2.1521e+01 1.1447e+01 1.3914e+01 3.9586e+01
1.6101e+01 2.1624e+01 1.1494e+01 1.3868e+01 3.9881e+01
1.6128e+01 2.1728e+01 1.1539e+01 1.3823e+01 4.0166e+01
1.6155e+01 2.1832e+01 1.1581e+01 1.3779e+01 4.0440e+01
1.6181e+01 2.1938e+01 1.1622e+01 1.3736e+01 4.0702e+01
1.6208e+01 2.2046e+01 1.1661e+01 1.3694e+01 4.0949e+01
1.6233e+01 2.2154e+01 1.1698e+01 1.3653e+01 4.1183e+01
1.6259e+01 2.2264e+01 1.1733e+01 1.3614e+01 4.1400e+01
1.6284e+01 2.2375e+01 1.1766e+01 1.3575e+01 4.1602e+01
1.6308e+01 2.2487e+01 1.1796e+01 1.3537e+01 4.1789e+01
1.6333e+01 2.2601e+01 1.1825e+01 1.3501e+01 4.1961e+01
1.6357e+01 2.2716e+01 1.1852e+01 1.3466e+01 4.2117e+01
1.6380e+01 2.2833e+01 1.1876e+01 1.3431e+01 4.2257e+01
1.6404e+01 2.2951e+01 1.1899e+01 1.3398e+01 4.2381e+01
1.6427e+01 2.3070e+01 1.1920e+01 1.3366e+01 4.2490e+01
1.6450e+01 2.3191e+01 1.1939e+01 1.3335e+01 4.2585e+01
1.6472e+01 2.3312e+01 1.1956e+01 1.3304e+01 4.2664e+01
1.6495e+01 2.3434e+01 1.1972e+01 1.3275e+01 4.2730e+01
1.6517e+01 2.3558e+01 1.1986e+01 1.3247e+01 4.2782e+01
1.6540e+01 2.3682e+01 1.1999e+01 1.3220e+01 4.2821e+01
1.6562e+01 2.3807e+01 1.2010e+01 1.3194e+01 4.2848e+01
1.6584e+01 2.3933e+01 1.2020e+01 1.3169e+01 4.2864e+01
1.6606e+01 2.4059e+01 1.2029e+01 1.3145e+01 4.2869e+01
1.6628e+01 2.4186e+01 1.2037e+01 1.3122e+01 4.2865e+01
1.6651e+01 2.4313e+01 1.2043e+01 1.3100e+01 4.2850e+01
1.6673e+01 2.4440e+01 1.2049e+01 1.3079e+01 4.2827e+01
1.6695e+01 2.4566e+01 1.2054e+01 1.3058e+01 4.2796e+01
1.6718e+01 2.4693e+01 1.2058e+01 1.3039e+01 4.2757e+01
1.6740e+01 2.4818e+01 1.2062e+01 1.3020e+01 4.2710e+01
1.6763e+01 2.4942e+01 1.2065e+01 1.3003e+01 4.2656e+01
1.6786e+01 2.5064e+01 1.2068e+01 1.2985e+01 4.2593e+01
1.6808e+01 2.5185e+01 1.2070e+01 1.2969e+01 4.2523e+01
1.6831e+01 2.5304e+01 1.2072e+01 1.2954e+01 4.2445e+01
1.6854e+01 2.5420e+01 1.2074e+01 1.2939e+01 4.2358e+01
1.6877e+01 2.5533e+01 1.2075e+01 1.2925e+01 4.2260e+01
1.6900e+01 2.5643e+01 1.2077e+01 1.2911e+01 4.2151e+01
1.6923e+01 2.5749e+01 1.2080e+01 1.2899e+01 4.2029e+01
1.6946e+01 2.5850e+01 1.2082e+01 1.2887e+01 4.1892e+01
1.6968e+01 2.5946e+01 1.2085e+01 1.2875e+01 4.1738e+01
1.6990e+01 2.6035e+01 1.2088e+01 1.2865e+01 4.1568e+01
1.7013e+01 2.6117e+01 1.2092e+01 1.2855e+01 4.1381e+01
1.7035e+01 2.6192e+01 1.2096e+01 1.2845e+01 4.1178e+01
1.7057e+01 2.6257e+01 1.2101e+01 1.2836e+01 4.0960e+01
1.7079e+01 2.6314e+01 1.2106e+01 1.2826e+01 4.0730e+01
1.7101e+01 2.6363e+01 1.2111e+01 1.2817e+01 4.0491e+01
1.7123e+01 2.6404e+01 1.2116e+01 1.2807e+01 4.0246e+01
1.7146e+01 2.6437e+01 1.2122e+01 1.2798e+01 3.9998e+01
1.7169e+01 2.6463e+01 1.2127e+01 1.2788e+01 3.9749e+01
1.7192e+01 2.6482e+01 1.2132e+01 1.2778e+01 3.9501e+01
1.7216e+01 2.6496e+01 1.2137e+01 1.2767e+01 3.9255e+01
1.7240e+01 2.6503e+01 1.2142e+01 1.2756e+01 3.9015e+01
1.7265e+01 2.6506e+01 1.2146e+01 1.2744e+01 3.8781e+01
1.7289e+01 2.6504e+01 1.2150e+01 1.2731e+01 3.8554e+01
1.7314e+01 2.6497e+01 1.2154e+01 1.2718e+01 3.8335e+01
1.7340e+01 2.6486e+01 1.2157e+01 1.2704e+01 3.8124e+01
1.7365e+01 2.6472e+01 1.2159e+01 1.2690e+01 3.7922e+01
1.7391e+01 2.6455e+01 1.2161e+01 1.2674e+01 3.7728e+01
1.7416e+01 2.6434e+01 1.2163e+01 1.2658e+01 3.7544e+01
1.7441e+01 2.6411e+01 1.2163e+01 1.2641e+01 3.7369e+01
1.7466e+01 2.6384e+01 1.2163e+01 1.2623e+01 3.7203e+01
1.7490e+01 2.6356e+01 1.2162e+01 1.2604e+01 3.7046e+01
1.7513e+01 2.6324e+01 1.2161e+01 1.2584e+01 3.6898e+01
1.7536e+01 2.6290e+01 1.2159e+01 1.2563e+01 3.6758e+01
1.7558e+01 2.6254e+01 1.2156e+01 1.2541e+01 3.6626e+01
1.7579e+01 2.6216e+01 1.2152e+01 1.2518e+01 3.6501e+01
1.7599e+01 2.6174e+01 1.2147e+01 1.2495e+01 3.6384e+01
1.7619e+01 2.6131e+01 1.2141e+01 1.2470e+01 3.6274e+01
1.7637e+01 2.6085e+01 1.2134e+01 1.2444e+01 3.6171e+01
1.7653e+01 2.6036e+01 1.2127e+01 1.2417e+01 3.6074e+01
1.7669e+01 2.5984e+01 1.2118e+01 1.2390e+01 3.5982e+01
1.7684e+01 2.5930e+01 1.2109e+01 1.2362e+01 3.5896e+01
1.7697e+01 2.5873e+01 1.2098e+01 1.2332e+01 3.5814e+01
1.7709e+01 2.5813e+01 1.2086e+01 1.2302e+01 3.5736e+01
1.7719e+01 2.5751e+01 1.2073e+01 1.2270e+01 3.5663e+01
1.7729e+01 2.5686e+01 1.2059e+01 1.2238e+01 3.5593e+01
1.7736e+01 2.5618e+01 1.2044e+01 1.2205e+01 3.5525e+01
1.7743e+01 2.5547e+01 1.2028e+01 1.2171e+01 3.5461e+01
1.7748e+01 2.5473e+01 1.2011e+01 1.2137e+01 3.5399e+01
1.7752e+01 2.5396e+01 1.1993e+01 1.2101e+01 3.5339e+01
1.7755e+01 2.5316e+01 1.1973e+01 1.2065e+01 3.5281e+01
1.7756e+01 2.5234e+01 1.1952e+01 1.2028e+01 3.5224e+01
1.7757e+01 2.5148e+01 1.1931e+01 1.1991e+01 3.5169e+01
1.7756e+01 2.5059e+01 1.1908e+01 1.1952e+01 3.5115e+01
1.7755e+01 2.4966e+01 1.1884e+01 1.1913e+01 3.5061e+01
1.7752e+01 2.4871e+01 1.1859e+01 1.1874e+01 3.5009e+01
1.7749e+01 2.4771e+01 1.1833e+01 1.1834e+01 3.4956e+01
1.7744e+01 2.4669e+01 1.1806e+01 1.1793e+01 3.4904e+01
1.7739e+01 2.4563e+01 1.1778e+01 1.1752e+01 3.4852e+01
1.7733e+01 2.4455e+01 1.1750e+01 1.1711e+01 3.4799e+01
1.7727e+01 2.4343e+01 1.1720e+01 1.1669e+01 3.4746e+01
1.7720e+01 2.4229e+01 1.1689e+01 1.1627e+01 3.4692e+01
1.7712e+01 2.4111e+01 1.1657e+01 1.1584e+01 3.4637e+01
1.7704e+01 2.3991e+01 1.1624e+01 1.1541e+01 3.4581e+01
1.7696e+01 2.3869e+01 1.1590e+01 1.1498e+01 3.4524e+01
1.7687e+01 2.3744e+01 1.1556e+01 1.1455e+01 3.4465e+01
1.7679e+01 2.3616e+01 1.1520e+01 1.1412e+01 3.4405e+01
1.7670e+01 2.3486e+01 1.1484e+01 1.1368e+01 3.4343e+01
1.7661e+01 2.3354e+01 1.1446e+01 1.1325e+01 3.4278e+01
1.7653e+01 2.3220e+01 1.1408e+01 1.1281e+01 3.4211e+01
1.7644e+01 2.3083e+01 1.1369e+01 1.1238e+01 3.4141e+01
1.7636e+01 2.2945e+01 1.1330e+01 1.1195e+01 3.4068e+01
1.7629e+01 2.2804e+01 1.1289e+01 1.1151e+01 3.3992e+01
1.7622e+01 2.2662e+01 1.1248e+01 1.1108e+01 3.3912e+01
1.7616e+01 2.2519e+01 1.1207e+01 1.1066e+01 3.3828e+01
1.7611e+01 2.2374e+01 1.1165e+01 1.1023e+01 3.3740e+01
1.7607e+01 2.2227e+01 1.1122e+01 1.0981e+01 3.3647e+01
1.7604e+01 2.2080e+01 1.1079e+01 1.0939e+01 3.3549e+01
1.7602e+01 2.1931e+01 1.1036e+01 1.0898e+01 3.3446e+01
1.7602e+01 2.1781e+01 1.0992e+01 1.0857e+01 3.3337e+01
1.7604e+01 2.1630e+01 1.0948e+01 1.0817e+01 3.3221e+01
1.7607e+01 2.1478e+01 1.0904e+01 1.0777e+01 3.3099e+01
1.7613e+01 2.1326e+01 1.0859e+01 1.0738e+01 3.2971e+01
1.7620e+01 2.1172e+01 1.0814e+01 1.0699e+01 3.2835e+01
1.7629e+01 2.1018e+01 1.0769e+01 1.0662e+01 3.2691e+01
1.7640e+01 2.0863e+01 1.0724e+01 1.0624e+01 3.2540e+01
1.7654e+01 2.0706e+01 1.0679e+01 1.0588e+01 3.2381e+01
1.7669e+01 2.0549e+01 1.0634e+01 1.0552e+01 3.2215e+01
1.7687e+01 2.0391e+01 1.0589e+01 1.0516e+01 3.2040e+01
1.7707e+01 2.0232e+01 1.0544e+01 1.0482e+01 3.1858e+01
1.7729e+01 2.0071e+01 1.0500e+01 1.0448e+01 3.1669e+01
1.7753e+01 1.9910e+01 1.0455e+01 1.0414e+01 3.1472e+01
1.7779e+01 1.9747e+01 1.0411e+01 1.0382e+01 3.1267e+01
1.7807e+01 1.9584e+01 1.0366e+01 1.0350e+01 3.1056e+01
1.7837e+01 1.9419e+01 1.0322e+01 1.0319e+01 3.0838e+01
1.7869e+01 1.9254e+01 1.0278e+01 1.0288e+01 3.0613e+01
1.7902e+01 1.9087e+01 1.0235e+01 1.0258e+01 3.0382e+01
1.7938e+01 1.8919e+01 1.0191e+01 1.0228e+01 3.0145e+01
1.7975e+01 1.8751e+01 1.0148e+01 1.0200e+01 2.9902e+01
1.8013e+01 1.8581e+01 1.0105e+01 1.0171e+01 2.9654e+01
1.8053e+01 1.8411e+01 1.0063e+01 1.0143e+01 2.9402e+01
1.8094e+01 1.8239e+01 1.0021e+01 1.0116e+01 2.9145e+01
1.8136e+01 1.8066e+01 9.9786e+00 1.0089e+01 2.8884e+01
1.8178e+01 1.7893e+01 9.9369e+00 1.0063e+01 2.8619e+01
1.8222e+01 1.7719e+01 9.8956e+00 1.0037e+01 2.8352e+01
1.8266e+01 1.7544e+01 9.8545e+00 1.0012e+01 2.8081e+01
1.8311e+01 1.7369e+01 9.8137e+00 9.9865e+00 2.7809e+01
1.8356e+01 1.7193e+01 9.7732e+00 9.9618e+00 2.7535e+01
1.8401e+01 1.7017e+01 9.7330e+00 9.9374e+00 2.7260e+01
1.8446e+01 1.6840e+01 9.6931e+00 9.9133e+00 2.6984e+01
1.8490e+01 1.6664e+01 9.6535e+00 9.8896e+00 2.6707e+01
1.8533e+01 1.6487e+01 9.6142e+00 9.8662e+00 2.6430e+01
1.8576e+01 1.6310e+01 9.5751e+00 9.8430e+00 2.6154e+01
1.8618e+01 1.6133e+01 9.5363e+00 9.8201e+00 2.5879e+01
1.8659e+01 1.5958e+01 9.4979e+00 9.7974e+00 2.5605e+01
1.8699e+01 1.5800e+01 9.4596e+00 9.7750e+00 2.5332e+01
1.8737e+01 1.5658e+01 9.4217e+00 9.7650e+00 2.5062e+01
1.8774e+01 1.5530e+01 9.3840e+00 9.7695e+00 2.4794e+01
1.8808e+01 1.5414e+01 9.3466e+00 9.7870e+00 2.4528e+01
1.8841e+01 1.5307e+01 9.3204e+00 9.8162e+00 2.4265e+01
1.8872e+01 1.5208e+01 9.3044e+00 9.8559e+00 2.4006e+01
1.8900e+01 1.5118e+01 9.2975e+00 9.9051e+00 2.3749e+01
1.8926e+01 1.5034e+01 9.2988e+00 9.9628e+00 2.3496e+01
1.8948e+01 1.4957e+01 9.3074e+00 1.0028e+01 2.3247e+01
1.8968e+01 1.4885e+01 9.3227e+00 1.0100e+01 2.3001e+01
1.8985e+01 1.4817e+01 9.3439e+00 1.0178e+01 2.2759e+01
1.8999e+01 1.4754e+01 9.3703e+00 1.0262e+01 2.2522e+01
1.9009e+01 1.4694e+01 9.4016e+00 1.0350e+01 2.2311e+01
1.9016e+01 1.4637e+01 9.4370e+00 1.0443e+01 2.2126e+01
1.9019e+01 1.4583e+01 9.4762e+00 1.0539e+01 2.1964e+01
1.9018e+01 1.4532e+01 9.5186e+00 1.0639e+01 2.1821e+01
1.9014e+01 1.4482e+01 9.5640e+00 1.0742e+01 2.1697e+01
1.9007e+01 1.4433e+01 9.6119e+00 1.0846e+01 2.1589e+01
1.8996e+01 1.4387e+01 9.6621e+00 1.0953e+01 2.1495e+01
1.8981e+01 1.4341e+01 9.7143e+00 1.1062e+01 2.1415e+01
1.8962e+01 1.4297e+01 9.7682e+00 1.1172e+01 2.1346e+01
1.8940e+01 1.4253e+01 9.8235e+00 1.1283e+01 2.1289e+01
1.8914e+01 1.4210e+01 9.8801e+00 1.1395e+01 2.1240e+01
1.8884e+01 1.4168e+01 9.9377e+00 1.1507e+01 2.1201e+01
1.8850e+01 1.4126e+01 9.9962e+00 1.1619e+01 2.1169e+01
1.8812e+01 1.4085e+01 1.0055e+01 1.1732e+01 2.1145e+01
1.8771e+01 1.4044e+01 1.0115e+01 1.1844e+01 2.1126e+01
1.8725e+01 1.4003e+01 1.0175e+01 1.1956e+01 2.1113e+01
1.8675e+01 1.3962e+01 1.0236e+01 1.2067e+01 2.1103e+01
1.8622e+01 1.3922e+01 1.0296e+01 1.2177e+01 2.1097e+01
1.8565e+01 1.3881e+01 1.0357e+01 1.2286e+01 2.1094e+01
1.8504e+01 1.3841e+01 1.0418e+01 1.2394e+01 2.1093e+01
1.8439e+01 1.3801e+01 1.0478e+01 1.2500e+01 2.1094e+01
1.8371e+01 1.3760e+01 1.0539e+01 1.2605e+01 2.1096e+01
1.8300e+01 1.3720e+01 1.0599e+01 1.2708e+01 2.1099e+01
1.8225e+01 1.3679e+01 1.0659e+01 1.2810e+01 2.1103e+01
1.8147e+01 1.3638e+01 1.0719e+01 1.2909e+01 2.1106e+01
1.8065e+01 1.3597e+01 1.0777e+01 1.3007e+01 2.1110e+01
1.7981e+01 1.3554e+01 1.0834e+01 1.3102e+01 2.1114e+01
1.7894e+01 1.3511e+01 1.0888e+01 1.3194e+01 2.1117e+01
1.7804e+01 1.3466e+01 1.0941e+01 1.3285e+01 2.1119e+01
1.7712e+01 1.3421e+01 1.0993e+01 1.3372e+01 2.1121e+01
1.7617e+01 1.3376e+01 1.1043e+01 1.3457e+01 2.1122e+01
1.7519e+01 1.3330e+01 1.1092e+01 1.3539e+01 2.1122e+01
1.7419e+01 1.3283e+01 1.1139e+01 1.3619e+01 2.1121e+01
1.7316e+01 1.3236e+01 1.1185e+01 1.3695e+01 2.1119e+01
1.7211e+01 1.3188e+01 1.1230e+01 1.3769e+01 2.1117e+01
1.7104e+01 1.3141e+01 1.1273e+01 1.3840e+01 2.1114e+01
1.6996e+01 1.3092e+01 1.1316e+01 1.3909e+01 2.1110e+01
1.6896e+01 1.3044e+01 1.1357e+01 1.3975e+01 2.1105e+01
1.6807e+01 1.2996e+01 1.1397e+01 1.4038e+01 2.1099e+01
1.6726e+01 1.2947e+01 1.1437e+01 1.4098e+01 2.1092e+01
1.6653e+01 1.2898e+01 1.1475e+01 1.4157e+01 2.1085e+01
1.6587e+01 1.2850e+01 1.1513e+01 1.4212e+01 2.1076e+01
1.6526e+01 1.2801e+01 1.1550e+01 1.4265e+01 2.1067e+01
1.6471e+01 1.2752e+01 1.1586e+01 1.4316e+01 2.1056e+01
1.6420e+01 1.2703e+01 1.1621e+01 1.4365e+01 2.1044e+01
1.6372e+01 1.2654e+01 1.1655e+01 1.4411e+01 2.1032e+01
1.6328e+01 1.2606e+01 1.1689e+01 1.4455e+01 2.1018e+01
1.6287e+01 1.2557e+01 1.1721e+01 1.4497e+01 2.1004e+01
1.6248e+01 1.2509e+01 1.1754e+01 1.4537e+01 2.0989e+01
1.6212e+01 1.2461e+01 1.1785e+01 1.4575e+01 2.0973e+01
1.6177e+01 1.2413e+01 1.1816e+01 1.4611e+01 2.0956e+01
1.6145e+01 1.2366e+01 1.1846e+01 1.4645e+01 2.0938e+01
1.6114e+01 1.2319e+01 1.1876e+01 1.4677e+01 2.0920e+01
1.6084e+01 1.2272e+01 1.1905e+01 1.4708e+01 2.0901e+01
1.6056e+01 1.2226e+01 1.1933e+01 1.4737e+01 2.0881e+01
1.6028e+01 1.2180e+01 1.1961e+01 1.4765e+01 2.0861e+01
1.6002e+01 1.2135e+01 1.1988e+01 1.4791e+01 2.0840e+01
1.5976e+01 1.2090e+01 1.2015e+01 1.4817e+01 2.0819e+01
1.5951e+01 1.2047e+01 1.2042e+01 1.4841e+01 2.0797e+01
1.5927e+01 1.2004e+01 1.2068e+01 1.4864e+01 2.0775e+01
1.5903e+01 1.1961e+01 1.2094e+01 1.4886e+01 2.0753e+01
1.5880e+01 1.1920e+01 1.2119e+01 1.4908e+01 2.0730e+01
1.5857e+01 1.1879e+01 1.2144e+01 1.4929e+01 2.0708e+01
1.5835e+01 1.1839e+01 1.2169e+01 1.4949e+01 2.0685e+01
1.5813e+01 1.1800e+01 1.2193e+01 1.4969e+01 2.0662e+01
1.5793e+01 1.1762e+01 1.2218e+01 1.4988e+01 2.0639e+01
1.5773e+01 1.1725e+01 1.2242e+01 1.5008e+01 2.0616e+01
1.5754e+01 1.1689e+01 1.2266e+01 1.5027e+01 2.0594e+01
1.5736e+01 1.1654e+01 1.2289e+01 1.5047e+01 2.0572e+01
1.5719e+01 1.1621e+01 1.2313e+01 1.5066e+01 2.0550e+01
1.5704e+01 1.1588e+01 1.2336e+01 1.5086e+01 2.0529e+01
1.5690e+01 1.1556e+01 1.2359e+01 1.5106e+01 2.0508e+01
1.5677e+01 1.1526e+01 1.2383e+01 1.5126e+01 2.0488e+01
1.5665e+01 1.1497e+01 1.2406e+01 1.5148e+01 2.0469e+01
1.5655e+01 1.1469e+01 1.2429e+01 1.5170e+01 2.0451e+01
1.5647e+01 1.1442e+01 1.2452e+01 1.5192e+01 2.0434e+01
1.5640e+01 1.1416e+01 1.2475e+01 1.5216e+01 2.0419e+01
1.5636e+01 1.1392e+01 1.2498e+01 1.5242e+01 2.0405e+01
1.5633e+01 1.1369e+01 1.2521e+01 1.5268e+01 2.0392e+01
1.5632e+01 1.1348e+01 1.2545e+01 1.5296e+01 2.0382e+01
1.5633e+01 1.1328e+01 1.2568e+01 1.5326e+01 2.0373e+01
1.5636e+01 1.1309e+01 1.2591e+01 1.5357e+01 2.0366e+01
1.5642e+01 1.1291e+01 1.2615e+01 1.5390e+01 2.0361e+01
1.5650e+01 1.1275e+01 1.2639e+01 1.5425e+01 2.0359e+01
1.5660e+01 1.1260e+01 1.2663e+01 1.5462e+01 2.0358e+01
1.5672e+01 1.1247e+01 1.2687e+01 1.5502e+01 2.0361e+01
1.5688e+01 1.1234e+01 1.2711e+01 1.5543e+01 2.0365e+01
1.5705e+01 1.1224e+01 1.2736e+01 1.5587e+01 2.0373e+01
1.5726e+01 1.1215e+01 1.2761e+01 1.5634e+01 2.0383e+01
1.5749e+01 1.1207e+01 1.2786e+01 1.5683e+01 2.0396e+01
1.5775e+01 1.1201e+01 1.2812e+01 1.5735e+01 2.0411e+01
1.5804e+01 1.1196e+01 1.2838e+01 1.5790e+01 2.0430e+01
1.5835e+01 1.1193e+01 1.2864e+01 1.5847e+01 2.0451e+01
1.5870e+01 1.1191e+01 1.2891e+01 1.5907e+01 2.0476e+01
1.5908e+01 1.1190e+01 1.2918e+01 1.5970e+01 2.0503e+01
1.5949e+01 1.1191e+01 1.2946e+01 1.6036e+01 2.0533e+01
1.5993e+01 1.1194e+01 1.2974e+01 1.6106e+01 2.0566e+01
1.6041e+01 1.1198e+01 1.3003e+01 1.6178e+01 2.0603e+01
1.6092e+01 1.1203e+01 1.3032e+01 1.6253e+01 2.0642e+01
1.6146e+01 1.1211e+01 1.3062e+01 1.6332e+01 2.0685e+01
1.6204e+01 1.1219e+01 1.3092e+01 1.6414e+01 2.0731e+01
1.6265e+01 1.1229e+01 1.3123e+01 1.6499e+01 2.0780e+01
1.6329e+01 1.1241e+01 1.3154e+01 1.6588e+01 2.0832e+01
1.6398e+01 1.1255e+01 1.3186e+01 1.6681e+01 2.0887e+01
1.6469e+01 1.1270e+01 1.3219e+01 1.6777e+01 2.0945e+01
1.6545e+01 1.1286e+01 1.3252e+01 1.6877e+01 2.1007e+01
1.6624e+01 1.1304e+01 1.3286e+01 1.6981e+01 2.1071e+01
1.6706e+01 1.1324e+01 1.3321e+01 1.7089e+01 2.1139e+01
1.6793e+01 1.1345e+01 1.3356e+01 1.7201e+01 2.1209e+01
1.6883e+01 1.1368e+01 1.3391e+01 1.7317e+01 2.1283e+01
1.6977e+01 1.1392e+01 1.3428e+01 1.7437e+01 2.1359e+01
1.7082e+01 1.1422e+01 1.3470e+01 1.7569e+01 2.1447e+01
1.7196e+01 1.1457e+01 1.3517e+01 1.7712e+01 2.1546e+01
1.7320e+01 1.1498e+01 1.3570e+01 1.7865e+01 2.1653e+01
1.7453e+01 1.1543e+01 1.3626e+01 1.8027e+01 2.1770e+01
1.7593e+01 1.1592e+01 1.3686e+01 1.8199e+01 2.1895e+01
1.7741e+01 1.1646e+01 1.3750e+01 1.8379e+01 2.2027e+01
1.7896e+01 1.1703e+01 1.3816e+01 1.8568e+01 2.2166e+01
1.8058e+01 1.1763e+01 1.3886e+01 1.8765e+01 2.2311e+01
1.8225e+01 1.1827e+01 1.3957e+01 1.8970e+01 2.2461e+01
1.8398e+01 1.1893e+01 1.4031e+01 1.9183e+01 2.2617e+01
1.8577e+01 1.1962e+01 1.4106e+01 1.9403e+01 2.2777e+01
1.8761e+01 1.2034e+01 1.4183e+01 1.9630e+01 2.2942e+01
1.8951e+01 1.2108e+01 1.4262e+01 1.9865e+01 2.3110e+01
1.9146e+01 1.2184e+01 1.4341e+01 2.0106e+01 2.3283e+01
1.9346e+01 1.2263e+01 1.4422e+01 2.0355e+01 2.3459e+01
1.9552e+01 1.2344e+01 1.4504e+01 2.0610e+01 2.3637e+01
1.9762e+01 1.2426e+01 1.4586e+01 2.0873e+01 2.3819e+01
1.9978e+01 1.2511e+01 1.4668e+01 2.1143e+01 2.4004e+01
2.0198e+01 1.2597e+01 1.4752e+01 2.1419e+01 2.4191e+01
2.0424e+01 1.2685e+01 1.4835e+01 2.1703e+01 2.4381e+01
2.0654e+01 1.2775e+01 1.4919e+01 2.1993e+01 2.4573e+01
2.0889e+01 1.2867e+01 1.5003e+01 2.2291e+01 2.4767e+01
2.1130e+01 1.2960e+01 1.5086e+01 2.2595e+01 2.4963e+01
2.1375e+01 1.3055e+01 1.5170e+01 2.2907e+01 2.5160e+01
2.1626e+01 1.3151e+01 1.5254e+01 2.3226e+01 2.5360e+01
2.1881e+01 1.3248e+01 1.5337e+01 2.3552e+01 2.5562e+01
2.2142e+01 1.3347e+01 1.5420e+01 2.3886e+01 2.5765e+01
2.2408e+01 1.3448e+01 1.5503e+01 2.4227e+01 2.5970e+01
2.2679e+01 1.3549e+01 1.5586e+01 2.4575e+01 2.6176e+01
2.2955e+01 1.3652e+01 1.5668e+01 2.4931e+01 2.6384e+01
2.3236e+01 1.3757e+01 1.5749e+01 2.5295e+01 2.6592e+01
2.3523e+01 1.3862e+01 1.5830e+01 2.5666e+01 2.6802e+01
2.3815e+01 1.3969e+01 1.5910e+01 2.6045e+01 2.7012e+01
2.4112e+01 1.4077e+01 1.5990e+01 2.6431e+01 2.7222e+01
2.4415e+01 1.4186e+01 1.6069e+01 2.6825e+01 2.7431e+01
2.4724e+01 1.4296e+01 1.6147e+01 2.7225e+01 2.7639e+01
2.5038e+01 1.4407e+01 1.6225e+01 2.7631e+01 2.7845e+01
2.5357e+01 1.4519e+01 1.6301e+01 2.8044e+01 2.8049e+01
2.5683e+01 1.4632e+01 1.6377e+01 2.8462e+01 2.8250e+01
2.6014e+01 1.4747e+01 1.6452e+01 2.8886e+01 2.8448e+01
2.6350e+01 1.4862e+01 1.6526e+01 2.9315e+01 2.8644e+01
2.6693e+01 1.4978e+01 1.6599e+01 2.9749e+01 2.8838e+01
2.7041e+01 1.5094e+01 1.6671e+01 3.0188e+01 2.9030e+01
2.7395e+01 1.5212e+01 1.6743e+01 3.0633e+01 2.9220e+01
2.7756e+01 1.5330e+01 1.6813e+01 3.1083e+01 2.9408e+01
2.8122e+01 1.5450e+01 1.6882e+01 3.1537e+01 2.9595e+01
2.8494e+01 1.5569e+01 1.6950e+01 3.1997e+01 2.9780e+01
2.8873e+01 1.5690e+01 1.7017e+01 3.2463e+01 2.9965e+01
2.9257e+01 1.5811e+01 1.7083e+01 3.2934e+01 3.0148e+01
2.9648e+01 1.5933e+01 1.7148e+01 3.3412e+01 3.0331e+01
3.0045e+01 1.6055e+01 1.7212e+01 3.3897e+01 3.0512e+01
3.0448e+01 1.6177e+01 1.7274e+01 3.4389e+01 3.0693e+01
3.0857e+01 1.6300e+01 1.7336e+01 3.4888e+01 3.0874e+01
3.1273e+01 1.6423e+01 1.7396e+01 3.5395e+01 3.1054e+01
3.1694e+01 1.6547e+01 1.7455e+01 3.5910e+01 3.1233e+01
3.2122e+01 1.6671e+01 1.7513e+01 3.6434e+01 3.1412e+01
3.2555e+01 1.6795e+01 1.7570e+01 3.6966e+01 3.1591e+01
3.2995e+01 1.6919e+01 1.7625e+01 3.7507e+01 3.1769e+01
3.3441e+01 1.7044e+01 1.7679e+01 3.8058e+01 3.1947e+01
3.3893e+01 1.7168e+01 1.7732e+01 3.8618e+01 3.2124e+01
3.4351e+01 1.7293e+01 1.7784e+01 3.9187e+01 3.2302e+01
3.4815e+01 1.7418e+01 1.7835e+01 3.9766e+01 3.2478e+01
3.5285e+01 1.7543e+01 1.7884e+01 4.0356e+01 3.2655e+01
3.5761e+01 1.7668e+01 1.7932e+01 4.0955e+01 3.2830e+01
3.6242e+01 1.7793e+01 1.7978e+01 4.1565e+01 3.3006e+01
3.6728e+01 1.7917e+01 1.8024e+01 4.2185e+01 3.3181e+01
3.7218e+01 1.8042e+01 1.8068e+01 4.2815e+01 3.3355e+01
3.7713e+01 1.8166e+01 1.8110e+01 4.3456e+01 3.3528e+01
3.8213e+01 1.8290e+01 1.8151e+01 4.4106e+01 3.3701e+01
3.8716e+01 1.8414e+01 1.8191e+01 4.4766e+01 3.3873e+01
3.9224e+01 1.8537e+01 1.8230e+01 4.5435e+01 3.4044e+01
3.9736e+01 1.8660e+01 1.8267e+01 4.6113e+01 3.4214e+01
4.0252e+01 1.8782e+01 1.8302e+01 4.6801e+01 3.4382e+01
4.0772e+01 1.8904e+01 1.8337e+01 4.7499e+01 3.4549e+01
4.1296e+01 1.9024e+01 1.8369e+01 4.8206e+01 3.4715e+01
4.1823e+01 1.9145e+01 1.8401e+01 4.8923e+01 3.4878e+01
4.2354e+01 1.9264e+01 1.8431e+01 4.9649e+01 3.5040e+01
4.2889e+01 1.9383e+01 1.8459e+01 5.0386e+01 3.5200e+01
4.3426e+01 1.9500e+01 1.8486e+01 5.1132e+01 3.5357e+01
4.3967e+01 1.9617e+01 1.8511e+01 5.1889e+01 3.5513e+01
4.4510e+01 1.9733e+01 1.8536e+01 5.2655e+01 3.5666e+01
4.5057e+01 1.9848e+01 1.8558e+01 5.3432e+01 3.5817e+01
4.5606e+01 1.9961e+01 1.8579e+01 5.4218e+01 3.5965e+01
4.6157e+01 2.0074e+01 1.8599e+01 5.5014e+01 3.6111e+01
4.6710e+01 2.0185e+01 1.8617e+01 5.5821e+01 3.6255e+01
4.7265e+01 2.0295e+01 1.8634e+01 5.6637e+01 3.6396e+01
4.7822e+01 2.0404e+01 1.8649e+01 5.7463e+01 3.6534e+01
4.8381e+01 2.0512e+01 1.8663e+01 5.8298e+01 3.6670e+01
4.8941e+01 2.0618e+01 1.8675e+01 5.9143e+01 3.6803e+01
4.9502e+01 2.0723e+01 1.8686e+01 5.9998e+01 3.6934e+01
5.0064e+01 2.0827e+01 1.8696e+01 6.0863e+01 3.7062e+01
5.0627e+01 2.0929e+01 1.8704e+01 6.1738e+01 3.7187e+01
5.1190e+01 2.1030e+01 1.8711e+01 6.2622e+01 3.7310e+01
5.1753e+01 2.1129e+01 1.8717e+01 6.3515e+01 3.7431e+01
5.2315e+01 2.1227e+01 1.8721e+01 6.4418e+01 3.7549e+01
5.2877e+01 2.1324e+01 1.8724e+01 6.5329e+01 3.7665e+01
5.3438e+01 2.1419e+01 1.8726e+01 6.6249e+01 3.7779e+01
5.3998e+01 2.1513e+01 1.8726e+01 6.7177e+01 3.7890e+01
5.4556e+01 2.1605e+01 1.8726e+01 6.8113e+01 3.7999e+01
5.5114e+01 2.1696e+01 1.8725e+01 6.9057e+01 3.8106e+01
5.5671e+01 2.1786e+01 1.8722e+01 7.0010e+01 3.8211e+01
5.6227e+01 2.1874e+01 1.8718e+01 7.0971e+01 3.8314e+01
5.6782e+01 2.1962e+01 1.8714e+01 7.1941e+01 3.8415e+01
5.7335e+01 2.2048e+01 1.8709e+01 7.2918e+01 3.8514e+01
5.7888e+01 2.2133e+01 1.8702e+01 7.3905e+01 3.8612e+01
5.8439e+01 2.2216e+01 1.8695e+01 7.4900e+01 3.8707e+01
5.8989e+01 2.2299e+01 1.8688e+01 7.5902e+01 3.8801e+01
5.9538e+01 2.2380e+01 1.8679e+01 7.6912e+01 3.8894e+01
6.0085e+01 2.2461e+01 1.8670e+01 7.7928e+01 3.8985e+01
6.0630e+01 2.2540e+01 1.8660e+01 7.8950e+01 3.9074e+01
6.1173e+01 2.2619e+01 1.8650e+01 7.9976e+01 3.9162e+01
6.1715e+01 2.2696e+01 1.8639e+01 8.1007e+01 3.9249e+01
6.2254e+01 2.2773e+01 1.8628e+01 8.2042e+01 3.9335e+01
6.2792e+01 2.2849e+01 1.8616e+01 8.3080e+01 3.9420e+01
6.3328e+01 2.2924e+01 1.8604e+01 8.4121e+01 3.9504e+01
6.3861e+01 2.2998e+01 1.8592e+01 8.5165e+01 3.9587e+01
6.4392e+01 2.3072e+01 1.8579e+01 8.6214e+01 3.9669e+01
6.4920e+01 2.3144e+01 1.8566e+01 8.7262e+01 3.9750e+01
6.5446e+01 2.3216e+01 1.8553e+01 8.8310e+01 3.9831e+01
6.5968e+01 2.3287e+01 1.8539e+01 8.9356e+01 3.9911e+01
6.6489e+01 2.3358e+01 1.8526e+01 9.0398e+01 3.9990e+01
6.7007e+01 2.3428e+01 1.8512e+01 9.1433e+01 4.0068e+01
6.7522e+01 2.3497e+01 1.8498e+01 9.2460e+01 4.0146e+01
6.8035e+01 2.3566e+01 1.8483e+01 9.3478e+01 4.0224e+01
6.8546e+01 2.3634e+01 1.8469e+01 9.4486e+01 4.0301e+01
6.9054e+01 2.3701e+01 1.8454e+01 9.5486e+01 4.0378e+01
6.9560e+01 2.3768e+01 1.8440e+01 9.6476e+01 4.0455e+01
7.0063e+01 2.3835e+01 1.8425e+01 9.7458e+01 4.0531e+01
7.0563e+01 2.3900e+01 1.8411e+01 9.8430e+01 4.0607e+01
7.1061e+01 2.3966e+01 1.8396e+01 9.9394e+01 4.0683e+01
7.1555e+01 2.4030e+01 1.8381e+01 1.0035e+02 4.0759e+01
7.2046e+01 2.4094e+01 1.8366e+01 1.0130e+02 4.0835e+01
7.2535e+01 2.4158e+01 1.8351e+01 1.0224e+02 4.0910e+01
7.3021e+01 2.4221e+01 1.8336e+01 1.0317e+02 4.0986e+01
7.3503e+01 2.4284e+01 1.8321e+01 1.0410e+02 4.1061e+01
7.3982e+01 2.4346e+01 1.8306e+01 1.0501e+02 4.1137e+01
7.4458e+01 2.4407e+01 1.8291e+01 1.0592e+02 4.1211e+01
7.4931e+01 2.4468e+01 1.8276e+01 1.0683e+02 4.1286e+01
7.5399e+01 2.4529e+01 1.8261e+01 1.0772e+02 4.1361e+01
7.5864e+01 2.4589e+01 1.8246e+01 1.0861e+02 4.1436e+01
7.6324e+01 2.4648e+01 1.8231e+01 1.0949e+02 4.1511e+01
7.6781e+01 2.4707e+01 1.8216e+01 1.1036e+02 4.1586e+01
7.7233e+01 2.4765e+01 1.8201e+01 1.1123e+02 4.1661e+01
7.7680e+01 2.4823e+01 1.8186e+01 1.1208e+02 4.1736e+01
7.8122e+01 2.4880e+01 1.8171e+01 1.1293e+02 4.1812e+01
7.8559e+01 2.4937e+01 1.8156e+01 1.1377e+02 4.1887e+01
7.8990e+01 2.4993e+01 1.8141e+01 1.1461e+02 4.1963e+01
7.9416e+01 2.5049e+01 1.8126e+01 1.1543e+02 4.2039e+01
7.9837e+01 2.5104e+01 1.8111e+01 1.1625e+02 4.2114e+01
8.0253e+01 2.5159e+01 1.8097e+01 1.1707e+02 4.2190e+01
8.0663e+01 2.5213e+01 1.8082e+01 1.1787e+02 4.2267e+01
8.1069e+01 2.5266e+01 1.8067e+01 1.1867e+02 4.2344e+01
8.1479e+01 2.5323e+01 1.8055e+01 1.1948e+02 4.2426e+01
8.1891e+01 2.5381e+01 1.8044e+01 1.2029e+02 4.2514e+01
8.2304e+01 2.5442e+01 1.8035e+01 1.2110e+02 4.2606e+01
8.2717e+01 2.5504e+01 1.8028e+01 1.2192e+02 4.2702e+01
8.3129e+01 2.5567e+01 1.8022e+01 1.2274e+02 4.2801e+01
8.3539e+01 2.5632e+01 1.8017e+01 1.2355e+02 4.2903e+01
8.3946e+01 2.5697e+01 1.8013e+01 1.2437e+02 4.3009e+01
8.4351e+01 2.5763e+01 1.8010e+01 1.2517e+02 4.3116e+01
8.4753e+01 2.5829e+01 1.8008e+01 1.2597e+02 4.3226e+01
8.5152e+01 2.5896e+01 1.8006e+01 1.2675e+02 4.3338e+01
8.5545e+01 2.5963e+01 1.8005e+01 1.2751e+02 4.3452e+01
8.5930e+01 2.6031e+01 1.8005e+01 1.2824e+02 4.3568e+01
8.6303e+01 2.6098e+01 1.8005e+01 1.2896e+02 4.3685e+01
8.6663e+01 2.6165e+01 1.8005e+01 1.2966e+02 4.3804e+01
8.7009e+01 2.6231e+01 1.8006e+01 1.3033e+02 4.3923e+01
8.7340e+01 2.6298e+01 1.8006e+01 1.3098e+02 4.4043e+01
8.7659e+01 2.6363e+01 1.8007e+01 1.3159e+02 4.4165e+01
8.7965e+01 2.6429e+01 1.8008e+01 1.3218e+02 4.4288e+01
8.8259e+01 2.6493e+01 1.8009e+01 1.3273e+02 4.4411e+01
8.8542e+01 2.6557e+01 1.8010e+01 1.3325e+02 4.4535e+01
8.8813e+01 2.6620e+01 1.8012e+01 1.3375e+02 4.4660e+01
8.9072e+01 2.6682e+01 1.8013e+01 1.3422e+02 4.4785e+01
8.9322e+01 2.6744e+01 1.8014e+01 1.3465e+02 4.4911e+01
8.9561e+01 2.6804e+01 1.8015e+01 1.3507e+02 4.5036e+01
8.9791e+01 2.6864e+01 1.8016e+01 1.3545e+02 4.5163e+01
9.0012e+01 2.6922e+01 1.8016e+01 1.3581e+02 4.5289e+01
9.0225e+01 2.6979e+01 1.8017e+01 1.3614e+02 4.5416e+01
9.0429e+01 2.7036e+01 1.8018e+01 1.3644e+02 4.5543e+01
9.0624e+01 2.7090e+01 1.8018e+01 1.3672e+02 4.5671e+01
9.0813e+01 2.7144e+01 1.8018e+01 1.3697e+02 4.5798e+01
9.0994e+01 2.7196e+01 1.8018e+01 1.3720e+02 4.5925e+01
9.1168e+01 2.7247e+01 1.8018e+01 1.3741e+02 4.6052e+01
9.1337e+01 2.7297e+01 1.8018e+01 1.3759e+02 4.6180e+01
9.1499e+01 2.7345e+01 1.8017e+01 1.3775e+02 4.6307e+01
9.1655e+01 2.7392e+01 1.8016e+01 1.3788e+02 4.6434e+01
9.1806e+01 2.7438e+01 1.8015e+01 1.3800e+02 4.6560e+01
9.1952e+01 2.7482e+01 1.8014e+01 1.3809e+02 4.6685e+01
9.2094e+01 2.7524e+01 1.8013e+01 1.3816e+02 4.6808e+01
9.2231e+01 2.7566e+01 1.8011e+01 1.3820e+02 4.6929e+01
9.2363e+01 2.7605e+01 1.8009e+01 1.3822e+02 4.7049e+01
9.2490e+01 2.7644e+01 1.8007e+01 1.3822e+02 4.7169e+01
9.2614e+01 2.7681e+01 1.8005e+01 1.3819e+02 4.7287e+01
9.2733e+01 2.7717e+01 1.8002e+01 1.3814e+02 4.7403e+01
9.2848e+01 2.7752e+01 1.7999e+01 1.3806e+02 4.7519e+01
9.2959e+01 2.7785e+01 1.7996e+01 1.3796e+02 4.7634e+01
9.3068e+01 2.7818e+01 1.7993e+01 1.3783e+02 4.7748e+01
9.3173e+01 2.7849e+01 1.7989e+01 1.3769e+02 4.7862e+01
9.3274e+01 2.7880e+01 1.7985e+01 1.3753e+02 4.7975e+01
9.3373e+01 2.7909e+01 1.7980e+01 1.3735e+02 4.8087e+01
9.3470e+01 2.7938e+01 1.7975e+01 1.3715e+02 4.8197e+01
9.3565e+01 2.7965e+01 1.7970e+01 1.3695e+02 4.8307e+01
9.3657e+01 2.7992e+01 1.7965e+01 1.3672e+02 4.8416e+01
9.3748e+01 2.8018e+01 1.7959e+01 1.3649e+02 4.8525e+01
9.3837e+01 2.8044e+01 1.7953e+01 1.3625e+02 4.8631e+01
9.3924e+01 2.8068e+01 1.7946e+01 1.3600e+02 4.8737e+01
9.4009e+01 2.8092e+01 1.7940e+01 1.3574e+02 4.8841e+01
9.4091e+01 2.8116e+01 1.7932e+01 1.3547e+02 4.8945e+01
9.4171e+01 2.8139e+01 1.7925e+01 1.3520e+02 4.9046e+01
9.4249e+01 2.8161e+01 1.7917e+01 1.3492e+02 4.9146e+01
9.4324e+01 2.8182e+01 1.7909e+01 1.3464e+02 4.9245e+01
9.4397e+01 2.8203e+01 1.7900e+01 1.3436e+02 4.9342e+01
9.4467e+01 2.8223e+01 1.7891e+01 1.3408e+02 4.9438e+01
9.4534e+01 2.8242e+01 1.7881e+01 1.3379e+02 4.9531e+01
9.4599e+01 2.8261e+01 1.7871e+01 1.3351e+02 4.9623e+01
9.4661e+01 2.8279e+01 1.7861e+01 1.3323e+02 4.9713e+01
9.4721e+01 2.8296e+01 1.7851e+01 1.3295e+02 4.9801e+01
9.4778e+01 2.8312e+01 1.7840e+01 1.3267e+02 4.9887e+01
9.4833e+01 2.8328e+01 1.7828e+01 1.3239e+02 4.9972e+01
9.4885e+01 2.8343e+01 1.7817e+01 1.3212e+02 5.0056e+01
9.4934e+01 2.8357e+01 1.7805e+01 1.3185e+02 5.0137e+01
9.4980e+01 2.8370e+01 1.7792e+01 1.3158e+02 5.0217e+01
9.5023e+01 2.8382e+01 1.7779e+01 1.3131e+02 5.0296e+01
9.5063e+01 2.8393e+01 1.7766e+01 1.3105e+02 5.0373e+01
9.5099e+01 2.8404e+01 1.7752e+01 1.3079e+02 5.0447e+01
9.5133e+01 2.8414e+01 1.7738e+01 1.3053e+02 5.0521e+01
9.5162e+01 2.8423e+01 1.7724e+01 1.3028e+02 5.0595e+01
9.5186e+01 2.8431e+01 1.7709e+01 1.3003e+02 5.0666e+01
9.5207e+01 2.8438e+01 1.7693e+01 1.2978e+02 5.0737e+01
9.5222e+01 2.8445e+01 1.7678e+01 1.2954e+02 5.0807e+01
9.5233e+01 2.8451e+01 1.7662e+01 1.2930e+02 5.0876e+01
9.5238e+01 2.8455e+01 1.7645e+01 1.2906e+02 5.0944e+01
9.5238e+01 2.8460e+01 1.7628e+01 1.2883e+02 5.1010e+01
9.5232e+01 2.8463e+01 1.7610e+01 1.2860e+02 5.1076e+01
9.5220e+01 2.8466e+01 1.7593e+01 1.2838e+02 5.1142e+01
9.5202e+01 2.8468e+01 1.7574e+01 1.2815e+02 5.1206e+01
9.5177e+01 2.8469e+01 1.7555e+01 1.2793e+02 5.1271e+01
9.5144e+01 2.8469e+01 1.7536e+01 1.2771e+02 5.1334e+01
9.5103e+01 2.8469e+01 1.7516e+01 1.2749e+02 5.1397e+01
9.5054e+01 2.8468e+01 1.7496e+01 1.2728e+02 5.1458e+01
9.4997e+01 2.8467e+01 1.7475e+01 1.2706e+02 5.1520e+01
9.4931e+01 2.8464e+01 1.7454e+01 1.2685e+02 5.1580e+01
9.4858e+01 2.8461e+01 1.7432e+01 1.2664e+02 5.1640e+01
9.4777e+01 2.8458e+01 1.7410e+01 1.2643e+02 5.1699e+01
9.4688e+01 2.8454e+01 1.7387e+01 1.2622e+02 5.1758e+01
9.4592e+01 2.8449e+01 1.7364e+01 1.2602e+02 5.1817e+01
9.4488e+01 2.8443e+01 1.7341e+01 1.2582e+02 5.1874e+01
9.4377e+01 2.8437e+01 1.7317e+01 1.2563e+02 5.1932e+01
9.4257e+01 2.8430e+01 1.7292e+01 1.2544e+02 5.1989e+01
9.4130e+01 2.8423e+01 1.7267e+01 1.2525e+02 5.2045e+01
9.3995e+01 2.8415e+01 1.7242e+01 1.2506e+02 5.2103e+01
9.3853e+01 2.8406e+01 1.7216e+01 1.2489e+02 5.2158e+01
9.3704e+01 2.8397e+01 1.7190e+01 1.2471e+02 5.2215e+01
9.3548e+01 2.8388e+01 1.7163e+01 1.2454e+02 5.2272e+01
9.3385e+01 2.8377e+01 1.7136e+01 1.2438e+02 5.2327e+01
9.3215e+01 2.8367e+01 1.7108e+01 1.2422e+02 5.2383e+01
9.3038e+01 2.8355e+01 1.7080e+01 1.2407e+02 5.2438e+01
9.2855e+01 2.8343e+01 1.7052e+01 1.2392e+02 5.2494e+01
9.2666e+01 2.8331e+01 1.7023e+01 1.2378e+02 5.2549e+01
9.2470e+01 2.8318e+01 1.6994e+01 1.2365e+02 5.2604e+01
9.2268e+01 2.8304e+01 1.6964e+01 1.2352e+02 5.2659e+01
9.2059e+01 2.8290e+01 1.6934e+01 1.2340e+02 5.2715e+01
9.1845e+01 2.8276e+01 1.6904e+01 1.2328e+02 5.2770e+01
9.1625e+01 2.8261e+01 1.6873e+01 1.2316e+02 5.2826e+01
9.1399e+01 2.8245e+01 1.6842e+01 1.2305e+02 5.2881e+01
9.1169e+01 2.8229e+01 1.6811e+01 1.2295e+02 5.2937e+01
9.0934e+01 2.8212e+01 1.6779e+01 1.2285e+02 5.2994e+01
9.0693e+01 2.8195e+01 1.6747e+01 1.2276e+02 5.3050e+01
9.0448e+01 2.8177e+01 1.6715e+01 1.2267e+02 5.3105e+01
9.0199e+01 2.8159e+01 1.6682e+01 1.2259e+02 5.3161e+01
8.9945e+01 2.8140e+01 1.6649e+01 1.2252e+02 5.3217e+01
8.9687e+01 2.8120e+01 1.6616e+01 1.2245e+02 5.3273e+01
8.9426e+01 2.8101e+01 1.6583e+01 1.2239e+02 5.3329e+01
8.9162e+01 2.8080e+01 1.6549e+01 1.2234e+02 5.3385e+01
8.8894e+01 2.8060e+01 1.6515e+01 1.2229e+02 5.3441e+01
8.8624e+01 2.8039e+01 1.6481e+01 1.2225e+02 5.3497e+01
8.8354e+01 2.8018e+01 1.6447e+01 1.2221e+02 5.3554e+01
8.8092e+01 2.8000e+01 1.6415e+01 1.2220e+02 5.3617e+01
8.7837e+01 2.7984e+01 1.6385e+01 1.2220e+02 5.3685e+01
8.7590e+01 2.7971e+01 1.6355e+01 1.2222e+02 5.3759e+01
8.7349e+01 2.7959e+01 1.6327e+01 1.2226e+02 5.3835e+01
8.7113e+01 2.7949e+01 1.6299e+01 1.2231e+02 5.3914e+01
8.6882e+01 2.7940e+01 1.6272e+01 1.2237e+02 5.3995e+01
8.6656e+01 2.7933e+01 1.6245e+01 1.2244e+02 5.4079e+01
8.6433e+01 2.7926e+01 1.6219e+01 1.2253e+02 5.4165e+01
8.6214e+01 2.7920e+01 1.6194e+01 1.2262e+02 5.4251e+01
8.5998e+01 2.7914e+01 1.6168e+01 1.2271e+02 5.4338e+01
8.5786e+01 2.7909e+01 1.6143e+01 1.2282e+02 5.4425e+01
8.5576e+01 2.7904e+01 1.6118e+01 1.2292e+02 5.4511e+01
8.5368e+01 2.7899e+01 1.6093e+01 1.2303e+02 5.4596e+01
8.5163e+01 2.7893e+01 1.6068e+01 1.2314e+02 5.4680e+01
8.4961e+01 2.7888e+01 1.6043e+01 1.2326e+02 5.4762e+01
8.4760e+01 2.7882e+01 1.6018e+01 1.2337e+02 5.4842e+01
8.4562e+01 2.7876e+01 1.5993e+01 1.2349e+02 5.4919e+01
8.4366e+01 2.7869e+01 1.5967e+01 1.2360e+02 5.4994e+01
8.4172e+01 2.7862e+01 1.5942e+01 1.2371e+02 5.5065e+01
8.3979e+01 2.7853e+01 1.5916e+01 1.2382e+02 5.5133e+01
8.3789e+01 2.7845e+01 1.5889e+01 1.2393e+02 5.5199e+01
8.3600e+01 2.7835e+01 1.5863e+01 1.2404e+02 5.5262e+01
8.3413e+01 2.7825e+01 1.5838e+01 1.2414e+02 5.5320e+01
8.3228e+01 2.7814e+01 1.5815e+01 1.2424e+02 5.5374e+01
8.3045e+01 2.7802e+01 1.5794e+01 1.2433e+02 5.5424e+01
8.2863e+01 2.7789e+01 1.5773e+01 1.2442e+02 5.5469e+01
8.2683e+01 2.7775e+01 1.5753e+01 1.2451e+02 5.5509e+01
8.2504e+01 2.7760e+01 1.5734e+01 1.2459e+02 5.5544e+01
8.2326e+01 2.7745e+01 1.5716e+01 1.2467e+02 5.5576e+01
8.2149e+01 2.7728e+01 1.5699e+01 1.2474e+02 5.5604e+01
8.1973e+01 2.7710e+01 1.5682e+01 1.2481e+02 5.5629e+01
8.1798e+01 2.7692e+01 1.5666e+01 1.2487e+02 5.5648e+01
8.1624e+01 2.7672e+01 1.5652e+01 1.2493e+02 5.5661e+01
8.1451e+01 2.7651e+01 1.5639e+01 1.2499e+02 5.5671e+01
8.1278e+01 2.7630e+01 1.5629e+01 1.2504e+02 5.5676e+01
8.1106e+01 2.7608e+01 1.5621e+01 1.2509e+02 5.5677e+01
8.0933e+01 2.7584e+01 1.5614e+01 1.2514e+02 5.5672e+01
8.0760e+01 2.7560e+01 1.5609e+01 1.2518e+02 5.5664e+01
8.0587e+01 2.7535e+01 1.5605e+01 1.2523e+02 5.5651e+01
8.0414e+01 2.7509e+01 1.5603e+01 1.2526e+02 5.5633e+01
8.0241e+01 2.7481e+01 1.5602e+01 1.2530e+02 5.5611e+01
8.0069e+01 2.7453e+01 1.5602e+01 1.2533e+02 5.5585e+01
7.9896e+01 2.7424e+01 1.5602e+01 1.2537e+02 5.5555e+01
7.9723e+01 2.7395e+01 1.5604e+01 1.2539e+02 5.5522e+01
7.9550e+01 2.7364e+01 1.5606e+01 1.2542e+02 5.5485e+01
7.9378e+01 2.7332e+01 1.5609e+01 1.2545e+02 5.5445e+01
7.9206e+01 2.7300e+01 1.5613e+01 1.2548e+02 5.5402e+01
7.9046e+01 2.7270e+01 1.5618e+01 1.2552e+02 5.5362e+01
7.8896e+01 2.7243e+01 1.5623e+01 1.2558e+02 5.5327e+01
7.8756e+01 2.7219e+01 1.5629e+01 1.2566e+02 5.5295e+01
7.8626e+01 2.7197e+01 1.5636e+01 1.2575e+02 5.5267e+01
7.8505e+01 2.7176e+01 1.5643e+01 1.2585e+02 5.5243e+01
7.8392e+01 2.7158e+01 1.5651e+01 1.2596e+02 5.5223e+01
7.8288e+01 2.7141e+01 1.5660e+01 1.2609e+02 5.5205e+01
7.8191e+01 2.7126e+01 1.5669e+01 1.2623e+02 5.5190e+01
7.8100e+01 2.7112e+01 1.5678e+01 1.2638e+02 5.5178e+01
7.8017e+01 2.7099e+01 1.5688e+01 1.2654e+02 5.5167e+01
7.7940e+01 2.7087e+01 1.5698e+01 1.2671e+02 5.5159e+01
7.7870e+01 2.7076e+01 1.5709e+01 1.2689e+02 5.5154e+01
7.7805e+01 2.7065e+01 1.5720e+01 1.2708e+02 5.5150e+01
7.7745e+01 2.7056e+01 1.5732e+01 1.2727e+02 5.5149e+01
7.7690e+01 2.7047e+01 1.5744e+01 1.2747e+02 5.5149e+01
7.7641e+01 2.7039e+01 1.5757e+01 1.2768e+02 5.5151e+01
7.7595e+01 2.7031e+01 1.5770e+01 1.2790e+02 5.5154e+01
7.7555e+01 2.7023e+01 1.5784e+01 1.2813e+02 5.5159e+01
7.7519e+01 2.7016e+01 1.5797e+01 1.2836e+02 5.5166e+01
