2.4216e+00 3.3646e+00 2.0884e+01 1.7371e+00 2.8319e+00
2.6773e+00 3.8726e+00 2.5775e+01 1.8335e+00 3.1940e+00
3.1215e+00 4.7386e+00 3.6168e+01 2.0136e+00 3.7730e+00
4.1005e+00 6.8475e+00 5.4056e+01 2.4448e+00 5.0909e+00
7.0106e+00 1.4982e+01 7.4314e+01 3.8005e+00 9.5589e+00
7.8757e+00 2.0211e+01 7.4013e+01 4.1758e+00 1.1506e+01
7.9458e+00 2.5224e+01 6.9687e+01 4.1735e+00 1.2362e+01
8.0730e+00 3.3456e+01 6.6147e+01 4.1984e+00 1.3618e+01
8.3129e+00 3.6641e+01 6.4777e+01 4.2482e+00 1.4924e+01
8.3065e+00 3.7957e+01 6.3515e+01 4.4382e+00 1.5033e+01
3.3988e+01 2.2992e+02 2.5414e+02 3.8113e+01 1.3637e+02
3.0590e+01 2.0693e+02 2.2873e+02 3.4302e+01 1.2273e+02
2.7531e+01 1.8624e+02 2.0586e+02 3.0872e+01 1.1046e+02
2.4778e+01 1.6761e+02 1.8527e+02 2.7784e+01 9.9415e+01
2.2301e+01 1.5085e+02 1.6675e+02 2.5006e+01 8.9474e+01
2.0071e+01 1.3577e+02 1.5008e+02 2.2506e+01 8.0528e+01
1.8064e+01 1.2219e+02 1.3507e+02 2.0255e+01 7.2476e+01
1.6257e+01 1.0997e+02 1.2157e+02 1.8230e+01 6.5230e+01
1.4632e+01 9.8977e+01 1.0941e+02 1.6407e+01 5.8708e+01
1.3169e+01 8.9081e+01 9.8474e+01 1.4767e+01 5.2840e+01
1.1852e+01 8.0175e+01 8.8630e+01 1.3290e+01 4.7560e+01
1.0667e+01 7.2159e+01 7.9770e+01 1.1962e+01 4.2812e+01
9.6008e+00 6.4944e+01 7.1798e+01 1.0766e+01 3.8553e+01
8.6412e+00 5.8451e+01 6.4623e+01 9.6906e+00 3.4721e+01
7.7776e+00 5.2608e+01 5.8167e+01 8.7227e+00 3.1270e+01
7.0005e+00 4.7348e+01 5.2357e+01 7.8518e+00 2.8162e+01
6.3011e+00 4.2615e+01 4.7128e+01 7.0683e+00 2.5363e+01
5.6718e+00 3.8355e+01 4.2424e+01 6.3634e+00 2.2845e+01
5.1054e+00 3.4521e+01 3.8190e+01 5.7293e+00 2.0577e+01
4.5958e+00 3.1070e+01 3.4380e+01 5.1590e+00 1.8538e+01
4.1372e+00 2.7965e+01 3.0953e+01 4.6461e+00 1.6703e+01
3.7245e+00 2.5170e+01 2.7869e+01 4.1851e+00 1.5054e+01
3.3533e+00 2.2655e+01 2.5094e+01 3.7708e+00 1.3571e+01
3.0193e+00 2.0391e+01 2.2598e+01 3.3988e+00 1.2237e+01
2.7189e+00 1.8354e+01 2.0352e+01 3.0663e+00 1.1034e+01
2.4490e+00 1.6522e+01 1.8331e+01 2.7708e+00 9.9496e+00
2.2070e+00 1.4873e+01 1.6511e+01 2.5142e+00 8.9715e+00
1.9905e+00 1.3390e+01 1.4873e+01 2.2971e+00 8.0897e+00
1.7982e+00 1.2056e+01 1.3401e+01 2.1131e+00 7.2954e+00
1.6288e+00 1.0857e+01 1.2081e+01 1.9339e+00 6.5801e+00
1.4777e+00 9.7780e+00 1.0898e+01 1.7685e+00 5.9381e+00
1.3402e+00 8.8087e+00 9.8367e+00 1.6175e+00 5.3622e+00
1.2183e+00 7.9381e+00 8.8854e+00 1.4805e+00 4.8455e+00
1.1108e+00 7.1563e+00 8.0324e+00 1.3567e+00 4.3822e+00
1.0162e+00 6.4544e+00 7.2673e+00 1.2452e+00 3.9667e+00
9.3328e-01 5.8244e+00 6.5807e+00 1.1449e+00 3.5942e+00
8.6057e-01 5.2590e+00 5.9644e+00 1.0549e+00 3.2604e+00
7.9691e-01 4.7517e+00 5.4109e+00 9.7415e-01 2.9610e+00
7.4115e-01 4.2964e+00 4.9148e+00 9.0188e-01 2.6928e+00
6.9230e-01 3.8879e+00 4.4704e+00 8.3724e-01 2.4523e+00
6.4949e-01 3.5212e+00 4.0721e+00 7.7949e-01 2.2367e+00
6.1196e-01 3.1921e+00 3.7150e+00 7.2796e-01 2.0435e+00
5.7903e-01 2.8966e+00 3.3947e+00 6.8203e-01 1.8704e+00
5.5013e-01 2.6313e+00 3.1071e+00 6.4116e-01 1.7153e+00
5.2478e-01 2.3931e+00 2.8488e+00 6.0483e-01 1.5764e+00
5.0254e-01 2.1790e+00 2.6165e+00 5.7260e-01 1.4521e+00
4.8304e-01 1.9868e+00 2.4073e+00 5.4404e-01 1.3408e+00
4.6595e-01 1.8140e+00 2.2189e+00 5.1877e-01 1.2414e+00
4.5098e-01 1.6588e+00 2.0490e+00 4.9644e-01 1.1526e+00
4.3788e-01 1.5193e+00 1.8956e+00 4.7675e-01 1.0734e+00
4.2642e-01 1.3938e+00 1.7568e+00 4.5940e-01 1.0029e+00
4.1640e-01 1.2810e+00 1.6311e+00 4.4415e-01 9.4029e-01
4.0766e-01 1.1796e+00 1.5170e+00 4.3075e-01 8.8476e-01
4.0003e-01 1.0884e+00 1.4134e+00 4.1901e-01 8.3571e-01
3.9338e-01 1.0063e+00 1.3191e+00 4.0874e-01 7.9254e-01
3.8760e-01 9.3244e-01 1.2332e+00 3.9979e-01 7.5474e-01
3.8333e-01 8.6655e-01 1.1547e+00 3.9273e-01 7.2281e-01
3.8042e-01 8.0783e-01 1.0829e+00 3.8740e-01 6.9637e-01
3.7875e-01 7.5555e-01 1.0171e+00 3.8364e-01 6.7509e-01
3.7823e-01 7.0907e-01 9.5678e-01 3.8133e-01 6.5874e-01
3.7876e-01 6.6783e-01 9.0133e-01 3.8039e-01 6.4715e-01
3.8028e-01 6.3130e-01 8.5030e-01 3.8071e-01 6.4022e-01
3.8274e-01 5.9905e-01 8.0332e-01 3.8222e-01 6.3796e-01
3.8609e-01 5.7067e-01 7.6003e-01 3.8488e-01 6.4045e-01
3.9030e-01 5.4582e-01 7.2092e-01 3.8862e-01 6.4787e-01
3.9536e-01 5.2417e-01 6.8572e-01 3.9342e-01 6.6048e-01
4.0124e-01 5.0547e-01 6.5407e-01 3.9925e-01 6.7868e-01
4.0796e-01 4.8945e-01 6.2565e-01 4.0608e-01 7.0299e-01
4.1550e-01 4.7591e-01 6.0015e-01 4.1390e-01 7.3400e-01
4.2387e-01 4.6466e-01 5.7729e-01 4.2271e-01 7.7244e-01
4.3309e-01 4.5552e-01 5.5679e-01 4.3249e-01 8.1909e-01
4.4319e-01 4.4835e-01 5.3844e-01 4.4328e-01 8.7479e-01
4.5434e-01 4.4314e-01 5.2213e-01 4.5524e-01 9.3977e-01
4.6715e-01 4.4016e-01 5.0808e-01 4.6896e-01 1.0151e+00
4.8161e-01 4.3929e-01 4.9610e-01 4.8443e-01 1.0964e+00
4.9777e-01 4.4042e-01 4.8602e-01 5.0166e-01 1.2017e+00
5.1564e-01 4.4345e-01 4.7768e-01 5.2064e-01 1.2895e+00
5.3525e-01 4.4829e-01 4.7096e-01 5.4135e-01 1.3503e+00
5.5667e-01 4.5486e-01 4.6572e-01 5.6378e-01 1.4000e+00
5.7993e-01 4.6307e-01 4.6185e-01 5.8790e-01 1.4374e+00
6.0510e-01 4.7286e-01 4.5924e-01 6.1363e-01 1.4635e+00
6.3224e-01 4.8415e-01 4.5780e-01 6.4090e-01 1.4802e+00
6.6143e-01 4.9687e-01 4.5742e-01 6.6959e-01 1.4892e+00
6.9275e-01 5.1096e-01 4.5802e-01 6.9956e-01 1.4922e+00
7.2629e-01 5.2635e-01 4.5953e-01 7.3063e-01 1.4903e+00
7.6215e-01 5.4302e-01 4.6189e-01 7.6260e-01 1.4849e+00
8.0035e-01 5.6096e-01 4.6506e-01 7.9513e-01 1.4768e+00
8.4094e-01 5.8019e-01 4.6902e-01 8.2793e-01 1.4670e+00
8.8393e-01 6.0081e-01 4.7380e-01 8.6078e-01 1.4563e+00
9.2929e-01 6.2298e-01 4.7944e-01 8.9345e-01 1.4453e+00
9.7679e-01 6.4697e-01 4.8606e-01 9.2564e-01 1.4348e+00
1.0262e+00 6.7315e-01 4.9382e-01 9.5710e-01 1.4255e+00
1.0777e+00 7.0195e-01 5.0295e-01 9.8758e-01 1.4181e+00
1.1310e+00 7.3388e-01 5.1375e-01 1.0170e+00 1.4134e+00
1.1860e+00 7.6947e-01 5.2703e-01 1.0455e+00 1.4122e+00
1.2428e+00 8.0921e-01 5.4563e-01 1.0734e+00 1.4158e+00
1.3015e+00 8.5874e-01 5.7200e-01 1.1017e+00 1.4361e+00
1.3693e+00 9.2395e-01 6.1017e-01 1.1399e+00 1.4813e+00
1.4496e+00 1.0087e+00 6.6663e-01 1.2062e+00 1.5644e+00
1.5770e+00 1.1272e+00 7.5102e-01 1.3139e+00 1.7046e+00
1.7693e+00 1.3074e+00 8.7618e-01 1.4792e+00 1.9272e+00
2.0610e+00 1.5727e+00 1.0571e+00 1.7198e+00 2.2639e+00
2.4995e+00 1.9559e+00 1.3184e+00 2.0575e+00 2.8180e+00
3.1056e+00 2.4860e+00 1.7052e+00 2.5004e+00 3.7067e+00
3.8552e+00 3.1684e+00 2.2475e+00 3.0631e+00 5.2556e+00
4.6777e+00 3.9814e+00 2.9634e+00 3.7246e+00 6.2419e+00
5.5020e+00 4.8888e+00 3.8573e+00 4.4612e+00 7.0289e+00
6.2729e+00 5.8362e+00 4.9039e+00 5.2435e+00 7.6541e+00
6.9463e+00 6.7512e+00 6.0515e+00 6.0455e+00 8.1561e+00
7.5510e+00 7.5745e+00 7.2387e+00 6.8578e+00 8.5596e+00
8.0568e+00 8.2714e+00 8.3982e+00 7.6190e+00 8.8803e+00
8.4468e+00 8.8248e+00 9.4729e+00 8.2892e+00 9.1279e+00
8.7156e+00 9.2324e+00 1.0423e+01 8.8558e+00 9.3097e+00
8.8680e+00 9.5026e+00 1.1222e+01 9.3071e+00 9.4324e+00
8.9151e+00 9.6482e+00 1.1861e+01 9.6523e+00 9.5013e+00
8.9157e+00 9.6974e+00 1.2425e+01 9.9031e+00 9.5716e+00
8.8842e+00 9.6662e+00 1.2926e+01 1.0074e+01 9.6525e+00
8.8262e+00 9.6298e+00 1.3361e+01 1.0179e+01 9.7437e+00
8.7464e+00 9.6098e+00 1.3729e+01 1.0228e+01 9.8446e+00
8.6488e+00 9.6044e+00 1.4030e+01 1.0230e+01 9.9528e+00
8.5363e+00 9.6122e+00 1.4265e+01 1.0189e+01 1.0066e+01
8.4116e+00 9.6322e+00 1.4436e+01 1.0110e+01 1.0181e+01
8.2767e+00 9.6629e+00 1.4544e+01 9.9927e+00 1.0293e+01
8.1334e+00 9.7032e+00 1.4592e+01 9.8397e+00 1.0398e+01
7.9834e+00 9.7519e+00 1.4583e+01 9.6661e+00 1.0491e+01
7.8283e+00 9.8075e+00 1.4523e+01 9.4859e+00 1.0564e+01
7.6697e+00 9.8686e+00 1.4419e+01 9.3011e+00 1.0637e+01
7.5092e+00 9.9338e+00 1.4277e+01 9.1139e+00 1.0860e+01
7.3485e+00 1.0002e+01 1.4130e+01 8.9267e+00 1.1275e+01
7.2065e+00 1.0072e+01 1.3990e+01 8.7634e+00 1.1919e+01
7.0996e+00 1.0144e+01 1.3903e+01 8.6449e+00 1.2722e+01
7.0204e+00 1.0220e+01 1.3874e+01 8.5630e+00 1.3541e+01
6.9625e+00 1.0301e+01 1.3897e+01 8.5108e+00 1.4150e+01
6.9198e+00 1.0388e+01 1.3970e+01 8.4815e+00 1.4572e+01
6.8866e+00 1.0482e+01 1.4085e+01 8.4671e+00 1.4831e+01
6.8576e+00 1.0583e+01 1.4233e+01 8.4587e+00 1.4937e+01
6.8278e+00 1.0692e+01 1.4403e+01 8.4476e+00 1.4912e+01
6.7934e+00 1.0809e+01 1.4581e+01 8.4267e+00 1.4776e+01
6.7517e+00 1.0933e+01 1.4757e+01 8.3902e+00 1.4551e+01
6.7008e+00 1.1062e+01 1.4920e+01 8.3345e+00 1.4258e+01
6.6395e+00 1.1199e+01 1.5063e+01 8.2579e+00 1.3917e+01
6.5677e+00 1.1343e+01 1.5184e+01 8.1600e+00 1.3544e+01
6.4857e+00 1.1482e+01 1.5280e+01 8.0419e+00 1.3151e+01
6.3941e+00 1.1603e+01 1.5351e+01 7.9055e+00 1.2747e+01
6.2937e+00 1.1715e+01 1.5397e+01 7.7536e+00 1.2352e+01
6.1967e+00 1.1814e+01 1.5421e+01 7.5887e+00 1.1966e+01
6.1181e+00 1.1900e+01 1.5438e+01 7.4136e+00 1.1590e+01
6.0549e+00 1.1975e+01 1.5487e+01 7.2308e+00 1.1223e+01
6.0074e+00 1.2040e+01 1.5569e+01 7.0424e+00 1.0867e+01
5.9774e+00 1.2091e+01 1.5681e+01 6.8506e+00 1.0520e+01
5.9617e+00 1.2125e+01 1.5820e+01 6.6570e+00 1.0184e+01
5.9568e+00 1.2139e+01 1.5984e+01 6.4632e+00 9.8576e+00
5.9595e+00 1.2131e+01 1.6167e+01 6.2704e+00 9.5423e+00
5.9681e+00 1.2102e+01 1.6367e+01 6.0799e+00 9.2380e+00
5.9794e+00 1.2052e+01 1.6578e+01 5.8985e+00 8.9540e+00
5.9916e+00 1.1983e+01 1.6798e+01 5.7283e+00 8.6928e+00
6.0043e+00 1.1896e+01 1.7022e+01 5.5686e+00 8.4528e+00
6.0178e+00 1.1796e+01 1.7246e+01 5.4187e+00 8.2325e+00
6.0328e+00 1.1685e+01 1.7468e+01 5.2781e+00 8.0306e+00
6.0490e+00 1.1565e+01 1.7684e+01 5.1460e+00 7.8460e+00
6.0666e+00 1.1438e+01 1.7891e+01 5.0222e+00 7.6776e+00
6.0852e+00 1.1308e+01 1.8086e+01 4.9061e+00 7.5245e+00
6.1045e+00 1.1175e+01 1.8268e+01 4.7973e+00 7.3859e+00
6.1241e+00 1.1043e+01 1.8435e+01 4.6954e+00 7.2611e+00
6.1433e+00 1.0911e+01 1.8586e+01 4.6001e+00 7.1493e+00
6.1611e+00 1.0782e+01 1.8721e+01 4.5111e+00 7.0560e+00
6.1765e+00 1.0656e+01 1.8838e+01 4.4281e+00 6.9835e+00
6.1885e+00 1.0534e+01 1.8938e+01 4.3507e+00 6.9313e+00
6.1972e+00 1.0416e+01 1.9019e+01 4.2787e+00 6.8988e+00
6.2025e+00 1.0304e+01 1.9083e+01 4.2118e+00 6.8856e+00
6.2043e+00 1.0197e+01 1.9128e+01 4.1496e+00 6.8908e+00
6.2023e+00 1.0095e+01 1.9157e+01 4.0919e+00 6.9139e+00
6.1966e+00 1.0000e+01 1.9171e+01 4.0383e+00 6.9532e+00
6.1875e+00 9.9109e+00 1.9170e+01 3.9885e+00 7.0082e+00
6.1752e+00 9.8280e+00 1.9156e+01 3.9423e+00 7.0764e+00
6.1600e+00 9.7514e+00 1.9131e+01 3.8994e+00 7.1530e+00
6.1424e+00 9.6809e+00 1.9097e+01 3.8595e+00 7.2246e+00
6.1227e+00 9.6233e+00 1.9055e+01 3.8223e+00 7.2609e+00
6.1011e+00 9.5800e+00 1.9008e+01 3.7876e+00 7.2653e+00
6.0778e+00 9.5491e+00 1.8956e+01 3.7551e+00 7.2400e+00
6.0529e+00 9.5289e+00 1.8902e+01 3.7246e+00 7.1904e+00
6.0263e+00 9.5173e+00 1.8847e+01 3.6958e+00 7.1345e+00
5.9978e+00 9.5125e+00 1.8792e+01 3.6685e+00 7.0852e+00
5.9693e+00 9.5125e+00 1.8744e+01 3.6425e+00 7.0416e+00
5.9403e+00 9.5154e+00 1.8710e+01 3.6175e+00 7.0029e+00
5.9104e+00 9.5193e+00 1.8688e+01 3.5934e+00 6.9684e+00
5.8794e+00 9.5226e+00 1.8679e+01 3.5700e+00 6.9377e+00
5.8461e+00 9.5246e+00 1.8682e+01 3.5472e+00 6.9106e+00
5.8093e+00 9.5241e+00 1.8712e+01 3.5248e+00 6.8867e+00
5.7687e+00 9.5202e+00 1.8736e+01 3.5026e+00 6.8656e+00
5.7244e+00 9.5124e+00 1.8761e+01 3.4805e+00 6.8468e+00
5.6763e+00 9.5003e+00 1.8791e+01 3.4581e+00 6.8299e+00
5.6245e+00 9.4835e+00 1.8824e+01 3.4353e+00 6.8145e+00
5.5691e+00 9.4619e+00 1.8859e+01 3.4119e+00 6.8002e+00
5.5106e+00 9.4353e+00 1.8892e+01 3.3877e+00 6.7863e+00
5.4493e+00 9.4035e+00 1.8920e+01 3.3624e+00 6.7724e+00
5.3854e+00 9.3663e+00 1.8941e+01 3.3359e+00 6.7578e+00
5.3189e+00 9.3233e+00 1.8951e+01 3.3079e+00 6.7418e+00
5.2503e+00 9.2742e+00 1.8950e+01 3.2782e+00 6.7237e+00
5.1799e+00 9.2204e+00 1.8950e+01 3.2504e+00 6.7039e+00
5.1079e+00 9.1834e+00 1.8949e+01 3.2259e+00 6.6981e+00
5.0345e+00 9.1619e+00 1.8945e+01 3.2055e+00 6.7051e+00
4.9598e+00 9.1549e+00 1.8937e+01 3.1898e+00 6.7239e+00
4.8836e+00 9.1614e+00 1.8927e+01 3.1785e+00 6.7532e+00
4.8060e+00 9.1808e+00 1.8914e+01 3.1711e+00 6.7925e+00
4.7268e+00 9.2123e+00 1.8899e+01 3.1673e+00 6.8407e+00
4.6460e+00 9.2553e+00 1.8884e+01 3.1666e+00 6.8972e+00
4.5637e+00 9.3097e+00 1.8869e+01 3.1689e+00 6.9614e+00
4.4799e+00 9.3752e+00 1.8855e+01 3.1738e+00 7.0327e+00
4.3947e+00 9.4518e+00 1.8842e+01 3.1809e+00 7.1107e+00
4.3081e+00 9.5396e+00 1.8831e+01 3.1900e+00 7.1948e+00
4.2206e+00 9.6385e+00 1.8821e+01 3.2008e+00 7.2847e+00
4.1338e+00 9.7485e+00 1.8813e+01 3.2131e+00 7.3800e+00
4.0588e+00 9.8690e+00 1.8805e+01 3.2267e+00 7.4805e+00
3.9943e+00 9.9999e+00 1.8799e+01 3.2414e+00 7.5859e+00
3.9392e+00 1.0141e+01 1.8792e+01 3.2570e+00 7.6959e+00
3.8926e+00 1.0291e+01 1.8785e+01 3.2733e+00 7.8101e+00
3.8535e+00 1.0451e+01 1.8776e+01 3.2903e+00 7.9284e+00
3.8211e+00 1.0618e+01 1.8764e+01 3.3077e+00 8.0505e+00
3.7947e+00 1.0794e+01 1.8750e+01 3.3270e+00 8.1760e+00
3.7736e+00 1.0976e+01 1.8731e+01 3.3494e+00 8.3047e+00
3.7573e+00 1.1163e+01 1.8709e+01 3.3747e+00 8.4362e+00
3.7452e+00 1.1355e+01 1.8682e+01 3.4027e+00 8.5704e+00
3.7369e+00 1.1548e+01 1.8651e+01 3.4331e+00 8.7066e+00
3.7318e+00 1.1743e+01 1.8616e+01 3.4658e+00 8.8446e+00
3.7296e+00 1.1937e+01 1.8576e+01 3.5006e+00 8.9838e+00
3.7299e+00 1.2130e+01 1.8530e+01 3.5374e+00 9.1239e+00
3.7324e+00 1.2321e+01 1.8480e+01 3.5758e+00 9.2647e+00
3.7366e+00 1.2507e+01 1.8425e+01 3.6159e+00 9.4058e+00
3.7425e+00 1.2688e+01 1.8364e+01 3.6573e+00 9.5467e+00
3.7496e+00 1.2863e+01 1.8299e+01 3.7001e+00 9.6868e+00
3.7579e+00 1.3031e+01 1.8229e+01 3.7440e+00 9.8257e+00
3.7670e+00 1.3192e+01 1.8155e+01 3.7890e+00 9.9629e+00
3.7769e+00 1.3345e+01 1.8076e+01 3.8350e+00 1.0098e+01
3.7872e+00 1.3490e+01 1.7994e+01 3.8820e+00 1.0231e+01
3.7987e+00 1.3626e+01 1.7909e+01 3.9297e+00 1.0361e+01
3.8125e+00 1.3754e+01 1.7821e+01 3.9782e+00 1.0488e+01
3.8285e+00 1.3873e+01 1.7729e+01 4.0274e+00 1.0611e+01
3.8463e+00 1.3982e+01 1.7635e+01 4.0772e+00 1.0730e+01
3.8656e+00 1.4093e+01 1.7538e+01 4.1275e+00 1.0846e+01
3.8863e+00 1.4210e+01 1.7438e+01 4.1783e+00 1.0957e+01
3.9079e+00 1.4332e+01 1.7335e+01 4.2295e+00 1.1063e+01
3.9305e+00 1.4458e+01 1.7229e+01 4.2809e+00 1.1164e+01
3.9538e+00 1.4587e+01 1.7120e+01 4.3327e+00 1.1260e+01
3.9775e+00 1.4717e+01 1.7009e+01 4.3845e+00 1.1350e+01
4.0017e+00 1.4846e+01 1.6913e+01 4.4364e+00 1.1435e+01
4.0261e+00 1.4974e+01 1.6833e+01 4.4882e+00 1.1514e+01
4.0505e+00 1.5099e+01 1.6766e+01 4.5400e+00 1.1587e+01
4.0749e+00 1.5219e+01 1.6713e+01 4.5915e+00 1.1653e+01
4.0991e+00 1.5335e+01 1.6671e+01 4.6428e+00 1.1712e+01
4.1230e+00 1.5443e+01 1.6639e+01 4.6937e+00 1.1765e+01
4.1465e+00 1.5543e+01 1.6617e+01 4.7442e+00 1.1810e+01
4.1695e+00 1.5635e+01 1.6602e+01 4.7941e+00 1.1847e+01
4.1918e+00 1.5717e+01 1.6595e+01 4.8435e+00 1.1878e+01
4.2133e+00 1.5788e+01 1.6594e+01 4.8922e+00 1.1902e+01
4.2339e+00 1.5848e+01 1.6598e+01 4.9401e+00 1.1919e+01
4.2535e+00 1.5895e+01 1.6606e+01 4.9871e+00 1.1929e+01
4.2720e+00 1.5930e+01 1.6617e+01 5.0331e+00 1.1934e+01
4.2893e+00 1.5951e+01 1.6631e+01 5.0782e+00 1.1932e+01
4.3052e+00 1.5958e+01 1.6646e+01 5.1221e+00 1.1926e+01
4.3197e+00 1.5952e+01 1.6661e+01 5.1649e+00 1.1952e+01
4.3326e+00 1.5931e+01 1.6675e+01 5.2065e+00 1.2008e+01
4.3440e+00 1.5898e+01 1.6688e+01 5.2468e+00 1.2091e+01
4.3537e+00 1.5852e+01 1.6699e+01 5.2856e+00 1.2198e+01
4.3616e+00 1.5794e+01 1.6708e+01 5.3228e+00 1.2327e+01
4.3677e+00 1.5725e+01 1.6714e+01 5.3585e+00 1.2478e+01
4.3719e+00 1.5645e+01 1.6718e+01 5.3924e+00 1.2646e+01
4.3742e+00 1.5554e+01 1.6718e+01 5.4245e+00 1.2830e+01
4.3746e+00 1.5455e+01 1.6716e+01 5.4547e+00 1.3028e+01
4.3732e+00 1.5348e+01 1.6709e+01 5.4828e+00 1.3236e+01
4.3699e+00 1.5233e+01 1.6700e+01 5.5088e+00 1.3452e+01
4.3654e+00 1.5115e+01 1.6705e+01 5.5333e+00 1.3671e+01
4.3621e+00 1.5000e+01 1.6727e+01 5.5586e+00 1.3893e+01
4.3651e+00 1.4888e+01 1.6762e+01 5.5842e+00 1.4113e+01
4.3739e+00 1.4779e+01 1.6810e+01 5.6097e+00 1.4329e+01
4.3882e+00 1.4674e+01 1.6867e+01 5.6348e+00 1.4541e+01
4.4074e+00 1.4571e+01 1.6931e+01 5.6590e+00 1.4745e+01
4.4310e+00 1.4472e+01 1.7003e+01 5.6819e+00 1.4942e+01
4.4585e+00 1.4374e+01 1.7080e+01 5.7034e+00 1.5130e+01
4.4895e+00 1.4279e+01 1.7161e+01 5.7229e+00 1.5310e+01
4.5233e+00 1.4184e+01 1.7247e+01 5.7404e+00 1.5482e+01
4.5595e+00 1.4090e+01 1.7337e+01 5.7557e+00 1.5645e+01
4.5976e+00 1.3997e+01 1.7431e+01 5.7686e+00 1.5802e+01
4.6371e+00 1.3903e+01 1.7529e+01 5.7790e+00 1.5953e+01
4.6775e+00 1.3809e+01 1.7632e+01 5.7869e+00 1.6098e+01
4.7219e+00 1.3715e+01 1.7740e+01 5.7924e+00 1.6250e+01
4.7694e+00 1.3619e+01 1.7855e+01 5.7956e+00 1.6407e+01
4.8192e+00 1.3523e+01 1.7976e+01 5.7965e+00 1.6569e+01
4.8707e+00 1.3442e+01 1.8105e+01 5.7953e+00 1.6734e+01
4.9237e+00 1.3379e+01 1.8243e+01 5.7924e+00 1.6902e+01
4.9777e+00 1.3333e+01 1.8389e+01 5.7878e+00 1.7068e+01
5.0324e+00 1.3302e+01 1.8544e+01 5.7821e+00 1.7232e+01
5.0876e+00 1.3285e+01 1.8708e+01 5.7754e+00 1.7390e+01
5.1430e+00 1.3282e+01 1.8882e+01 5.7680e+00 1.7542e+01
5.1983e+00 1.3291e+01 1.9066e+01 5.7604e+00 1.7685e+01
5.2528e+00 1.3313e+01 1.9260e+01 5.7529e+00 1.7815e+01
5.3064e+00 1.3346e+01 1.9465e+01 5.7458e+00 1.7930e+01
5.3589e+00 1.3390e+01 1.9680e+01 5.7393e+00 1.8029e+01
5.4103e+00 1.3446e+01 1.9905e+01 5.7340e+00 1.8111e+01
5.4608e+00 1.3512e+01 2.0141e+01 5.7301e+00 1.8174e+01
5.5098e+00 1.3588e+01 2.0388e+01 5.7279e+00 1.8218e+01
5.5575e+00 1.3674e+01 2.0643e+01 5.7278e+00 1.8243e+01
5.6040e+00 1.3770e+01 2.0909e+01 5.7301e+00 1.8248e+01
5.6540e+00 1.3875e+01 2.1183e+01 5.7352e+00 1.8229e+01
5.7084e+00 1.3990e+01 2.1467e+01 5.7433e+00 1.8189e+01
5.7667e+00 1.4115e+01 2.1758e+01 5.7547e+00 1.8125e+01
5.8290e+00 1.4248e+01 2.2058e+01 5.7696e+00 1.8039e+01
5.8949e+00 1.4390e+01 2.2366e+01 5.7882e+00 1.7928e+01
5.9642e+00 1.4541e+01 2.2681e+01 5.8108e+00 1.7795e+01
6.0367e+00 1.4700e+01 2.3003e+01 5.8375e+00 1.7640e+01
6.1123e+00 1.4867e+01 2.3331e+01 5.8684e+00 1.7483e+01
6.1908e+00 1.5043e+01 2.3667e+01 5.9035e+00 1.7363e+01
6.2720e+00 1.5227e+01 2.4009e+01 5.9430e+00 1.7275e+01
6.3557e+00 1.5418e+01 2.4357e+01 5.9868e+00 1.7217e+01
6.4417e+00 1.5617e+01 2.4710e+01 6.0350e+00 1.7184e+01
6.5300e+00 1.5823e+01 2.5069e+01 6.0875e+00 1.7173e+01
6.6203e+00 1.6036e+01 2.5434e+01 6.1443e+00 1.7180e+01
6.7126e+00 1.6255e+01 2.5805e+01 6.2053e+00 1.7203e+01
6.8067e+00 1.6480e+01 2.6180e+01 6.2705e+00 1.7238e+01
6.9027e+00 1.6709e+01 2.6561e+01 6.3397e+00 1.7281e+01
7.0003e+00 1.6941e+01 2.6948e+01 6.4129e+00 1.7330e+01
7.0997e+00 1.7173e+01 2.7340e+01 6.4898e+00 1.7380e+01
7.2008e+00 1.7403e+01 2.7739e+01 6.5704e+00 1.7429e+01
7.3037e+00 1.7628e+01 2.8142e+01 6.6543e+00 1.7476e+01
7.4082e+00 1.7846e+01 2.8552e+01 6.7411e+00 1.7518e+01
7.5146e+00 1.8052e+01 2.8969e+01 6.8307e+00 1.7556e+01
7.6231e+00 1.8245e+01 2.9393e+01 6.9227e+00 1.7589e+01
7.7339e+00 1.8422e+01 2.9822e+01 7.0171e+00 1.7617e+01
7.8473e+00 1.8584e+01 3.0254e+01 7.1136e+00 1.7643e+01
7.9638e+00 1.8729e+01 3.0688e+01 7.2124e+00 1.7668e+01
8.0841e+00 1.8854e+01 3.1121e+01 7.3136e+00 1.7692e+01
8.2088e+00 1.8959e+01 3.1547e+01 7.4175e+00 1.7714e+01
8.3386e+00 1.9042e+01 3.1962e+01 7.5241e+00 1.7734e+01
8.4733e+00 1.9104e+01 3.2361e+01 7.6332e+00 1.7751e+01
8.6130e+00 1.9144e+01 3.2740e+01 7.7443e+00 1.7761e+01
8.7575e+00 1.9168e+01 3.3095e+01 7.8570e+00 1.7766e+01
8.9070e+00 1.9180e+01 3.3425e+01 7.9708e+00 1.7766e+01
9.0616e+00 1.9192e+01 3.3727e+01 8.0856e+00 1.7767e+01
9.2208e+00 1.9211e+01 3.4003e+01 8.2028e+00 1.7775e+01
9.3846e+00 1.9244e+01 3.4257e+01 8.3233e+00 1.7798e+01
9.5528e+00 1.9296e+01 3.4491e+01 8.4466e+00 1.7841e+01
9.7253e+00 1.9371e+01 3.4706e+01 8.5718e+00 1.7910e+01
9.9017e+00 1.9467e+01 3.4903e+01 8.6981e+00 1.8007e+01
1.0082e+01 1.9584e+01 3.5081e+01 8.8242e+00 1.8133e+01
1.0265e+01 1.9721e+01 3.5239e+01 8.9521e+00 1.8286e+01
1.0451e+01 1.9874e+01 3.5375e+01 9.0811e+00 1.8466e+01
1.0640e+01 2.0041e+01 3.5488e+01 9.2107e+00 1.8669e+01
1.0831e+01 2.0221e+01 3.5579e+01 9.3403e+00 1.8895e+01
1.1024e+01 2.0412e+01 3.5645e+01 9.4694e+00 1.9141e+01
1.1220e+01 2.0613e+01 3.5690e+01 9.5977e+00 1.9405e+01
1.1419e+01 2.0826e+01 3.5719e+01 9.7250e+00 1.9687e+01
1.1622e+01 2.1048e+01 3.5734e+01 9.8510e+00 1.9985e+01
1.1827e+01 2.1279e+01 3.5736e+01 9.9755e+00 2.0298e+01
1.2036e+01 2.1528e+01 3.5727e+01 1.0098e+01 2.0624e+01
1.2247e+01 2.1806e+01 3.5709e+01 1.0220e+01 2.0960e+01
1.2460e+01 2.2109e+01 3.5685e+01 1.0339e+01 2.1306e+01
1.2676e+01 2.2431e+01 3.5658e+01 1.0457e+01 2.1658e+01
1.2894e+01 2.2769e+01 3.5629e+01 1.0573e+01 2.2016e+01
1.3115e+01 2.3118e+01 3.5599e+01 1.0688e+01 2.2379e+01
1.3338e+01 2.3469e+01 3.5573e+01 1.0801e+01 2.2741e+01
1.3563e+01 2.3817e+01 3.5549e+01 1.0912e+01 2.3102e+01
1.3791e+01 2.4130e+01 3.5530e+01 1.1022e+01 2.3457e+01
1.4020e+01 2.4407e+01 3.5516e+01 1.1131e+01 2.3806e+01
1.4251e+01 2.4648e+01 3.5506e+01 1.1239e+01 2.4146e+01
1.4484e+01 2.4880e+01 3.5502e+01 1.1346e+01 2.4475e+01
1.4717e+01 2.5119e+01 3.5503e+01 1.1451e+01 2.4793e+01
1.4952e+01 2.5364e+01 3.5508e+01 1.1556e+01 2.5100e+01
1.5187e+01 2.5616e+01 3.5515e+01 1.1660e+01 2.5397e+01
1.5422e+01 2.5872e+01 3.5525e+01 1.1763e+01 2.5682e+01
1.5657e+01 2.6132e+01 3.5536e+01 1.1865e+01 2.5955e+01
1.5891e+01 2.6397e+01 3.5548e+01 1.1967e+01 2.6216e+01
1.6124e+01 2.6664e+01 3.5560e+01 1.2068e+01 2.6465e+01
1.6356e+01 2.6933e+01 3.5571e+01 1.2168e+01 2.6702e+01
1.6586e+01 2.7204e+01 3.5582e+01 1.2268e+01 2.6927e+01
1.6814e+01 2.7475e+01 3.5591e+01 1.2367e+01 2.7142e+01
1.7040e+01 2.7747e+01 3.5597e+01 1.2466e+01 2.7345e+01
1.7263e+01 2.8018e+01 3.5600e+01 1.2564e+01 2.7536e+01
1.7484e+01 2.8288e+01 3.5598e+01 1.2662e+01 2.7715e+01
1.7701e+01 2.8556e+01 3.5593e+01 1.2759e+01 2.7882e+01
1.7915e+01 2.8822e+01 3.5582e+01 1.2856e+01 2.8036e+01
1.8126e+01 2.9084e+01 3.5567e+01 1.2952e+01 2.8177e+01
1.8333e+01 2.9343e+01 3.5547e+01 1.3048e+01 2.8305e+01
1.8538e+01 2.9598e+01 3.5521e+01 1.3144e+01 2.8420e+01
1.8739e+01 2.9847e+01 3.5490e+01 1.3239e+01 2.8523e+01
1.8937e+01 3.0091e+01 3.5454e+01 1.3333e+01 2.8612e+01
1.9132e+01 3.0328e+01 3.5412e+01 1.3427e+01 2.8689e+01
1.9343e+01 3.0558e+01 3.5364e+01 1.3520e+01 2.8754e+01
1.9568e+01 3.0781e+01 3.5311e+01 1.3613e+01 2.8808e+01
1.9805e+01 3.0996e+01 3.5252e+01 1.3706e+01 2.8850e+01
2.0052e+01 3.1203e+01 3.5188e+01 1.3798e+01 2.8882e+01
2.0307e+01 3.1402e+01 3.5118e+01 1.3889e+01 2.8903e+01
2.0569e+01 3.1593e+01 3.5043e+01 1.3981e+01 2.8914e+01
2.0835e+01 3.1777e+01 3.4964e+01 1.4071e+01 2.8916e+01
2.1107e+01 3.1952e+01 3.4880e+01 1.4161e+01 2.8908e+01
2.1381e+01 3.2119e+01 3.4792e+01 1.4251e+01 2.8892e+01
2.1658e+01 3.2278e+01 3.4699e+01 1.4340e+01 2.8869e+01
2.1936e+01 3.2429e+01 3.4602e+01 1.4428e+01 2.8861e+01
2.2216e+01 3.2573e+01 3.4502e+01 1.4516e+01 2.8866e+01
2.2496e+01 3.2708e+01 3.4397e+01 1.4604e+01 2.8883e+01
2.2777e+01 3.2837e+01 3.4289e+01 1.4691e+01 2.8911e+01
2.3057e+01 3.2959e+01 3.4178e+01 1.4777e+01 2.8948e+01
2.3337e+01 3.3073e+01 3.4064e+01 1.4863e+01 2.8993e+01
2.3616e+01 3.3181e+01 3.3947e+01 1.4948e+01 2.9045e+01
2.3890e+01 3.3283e+01 3.3827e+01 1.5033e+01 2.9102e+01
2.4159e+01 3.3379e+01 3.3707e+01 1.5118e+01 2.9165e+01
2.4423e+01 3.3469e+01 3.3583e+01 1.5203e+01 2.9231e+01
2.4682e+01 3.3553e+01 3.3458e+01 1.5287e+01 2.9302e+01
2.4935e+01 3.3633e+01 3.3332e+01 1.5371e+01 2.9374e+01
2.5182e+01 3.3707e+01 3.3203e+01 1.5454e+01 2.9449e+01
2.5423e+01 3.3777e+01 3.3074e+01 1.5537e+01 2.9526e+01
2.5658e+01 3.3843e+01 3.2943e+01 1.5620e+01 2.9604e+01
2.5887e+01 3.3905e+01 3.2811e+01 1.5702e+01 2.9683e+01
2.6109e+01 3.3964e+01 3.2679e+01 1.5784e+01 2.9762e+01
2.6326e+01 3.4019e+01 3.2546e+01 1.5866e+01 2.9842e+01
2.6535e+01 3.4070e+01 3.2413e+01 1.5947e+01 2.9922e+01
2.6738e+01 3.4129e+01 3.2279e+01 1.6028e+01 3.0001e+01
2.6934e+01 3.4210e+01 3.2164e+01 1.6108e+01 3.0079e+01
2.7123e+01 3.4310e+01 3.2068e+01 1.6189e+01 3.0156e+01
2.7306e+01 3.4428e+01 3.1989e+01 1.6269e+01 3.0233e+01
2.7481e+01 3.4559e+01 3.1927e+01 1.6348e+01 3.0307e+01
2.7649e+01 3.4703e+01 3.1880e+01 1.6428e+01 3.0380e+01
2.7810e+01 3.4857e+01 3.1846e+01 1.6507e+01 3.0451e+01
2.7965e+01 3.5020e+01 3.1824e+01 1.6586e+01 3.0520e+01
2.8110e+01 3.5188e+01 3.1813e+01 1.6665e+01 3.0586e+01
2.8248e+01 3.5360e+01 3.1813e+01 1.6744e+01 3.0648e+01
2.8376e+01 3.5536e+01 3.1821e+01 1.6822e+01 3.0706e+01
2.8496e+01 3.5713e+01 3.1839e+01 1.6900e+01 3.0760e+01
2.8605e+01 3.5889e+01 3.1866e+01 1.6978e+01 3.0807e+01
2.8704e+01 3.6070e+01 3.1901e+01 1.7056e+01 3.0849e+01
2.8792e+01 3.6256e+01 3.1945e+01 1.7134e+01 3.0883e+01
2.8867e+01 3.6449e+01 3.1997e+01 1.7212e+01 3.0909e+01
2.8929e+01 3.6647e+01 3.2058e+01 1.7290e+01 3.0924e+01
2.8975e+01 3.6850e+01 3.2130e+01 1.7368e+01 3.0932e+01
2.9002e+01 3.7060e+01 3.2214e+01 1.7446e+01 3.1002e+01
2.9004e+01 3.7276e+01 3.2309e+01 1.7525e+01 3.1137e+01
2.8977e+01 3.7502e+01 3.2419e+01 1.7603e+01 3.1328e+01
2.8913e+01 3.7737e+01 3.2542e+01 1.7681e+01 3.1569e+01
2.8812e+01 3.7984e+01 3.2679e+01 1.7758e+01 3.1856e+01
2.8694e+01 3.8245e+01 3.2830e+01 1.7832e+01 3.2186e+01
2.8604e+01 3.8520e+01 3.2992e+01 1.7904e+01 3.2552e+01
2.8538e+01 3.8807e+01 3.3161e+01 1.7973e+01 3.2941e+01
2.8496e+01 3.9101e+01 3.3330e+01 1.8038e+01 3.3335e+01
2.8472e+01 3.9399e+01 3.3493e+01 1.8100e+01 3.3709e+01
2.8465e+01 3.9696e+01 3.3648e+01 1.8159e+01 3.4051e+01
2.8474e+01 3.9986e+01 3.3790e+01 1.8215e+01 3.4348e+01
2.8497e+01 4.0265e+01 3.3917e+01 1.8268e+01 3.4589e+01
2.8532e+01 4.0530e+01 3.4031e+01 1.8319e+01 3.4777e+01
2.8576e+01 4.0778e+01 3.4134e+01 1.8368e+01 3.4911e+01
2.8630e+01 4.1008e+01 3.4224e+01 1.8414e+01 3.4997e+01
2.8691e+01 4.1218e+01 3.4306e+01 1.8457e+01 3.5045e+01
2.8758e+01 4.1408e+01 3.4378e+01 1.8497e+01 3.5059e+01
2.8831e+01 4.1577e+01 3.4444e+01 1.8535e+01 3.5072e+01
2.8909e+01 4.1726e+01 3.4504e+01 1.8571e+01 3.5099e+01
2.8991e+01 4.1853e+01 3.4559e+01 1.8604e+01 3.5138e+01
2.9077e+01 4.1959e+01 3.4609e+01 1.8634e+01 3.5184e+01
2.9166e+01 4.2043e+01 3.4655e+01 1.8662e+01 3.5236e+01
2.9257e+01 4.2108e+01 3.4696e+01 1.8687e+01 3.5291e+01
2.9350e+01 4.2151e+01 3.4733e+01 1.8711e+01 3.5348e+01
2.9443e+01 4.2176e+01 3.4767e+01 1.8733e+01 3.5404e+01
2.9537e+01 4.2181e+01 3.4796e+01 1.8752e+01 3.5458e+01
2.9631e+01 4.2168e+01 3.4824e+01 1.8769e+01 3.5508e+01
2.9727e+01 4.2140e+01 3.4849e+01 1.8785e+01 3.5557e+01
2.9829e+01 4.2105e+01 3.4880e+01 1.8799e+01 3.5608e+01
2.9939e+01 4.2064e+01 3.4916e+01 1.8811e+01 3.5661e+01
3.0053e+01 4.2017e+01 3.4957e+01 1.8822e+01 3.5716e+01
3.0173e+01 4.1964e+01 3.5002e+01 1.8832e+01 3.5771e+01
3.0298e+01 4.1905e+01 3.5052e+01 1.8841e+01 3.5826e+01
3.0426e+01 4.1841e+01 3.5106e+01 1.8849e+01 3.5882e+01
3.0559e+01 4.1771e+01 3.5163e+01 1.8856e+01 3.5937e+01
3.0696e+01 4.1700e+01 3.5223e+01 1.8863e+01 3.5991e+01
3.0836e+01 4.1648e+01 3.5287e+01 1.8868e+01 3.6044e+01
3.0979e+01 4.1613e+01 3.5355e+01 1.8874e+01 3.6096e+01
3.1125e+01 4.1595e+01 3.5425e+01 1.8878e+01 3.6147e+01
3.1274e+01 4.1593e+01 3.5497e+01 1.8883e+01 3.6195e+01
3.1425e+01 4.1606e+01 3.5571e+01 1.8887e+01 3.6243e+01
3.1578e+01 4.1634e+01 3.5648e+01 1.8890e+01 3.6288e+01
3.1733e+01 4.1676e+01 3.5726e+01 1.8894e+01 3.6330e+01
3.1891e+01 4.1732e+01 3.5807e+01 1.8896e+01 3.6390e+01
3.2050e+01 4.1801e+01 3.5889e+01 1.8899e+01 3.6478e+01
3.2212e+01 4.1883e+01 3.5974e+01 1.8901e+01 3.6591e+01
3.2375e+01 4.1979e+01 3.6060e+01 1.8904e+01 3.6728e+01
3.2540e+01 4.2085e+01 3.6147e+01 1.8907e+01 3.6886e+01
3.2706e+01 4.2202e+01 3.6236e+01 1.8910e+01 3.7063e+01
3.2875e+01 4.2331e+01 3.6326e+01 1.8913e+01 3.7256e+01
3.3045e+01 4.2469e+01 3.6417e+01 1.8917e+01 3.7464e+01
3.3217e+01 4.2617e+01 3.6510e+01 1.8922e+01 3.7683e+01
3.3390e+01 4.2774e+01 3.6605e+01 1.8927e+01 3.7912e+01
3.3565e+01 4.2941e+01 3.6700e+01 1.8932e+01 3.8151e+01
3.3742e+01 4.3116e+01 3.6798e+01 1.8939e+01 3.8397e+01
3.3921e+01 4.3299e+01 3.6896e+01 1.8946e+01 3.8648e+01
3.4101e+01 4.3489e+01 3.6995e+01 1.8954e+01 3.8904e+01
3.4283e+01 4.3686e+01 3.7096e+01 1.8962e+01 3.9162e+01
3.4467e+01 4.3889e+01 3.7199e+01 1.8972e+01 3.9422e+01
3.4651e+01 4.4098e+01 3.7303e+01 1.8981e+01 3.9684e+01
3.4838e+01 4.4310e+01 3.7408e+01 1.8992e+01 3.9946e+01
3.5025e+01 4.4527e+01 3.7513e+01 1.9003e+01 4.0207e+01
3.5214e+01 4.4746e+01 3.7619e+01 1.9015e+01 4.0465e+01
3.5403e+01 4.4967e+01 3.7724e+01 1.9028e+01 4.0721e+01
3.5594e+01 4.5191e+01 3.7831e+01 1.9041e+01 4.0973e+01
3.5785e+01 4.5416e+01 3.7938e+01 1.9055e+01 4.1219e+01
3.5976e+01 4.5641e+01 3.8044e+01 1.9069e+01 4.1460e+01
3.6167e+01 4.5866e+01 3.8150e+01 1.9084e+01 4.1692e+01
3.6359e+01 4.6089e+01 3.8255e+01 1.9099e+01 4.1916e+01
3.6550e+01 4.6310e+01 3.8358e+01 1.9115e+01 4.2130e+01
3.6740e+01 4.6529e+01 3.8459e+01 1.9130e+01 4.2335e+01
3.6930e+01 4.6744e+01 3.8557e+01 1.9146e+01 4.2528e+01
3.7118e+01 4.6955e+01 3.8649e+01 1.9163e+01 4.2710e+01
3.7304e+01 4.7160e+01 3.8737e+01 1.9179e+01 4.2879e+01
3.7489e+01 4.7360e+01 3.8820e+01 1.9195e+01 4.3035e+01
3.7670e+01 4.7554e+01 3.8898e+01 1.9211e+01 4.3178e+01
3.7849e+01 4.7741e+01 3.8968e+01 1.9226e+01 4.3307e+01
3.8025e+01 4.7923e+01 3.9031e+01 1.9241e+01 4.3424e+01
3.8198e+01 4.8098e+01 3.9086e+01 1.9255e+01 4.3528e+01
3.8366e+01 4.8266e+01 3.9133e+01 1.9268e+01 4.3618e+01
3.8529e+01 4.8429e+01 3.9173e+01 1.9280e+01 4.3697e+01
3.8686e+01 4.8588e+01 3.9205e+01 1.9291e+01 4.3765e+01
3.8839e+01 4.8741e+01 3.9230e+01 1.9301e+01 4.3821e+01
3.8986e+01 4.8889e+01 3.9250e+01 1.9310e+01 4.3865e+01
3.9127e+01 4.9032e+01 3.9264e+01 1.9318e+01 4.3897e+01
3.9261e+01 4.9171e+01 3.9276e+01 1.9326e+01 4.3918e+01
3.9388e+01 4.9306e+01 3.9285e+01 1.9331e+01 4.3929e+01
3.9507e+01 4.9435e+01 3.9295e+01 1.9336e+01 4.3929e+01
3.9617e+01 4.9560e+01 3.9304e+01 1.9340e+01 4.3920e+01
3.9719e+01 4.9687e+01 3.9317e+01 1.9343e+01 4.3909e+01
3.9813e+01 4.9830e+01 3.9330e+01 1.9353e+01 4.3908e+01
3.9896e+01 4.9985e+01 3.9347e+01 1.9369e+01 4.3915e+01
3.9969e+01 5.0154e+01 3.9368e+01 1.9390e+01 4.3931e+01
4.0033e+01 5.0333e+01 3.9394e+01 1.9415e+01 4.3953e+01
4.0088e+01 5.0520e+01 3.9424e+01 1.9444e+01 4.3981e+01
4.0132e+01 5.0713e+01 3.9459e+01 1.9478e+01 4.4014e+01
4.0169e+01 5.0913e+01 3.9499e+01 1.9514e+01 4.4052e+01
4.0198e+01 5.1117e+01 3.9543e+01 1.9553e+01 4.4095e+01
4.0220e+01 5.1326e+01 3.9594e+01 1.9594e+01 4.4143e+01
4.0235e+01 5.1540e+01 3.9652e+01 1.9637e+01 4.4196e+01
4.0243e+01 5.1757e+01 3.9718e+01 1.9681e+01 4.4253e+01
4.0246e+01 5.1974e+01 3.9788e+01 1.9728e+01 4.4312e+01
4.0243e+01 5.2193e+01 3.9864e+01 1.9776e+01 4.4374e+01
4.0235e+01 5.2413e+01 3.9948e+01 1.9825e+01 4.4441e+01
4.0221e+01 5.2633e+01 4.0036e+01 1.9876e+01 4.4510e+01
4.0203e+01 5.2852e+01 4.0127e+01 1.9928e+01 4.4583e+01
4.0181e+01 5.3070e+01 4.0225e+01 1.9980e+01 4.4660e+01
4.0155e+01 5.3288e+01 4.0327e+01 2.0032e+01 4.4742e+01
4.0126e+01 5.3502e+01 4.0432e+01 2.0086e+01 4.4826e+01
4.0095e+01 5.3713e+01 4.0543e+01 2.0140e+01 4.4912e+01
4.0060e+01 5.3919e+01 4.0663e+01 2.0194e+01 4.5001e+01
4.0024e+01 5.4122e+01 4.0789e+01 2.0249e+01 4.5091e+01
3.9984e+01 5.4321e+01 4.0930e+01 2.0304e+01 4.5186e+01
3.9942e+01 5.4524e+01 4.1125e+01 2.0361e+01 4.5277e+01
3.9896e+01 5.4773e+01 4.1651e+01 2.0428e+01 4.5328e+01
3.9838e+01 5.5118e+01 4.3162e+01 2.0523e+01 4.5244e+01
3.9794e+01 5.5173e+01 4.2571e+01 2.0544e+01 4.5503e+01
3.9740e+01 5.5341e+01 4.2800e+01 2.0605e+01 4.5598e+01
3.9686e+01 5.5473e+01 4.2861e+01 2.0658e+01 4.5730e+01
3.9629e+01 5.5571e+01 4.2805e+01 2.0706e+01 4.5889e+01
3.9567e+01 5.5680e+01 4.2946e+01 2.0762e+01 4.6020e+01
3.9503e+01 5.5756e+01 4.2960e+01 2.0811e+01 4.6182e+01
3.9433e+01 5.5826e+01 4.3081e+01 2.0864e+01 4.6333e+01
3.9359e+01 5.5865e+01 4.3154e+01 2.0915e+01 4.6502e+01
3.9279e+01 5.5886e+01 4.3277e+01 2.0967e+01 4.6671e+01
3.9194e+01 5.5880e+01 4.3398e+01 2.1017e+01 4.6853e+01
3.9102e+01 5.5845e+01 4.3543e+01 2.1068e+01 4.7044e+01
3.9004e+01 5.5779e+01 4.3708e+01 2.1118e+01 4.7248e+01
3.8898e+01 5.5676e+01 4.3886e+01 2.1167e+01 4.7465e+01
3.8784e+01 5.5534e+01 4.4095e+01 2.1216e+01 4.7697e+01
3.8663e+01 5.5352e+01 4.4340e+01 2.1266e+01 4.7947e+01
3.8534e+01 5.5126e+01 4.4619e+01 2.1314e+01 4.8217e+01
3.8399e+01 5.4854e+01 4.4931e+01 2.1362e+01 4.8510e+01
3.8258e+01 5.4539e+01 4.5279e+01 2.1410e+01 4.8828e+01
3.8113e+01 5.4181e+01 4.5670e+01 2.1456e+01 4.9170e+01
3.7961e+01 5.3783e+01 4.6101e+01 2.1502e+01 4.9537e+01
3.7805e+01 5.3352e+01 4.6574e+01 2.1547e+01 4.9927e+01
3.7642e+01 5.2888e+01 4.7062e+01 2.1590e+01 5.0340e+01
3.7473e+01 5.2399e+01 4.7556e+01 2.1630e+01 5.0776e+01
3.7298e+01 5.1890e+01 4.8064e+01 2.1667e+01 5.1232e+01
3.7116e+01 5.1367e+01 4.8573e+01 2.1699e+01 5.1711e+01
3.6928e+01 5.0835e+01 4.9066e+01 2.1723e+01 5.2218e+01
3.6735e+01 5.0304e+01 4.9534e+01 2.1738e+01 5.2752e+01
3.6535e+01 4.9784e+01 4.9971e+01 2.1738e+01 5.3319e+01
3.6328e+01 4.9289e+01 5.0381e+01 2.1722e+01 5.3913e+01
3.6114e+01 4.8835e+01 5.0756e+01 2.1686e+01 5.4534e+01
3.5895e+01 4.8438e+01 5.1089e+01 2.1630e+01 5.5179e+01
3.5670e+01 4.8107e+01 5.1393e+01 2.1555e+01 5.5844e+01
3.5445e+01 4.7848e+01 5.1663e+01 2.1461e+01 5.6525e+01
3.5224e+01 4.7657e+01 5.1897e+01 2.1351e+01 5.7217e+01
3.5071e+01 4.7522e+01 5.2035e+01 2.1221e+01 5.7922e+01
3.4965e+01 4.7424e+01 5.1702e+01 2.1059e+01 5.8678e+01
3.4879e+01 4.7346e+01 5.0668e+01 2.0847e+01 5.9518e+01
3.4865e+01 4.7330e+01 5.1952e+01 2.0698e+01 5.9982e+01
3.4853e+01 4.7313e+01 5.2036e+01 2.0495e+01 6.0608e+01
3.4859e+01 4.7304e+01 5.2510e+01 2.0287e+01 6.1150e+01
