2.4121e+00 3.3487e+00 2.0746e+01 4.7277e+00 4.8351e+01
3.7798e+00 5.7240e+00 4.0073e+01 8.1063e+00 8.3332e+01
4.1134e+00 6.3332e+00 4.5643e+01 8.8267e+00 8.9439e+01
4.7949e+00 7.5158e+00 5.7248e+01 1.0070e+01 1.0131e+02
6.0118e+00 9.6559e+00 8.0258e+01 1.2057e+01 1.2020e+02
6.9338e+00 1.1372e+01 9.8957e+01 1.3241e+01 1.3025e+02
7.1124e+00 1.1675e+01 9.9872e+01 1.3355e+01 1.2576e+02
7.6945e+00 1.1744e+01 9.4335e+01 1.4288e+01 1.1617e+02
7.3452e+00 1.1040e+01 8.6380e+01 1.3671e+01 1.0532e+02
6.6108e+00 9.9361e+00 7.7743e+01 1.2304e+01 9.4784e+01
5.9498e+00 8.9427e+00 6.9971e+01 1.1074e+01 8.5307e+01
5.3549e+00 8.0487e+00 6.2975e+01 9.9668e+00 7.6777e+01
4.8197e+00 7.2446e+00 5.6679e+01 8.9707e+00 6.9104e+01
4.3392e+00 6.5247e+00 5.1023e+01 8.0760e+00 6.2205e+01
3.9074e+00 5.8780e+00 4.5931e+01 7.2729e+00 5.5997e+01
3.5197e+00 5.2982e+00 4.1352e+01 6.5493e+00 5.0411e+01
3.1712e+00 4.7771e+00 3.7237e+01 5.8985e+00 4.5383e+01
2.8576e+00 4.3070e+00 3.3529e+01 5.3127e+00 4.0856e+01
2.5753e+00 3.8832e+00 3.0191e+01 4.7851e+00 3.6780e+01
2.3209e+00 3.5007e+00 2.7185e+01 4.3099e+00 3.3110e+01
2.0916e+00 3.1559e+00 2.4479e+01 3.8817e+00 2.9806e+01
1.8847e+00 2.8458e+00 2.2040e+01 3.4957e+00 2.6830e+01
1.6980e+00 2.5668e+00 1.9844e+01 3.1480e+00 2.4152e+01
1.5300e+00 2.3157e+00 1.7868e+01 2.8354e+00 2.1744e+01
1.3790e+00 2.0905e+00 1.6090e+01 2.5544e+00 1.9578e+01
1.2434e+00 1.8893e+00 1.4491e+01 2.3021e+00 1.7631e+01
1.1219e+00 1.7105e+00 1.3054e+01 2.0762e+00 1.5882e+01
1.0134e+00 1.5524e+00 1.1761e+01 1.8739e+00 1.4312e+01
9.1636e-01 1.4130e+00 1.0598e+01 1.6924e+00 1.2903e+01
8.2976e-01 1.2884e+00 9.5514e+00 1.5298e+00 1.1636e+01
7.5257e-01 1.1757e+00 8.6099e+00 1.3843e+00 1.0497e+01
6.8405e-01 1.0743e+00 7.7638e+00 1.2546e+00 9.4731e+00
6.2366e-01 9.8372e-01 7.0039e+00 1.1400e+00 8.5540e+00
5.7099e-01 9.0474e-01 6.3227e+00 1.0397e+00 7.7290e+00
5.2654e-01 8.3720e-01 5.7129e+00 9.5505e-01 6.9930e+00
4.9034e-01 7.7984e-01 5.1669e+00 8.8714e-01 6.3432e+00
4.6245e-01 7.3157e-01 4.6778e+00 8.3609e-01 5.7743e+00
4.4356e-01 6.9169e-01 4.2408e+00 8.0112e-01 5.2804e+00
4.3420e-01 6.6023e-01 3.8519e+00 7.7985e-01 4.8544e+00
4.3325e-01 6.3683e-01 3.5080e+00 7.6665e-01 4.5102e+00
4.3908e-01 6.2592e-01 3.2048e+00 7.5902e-01 4.2332e+00
4.5400e-01 6.3633e-01 2.9463e+00 7.5320e-01 4.0083e+00
4.8704e-01 7.0485e-01 2.7532e+00 7.7028e-01 3.8725e+00
5.3107e-01 8.1738e-01 2.6211e+00 8.3269e-01 3.8392e+00
5.7204e-01 9.1017e-01 2.5143e+00 8.9913e-01 3.7970e+00
6.3508e-01 1.0422e+00 2.4268e+00 9.7954e-01 3.7712e+00
7.5526e-01 1.2513e+00 2.3620e+00 1.0430e+00 3.7431e+00
8.4749e-01 1.4279e+00 2.3233e+00 1.1690e+00 3.7322e+00
9.6623e-01 1.6381e+00 2.3084e+00 1.2978e+00 3.7297e+00
1.1036e+00 2.0080e+00 2.2985e+00 1.4304e+00 3.7211e+00
1.2565e+00 2.3800e+00 2.3046e+00 1.5834e+00 3.7292e+00
1.4203e+00 2.6944e+00 2.3270e+00 1.7486e+00 3.7543e+00
1.5908e+00 3.0450e+00 2.3622e+00 1.9267e+00 3.7851e+00
1.7590e+00 3.4383e+00 2.4138e+00 2.1079e+00 3.8178e+00
1.9228e+00 3.8338e+00 2.4862e+00 2.2884e+00 3.8581e+00
2.0826e+00 4.2493e+00 2.5812e+00 2.4683e+00 3.8995e+00
2.2364e+00 4.6781e+00 2.7008e+00 2.6456e+00 3.9393e+00
2.3790e+00 5.0967e+00 2.8390e+00 2.8204e+00 3.9832e+00
2.5072e+00 5.4743e+00 2.9956e+00 2.9920e+00 4.0386e+00
2.6211e+00 5.8101e+00 3.1708e+00 3.1543e+00 4.1250e+00
2.7242e+00 6.1370e+00 3.3609e+00 3.3326e+00 4.2466e+00
2.8171e+00 6.4697e+00 3.5607e+00 3.5224e+00 4.3961e+00
2.9000e+00 6.7937e+00 3.7706e+00 3.6922e+00 4.5619e+00
2.9732e+00 7.1026e+00 3.9902e+00 3.8422e+00 4.7349e+00
3.0375e+00 7.3871e+00 4.2189e+00 3.9735e+00 4.9085e+00
3.0939e+00 7.6396e+00 4.4583e+00 4.0795e+00 5.0789e+00
3.1440e+00 7.8582e+00 4.7121e+00 4.1564e+00 5.2440e+00
3.1890e+00 8.0443e+00 4.9823e+00 4.2051e+00 5.4024e+00
3.2304e+00 8.2000e+00 5.2693e+00 4.2424e+00 5.5530e+00
3.2697e+00 8.3287e+00 5.5699e+00 4.2738e+00 5.6945e+00
3.3080e+00 8.4341e+00 5.8789e+00 4.2996e+00 5.8262e+00
3.3454e+00 8.5232e+00 6.1893e+00 4.3203e+00 5.9482e+00
3.3819e+00 8.6040e+00 6.4928e+00 4.3365e+00 6.0605e+00
3.4169e+00 8.6842e+00 6.7835e+00 4.3483e+00 6.1635e+00
3.4502e+00 8.7685e+00 7.0595e+00 4.3566e+00 6.2573e+00
3.4817e+00 8.8597e+00 7.3199e+00 4.3612e+00 6.3419e+00
3.5115e+00 8.9612e+00 7.5627e+00 4.3619e+00 6.4173e+00
3.5398e+00 9.0777e+00 7.7862e+00 4.3579e+00 6.4832e+00
3.5664e+00 9.2155e+00 7.9900e+00 4.3479e+00 6.5396e+00
3.5911e+00 9.3822e+00 8.1755e+00 4.3307e+00 6.5861e+00
3.6139e+00 9.5787e+00 8.3461e+00 4.3058e+00 6.6225e+00
3.6345e+00 9.7856e+00 8.5078e+00 4.2755e+00 6.6499e+00
3.6526e+00 9.9842e+00 8.6675e+00 4.2441e+00 6.6715e+00
3.6669e+00 1.0169e+01 8.8278e+00 4.2143e+00 6.6920e+00
3.6777e+00 1.0340e+01 8.9828e+00 4.1869e+00 6.7153e+00
3.6863e+00 1.0499e+01 9.1501e+00 4.1622e+00 6.7445e+00
3.6943e+00 1.0647e+01 9.3487e+00 4.1400e+00 6.7813e+00
3.7030e+00 1.0787e+01 9.5645e+00 4.1199e+00 6.8270e+00
3.7131e+00 1.0923e+01 9.7872e+00 4.1036e+00 6.8826e+00
3.7250e+00 1.1056e+01 1.0009e+01 4.0997e+00 6.9486e+00
3.7391e+00 1.1188e+01 1.0225e+01 4.1032e+00 7.0248e+00
3.7557e+00 1.1316e+01 1.0437e+01 4.1098e+00 7.1110e+00
3.7748e+00 1.1438e+01 1.0647e+01 4.1176e+00 7.2067e+00
3.7965e+00 1.1552e+01 1.0856e+01 4.1258e+00 7.3116e+00
3.8215e+00 1.1658e+01 1.1064e+01 4.1345e+00 7.4251e+00
3.8498e+00 1.1755e+01 1.1272e+01 4.1444e+00 7.5462e+00
3.8801e+00 1.1842e+01 1.1481e+01 4.1564e+00 7.6738e+00
3.9107e+00 1.1919e+01 1.1688e+01 4.1711e+00 7.8069e+00
3.9402e+00 1.1985e+01 1.1894e+01 4.1896e+00 7.9441e+00
3.9703e+00 1.2041e+01 1.2100e+01 4.2123e+00 8.0843e+00
4.0008e+00 1.2087e+01 1.2306e+01 4.2398e+00 8.2264e+00
4.0319e+00 1.2124e+01 1.2511e+01 4.2723e+00 8.3689e+00
4.0636e+00 1.2155e+01 1.2716e+01 4.3100e+00 8.5107e+00
4.0958e+00 1.2179e+01 1.2919e+01 4.3534e+00 8.6506e+00
4.1280e+00 1.2199e+01 1.3121e+01 4.4025e+00 8.7873e+00
4.1602e+00 1.2214e+01 1.3319e+01 4.4575e+00 8.9200e+00
4.1920e+00 1.2225e+01 1.3513e+01 4.5178e+00 9.0477e+00
4.2233e+00 1.2232e+01 1.3705e+01 4.5837e+00 9.1696e+00
4.2539e+00 1.2236e+01 1.3892e+01 4.6548e+00 9.2849e+00
4.2836e+00 1.2238e+01 1.4076e+01 4.7306e+00 9.3929e+00
4.3123e+00 1.2236e+01 1.4256e+01 4.8105e+00 9.4932e+00
4.3399e+00 1.2232e+01 1.4431e+01 4.8879e+00 9.5855e+00
4.3663e+00 1.2224e+01 1.4603e+01 4.9588e+00 9.6695e+00
4.3912e+00 1.2212e+01 1.4771e+01 5.0218e+00 9.7449e+00
4.4144e+00 1.2195e+01 1.4936e+01 5.0762e+00 9.8119e+00
4.4357e+00 1.2173e+01 1.5100e+01 5.1221e+00 9.8704e+00
4.4548e+00 1.2143e+01 1.5265e+01 5.1589e+00 9.9207e+00
4.4716e+00 1.2103e+01 1.5432e+01 5.1874e+00 9.9628e+00
4.4856e+00 1.2048e+01 1.5604e+01 5.2084e+00 9.9973e+00
4.4960e+00 1.1973e+01 1.5786e+01 5.2216e+00 1.0025e+01
4.5015e+00 1.1871e+01 1.5986e+01 5.2264e+00 1.0045e+01
4.5004e+00 1.1738e+01 1.6203e+01 5.2220e+00 1.0058e+01
4.4916e+00 1.1586e+01 1.6414e+01 5.2099e+00 1.0059e+01
4.4770e+00 1.1444e+01 1.6570e+01 5.1942e+00 1.0046e+01
4.4604e+00 1.1337e+01 1.6679e+01 5.1775e+00 1.0019e+01
4.4441e+00 1.1274e+01 1.6774e+01 5.1594e+00 9.9817e+00
4.4279e+00 1.1244e+01 1.6857e+01 5.1371e+00 9.9342e+00
4.4113e+00 1.1238e+01 1.6929e+01 5.1072e+00 9.8760e+00
4.3946e+00 1.1246e+01 1.6995e+01 5.0667e+00 9.8063e+00
4.3783e+00 1.1266e+01 1.7054e+01 5.0162e+00 9.7252e+00
4.3651e+00 1.1302e+01 1.7102e+01 4.9579e+00 9.6340e+00
4.3557e+00 1.1354e+01 1.7141e+01 4.8937e+00 9.5350e+00
4.3502e+00 1.1416e+01 1.7173e+01 4.8260e+00 9.4298e+00
4.3488e+00 1.1486e+01 1.7197e+01 4.7576e+00 9.3202e+00
4.3514e+00 1.1560e+01 1.7215e+01 4.6901e+00 9.2085e+00
4.3581e+00 1.1636e+01 1.7226e+01 4.6249e+00 9.0968e+00
4.3686e+00 1.1713e+01 1.7233e+01 4.5629e+00 8.9869e+00
4.3828e+00 1.1789e+01 1.7236e+01 4.5046e+00 8.8937e+00
4.4005e+00 1.1865e+01 1.7238e+01 4.4526e+00 8.8158e+00
4.4213e+00 1.1939e+01 1.7238e+01 4.4084e+00 8.7522e+00
4.4452e+00 1.2011e+01 1.7238e+01 4.3712e+00 8.7019e+00
4.4719e+00 1.2082e+01 1.7240e+01 4.3403e+00 8.6636e+00
4.5011e+00 1.2151e+01 1.7244e+01 4.3151e+00 8.6365e+00
4.5327e+00 1.2219e+01 1.7253e+01 4.2951e+00 8.6196e+00
4.5666e+00 1.2284e+01 1.7264e+01 4.2797e+00 8.6120e+00
4.6025e+00 1.2348e+01 1.7279e+01 4.2684e+00 8.6130e+00
4.6402e+00 1.2410e+01 1.7298e+01 4.2608e+00 8.6219e+00
4.6796e+00 1.2470e+01 1.7320e+01 4.2565e+00 8.6381e+00
4.7205e+00 1.2529e+01 1.7346e+01 4.2550e+00 8.6611e+00
4.7628e+00 1.2587e+01 1.7376e+01 4.2561e+00 8.6906e+00
4.8064e+00 1.2643e+01 1.7410e+01 4.2595e+00 8.7260e+00
4.8511e+00 1.2699e+01 1.7447e+01 4.2648e+00 8.7669e+00
4.8969e+00 1.2753e+01 1.7487e+01 4.2719e+00 8.8130e+00
4.9436e+00 1.2806e+01 1.7530e+01 4.2805e+00 8.8639e+00
4.9912e+00 1.2858e+01 1.7577e+01 4.2905e+00 8.9194e+00
5.0397e+00 1.2910e+01 1.7626e+01 4.3017e+00 8.9792e+00
5.0891e+00 1.2961e+01 1.7679e+01 4.3141e+00 9.0431e+00
5.1394e+00 1.3012e+01 1.7734e+01 4.3275e+00 9.1108e+00
5.1908e+00 1.3064e+01 1.7793e+01 4.3420e+00 9.1823e+00
5.2435e+00 1.3116e+01 1.7855e+01 4.3575e+00 9.2572e+00
5.2975e+00 1.3171e+01 1.7920e+01 4.3788e+00 9.3355e+00
5.3531e+00 1.3228e+01 1.7987e+01 4.4078e+00 9.4169e+00
5.4103e+00 1.3288e+01 1.8058e+01 4.4438e+00 9.5014e+00
5.4693e+00 1.3352e+01 1.8132e+01 4.4860e+00 9.5887e+00
5.5300e+00 1.3420e+01 1.8208e+01 4.5339e+00 9.6786e+00
5.5926e+00 1.3492e+01 1.8287e+01 4.5868e+00 9.7710e+00
5.6569e+00 1.3569e+01 1.8368e+01 4.6442e+00 9.8657e+00
5.7229e+00 1.3650e+01 1.8450e+01 4.7057e+00 9.9622e+00
5.7905e+00 1.3735e+01 1.8534e+01 4.7708e+00 1.0060e+01
5.8595e+00 1.3824e+01 1.8619e+01 4.8391e+00 1.0159e+01
5.9300e+00 1.3916e+01 1.8705e+01 4.9102e+00 1.0258e+01
6.0017e+00 1.4010e+01 1.8792e+01 4.9836e+00 1.0358e+01
6.0746e+00 1.4107e+01 1.8882e+01 5.0591e+00 1.0458e+01
6.1488e+00 1.4206e+01 1.8976e+01 5.1362e+00 1.0557e+01
6.2241e+00 1.4307e+01 1.9072e+01 5.2145e+00 1.0659e+01
6.3005e+00 1.4409e+01 1.9173e+01 5.2936e+00 1.0770e+01
6.3777e+00 1.4512e+01 1.9278e+01 5.3728e+00 1.0890e+01
6.4557e+00 1.4615e+01 1.9389e+01 5.4515e+00 1.1018e+01
6.5345e+00 1.4720e+01 1.9505e+01 5.5293e+00 1.1153e+01
6.6140e+00 1.4824e+01 1.9625e+01 5.6054e+00 1.1295e+01
6.6941e+00 1.4928e+01 1.9749e+01 5.6790e+00 1.1441e+01
6.7749e+00 1.5033e+01 1.9878e+01 5.7494e+00 1.1590e+01
6.8565e+00 1.5138e+01 2.0010e+01 5.8157e+00 1.1739e+01
6.9390e+00 1.5244e+01 2.0146e+01 5.8774e+00 1.1883e+01
7.0226e+00 1.5351e+01 2.0284e+01 5.9336e+00 1.2018e+01
7.1076e+00 1.5461e+01 2.0426e+01 5.9835e+00 1.2140e+01
7.1945e+00 1.5573e+01 2.0572e+01 6.0262e+00 1.2247e+01
7.2836e+00 1.5688e+01 2.0724e+01 6.0610e+00 1.2335e+01
7.3751e+00 1.5807e+01 2.0885e+01 6.0868e+00 1.2401e+01
7.4683e+00 1.5925e+01 2.1052e+01 6.1034e+00 1.2449e+01
7.5606e+00 1.6037e+01 2.1224e+01 6.1116e+00 1.2512e+01
7.6490e+00 1.6134e+01 2.1393e+01 6.1129e+00 1.2589e+01
7.7392e+00 1.6225e+01 2.1552e+01 6.1084e+00 1.2673e+01
7.8303e+00 1.6306e+01 2.1701e+01 6.0974e+00 1.2761e+01
7.9211e+00 1.6376e+01 2.1844e+01 6.0798e+00 1.2851e+01
8.0115e+00 1.6436e+01 2.1978e+01 6.0556e+00 1.2941e+01
8.1029e+00 1.6488e+01 2.2100e+01 6.0365e+00 1.3031e+01
8.1963e+00 1.6535e+01 2.2211e+01 6.0286e+00 1.3123e+01
8.2930e+00 1.6578e+01 2.2315e+01 6.0311e+00 1.3216e+01
8.3936e+00 1.6619e+01 2.2450e+01 6.0437e+00 1.3311e+01
8.4988e+00 1.6658e+01 2.2648e+01 6.0657e+00 1.3408e+01
8.6091e+00 1.6697e+01 2.2902e+01 6.0968e+00 1.3508e+01
8.7248e+00 1.6736e+01 2.3208e+01 6.1364e+00 1.3611e+01
8.8458e+00 1.6778e+01 2.3560e+01 6.1840e+00 1.3717e+01
8.9719e+00 1.6822e+01 2.3951e+01 6.2391e+00 1.3828e+01
9.1028e+00 1.6871e+01 2.4377e+01 6.3013e+00 1.3943e+01
9.2384e+00 1.6923e+01 2.4833e+01 6.3703e+00 1.4062e+01
9.3787e+00 1.6980e+01 2.5313e+01 6.4458e+00 1.4186e+01
9.5237e+00 1.7042e+01 2.5811e+01 6.5272e+00 1.4315e+01
9.6735e+00 1.7124e+01 2.6325e+01 6.6142e+00 1.4448e+01
9.8279e+00 1.7225e+01 2.6850e+01 6.7064e+00 1.4587e+01
9.9868e+00 1.7344e+01 2.7382e+01 6.8031e+00 1.4730e+01
1.0150e+01 1.7481e+01 2.7918e+01 6.9040e+00 1.4877e+01
1.0323e+01 1.7635e+01 2.8452e+01 7.0087e+00 1.5030e+01
1.0528e+01 1.7814e+01 2.8913e+01 7.1183e+00 1.5191e+01
1.1042e+01 1.8040e+01 2.8084e+01 7.2429e+00 1.5277e+01
1.0798e+01 1.7556e+01 2.7979e+01 7.2723e+00 1.5167e+01
1.0617e+01 1.7231e+01 2.8172e+01 7.3036e+00 1.5112e+01
1.0559e+01 1.7101e+01 2.9170e+01 7.3825e+00 1.5186e+01
1.0724e+01 1.7332e+01 3.0211e+01 7.5012e+00 1.5385e+01
1.1040e+01 1.7706e+01 3.0947e+01 7.6345e+00 1.5629e+01
1.1395e+01 1.8109e+01 3.1511e+01 7.7681e+00 1.5880e+01
1.1743e+01 1.8501e+01 3.2066e+01 7.9003e+00 1.6128e+01
1.2072e+01 1.8879e+01 3.2634e+01 8.0298e+00 1.6373e+01
1.2389e+01 1.9249e+01 3.3194e+01 8.1574e+00 1.6620e+01
1.2708e+01 1.9621e+01 3.3730e+01 8.2842e+00 1.6869e+01
1.3040e+01 2.0006e+01 3.4217e+01 8.4113e+00 1.7123e+01
1.3382e+01 2.0403e+01 3.4668e+01 8.5383e+00 1.7382e+01
1.3717e+01 2.0801e+01 3.5115e+01 8.6645e+00 1.7644e+01
1.4046e+01 2.1203e+01 3.5553e+01 8.7902e+00 1.7910e+01
1.4377e+01 2.1619e+01 3.5977e+01 8.9159e+00 1.8180e+01
1.4703e+01 2.2042e+01 3.6398e+01 9.0412e+00 1.8453e+01
1.5029e+01 2.2481e+01 3.6811e+01 9.1664e+00 1.8731e+01
1.5351e+01 2.2931e+01 3.7222e+01 9.2913e+00 1.9012e+01
1.5671e+01 2.3396e+01 3.7631e+01 9.4162e+00 1.9298e+01
1.5989e+01 2.3876e+01 3.8036e+01 9.5410e+00 1.9587e+01
1.6307e+01 2.4370e+01 3.8439e+01 9.6659e+00 1.9881e+01
1.6630e+01 2.4881e+01 3.8835e+01 9.7909e+00 2.0180e+01
1.7011e+01 2.5440e+01 3.9179e+01 9.9178e+00 2.0489e+01
1.7788e+01 2.5422e+01 3.8299e+01 1.0046e+01 2.0767e+01
1.8242e+01 2.5028e+01 3.7076e+01 1.0130e+01 2.1037e+01
1.8838e+01 2.4833e+01 3.6163e+01 1.0254e+01 2.1302e+01
1.9533e+01 2.5391e+01 3.6344e+01 1.0398e+01 2.1656e+01
1.9983e+01 2.6189e+01 3.6927e+01 1.0532e+01 2.1997e+01
2.0313e+01 2.6976e+01 3.7613e+01 1.0659e+01 2.2333e+01
2.0609e+01 2.7746e+01 3.8244e+01 1.0785e+01 2.2663e+01
2.0898e+01 2.8481e+01 3.8869e+01 1.0909e+01 2.2982e+01
2.1166e+01 2.9202e+01 3.9465e+01 1.1029e+01 2.3297e+01
2.1379e+01 2.9890e+01 4.0064e+01 1.1147e+01 2.3603e+01
2.1549e+01 3.0552e+01 4.0647e+01 1.1262e+01 2.3899e+01
2.1723e+01 3.1200e+01 4.1197e+01 1.1375e+01 2.4191e+01
2.1933e+01 3.1849e+01 4.1711e+01 1.1486e+01 2.4481e+01
2.2158e+01 3.2488e+01 4.2196e+01 1.1597e+01 2.4768e+01
2.2379e+01 3.3116e+01 4.2657e+01 1.1705e+01 2.5049e+01
2.2610e+01 3.3736e+01 4.3095e+01 1.1811e+01 2.5326e+01
2.2847e+01 3.4347e+01 4.3513e+01 1.1915e+01 2.5599e+01
2.3086e+01 3.4950e+01 4.3913e+01 1.2018e+01 2.5868e+01
2.3329e+01 3.5544e+01 4.4296e+01 1.2118e+01 2.6132e+01
2.3573e+01 3.6129e+01 4.4666e+01 1.2215e+01 2.6392e+01
2.3817e+01 3.6707e+01 4.5024e+01 1.2311e+01 2.6648e+01
2.4062e+01 3.7276e+01 4.5371e+01 1.2404e+01 2.6900e+01
2.4307e+01 3.7838e+01 4.5709e+01 1.2495e+01 2.7148e+01
2.4553e+01 3.8392e+01 4.6038e+01 1.2583e+01 2.7394e+01
2.4821e+01 3.8935e+01 4.6360e+01 1.2671e+01 2.7639e+01
2.5346e+01 3.9228e+01 4.6602e+01 1.2764e+01 2.7904e+01
2.3887e+01 3.6565e+01 4.3509e+01 1.2596e+01 2.7313e+01
2.2482e+01 3.4419e+01 4.1025e+01 1.2403e+01 2.6706e+01
2.1895e+01 3.4124e+01 4.0539e+01 1.2452e+01 2.6852e+01
2.2424e+01 3.5370e+01 4.1449e+01 1.2580e+01 2.7219e+01
2.3350e+01 3.6196e+01 4.2351e+01 1.2712e+01 2.7615e+01
2.4164e+01 3.6943e+01 4.3054e+01 1.2837e+01 2.7990e+01
2.4810e+01 3.7813e+01 4.3835e+01 1.2949e+01 2.8340e+01
2.5330e+01 3.8751e+01 4.4605e+01 1.3053e+01 2.8674e+01
2.5727e+01 3.9692e+01 4.5338e+01 1.3150e+01 2.8986e+01
2.6043e+01 4.0611e+01 4.6017e+01 1.3239e+01 2.9281e+01
2.6311e+01 4.1493e+01 4.6645e+01 1.3323e+01 2.9562e+01
2.6552e+01 4.2330e+01 4.7237e+01 1.3402e+01 2.9831e+01
2.6789e+01 4.3125e+01 4.7796e+01 1.3477e+01 3.0092e+01
2.7024e+01 4.3881e+01 4.8325e+01 1.3549e+01 3.0347e+01
2.7247e+01 4.4601e+01 4.8827e+01 1.3618e+01 3.0593e+01
2.7452e+01 4.5292e+01 4.9302e+01 1.3683e+01 3.0831e+01
2.7640e+01 4.5954e+01 4.9752e+01 1.3746e+01 3.1060e+01
2.7815e+01 4.6590e+01 5.0179e+01 1.3805e+01 3.1283e+01
2.7980e+01 4.7201e+01 5.0584e+01 1.3861e+01 3.1498e+01
2.8131e+01 4.7789e+01 5.0967e+01 1.3915e+01 3.1706e+01
2.8271e+01 4.8356e+01 5.1329e+01 1.3967e+01 3.1908e+01
2.8400e+01 4.8904e+01 5.1672e+01 1.4015e+01 3.2103e+01
2.8518e+01 4.9432e+01 5.1995e+01 1.4062e+01 3.2292e+01
2.8626e+01 4.9941e+01 5.2301e+01 1.4106e+01 3.2474e+01
2.8726e+01 5.0434e+01 5.2589e+01 1.4148e+01 3.2650e+01
2.8816e+01 5.0909e+01 5.2860e+01 1.4188e+01 3.2819e+01
2.8897e+01 5.1369e+01 5.3117e+01 1.4226e+01 3.2982e+01
2.8972e+01 5.1813e+01 5.3358e+01 1.4262e+01 3.3139e+01
2.9038e+01 5.2244e+01 5.3588e+01 1.4297e+01 3.3290e+01
2.9096e+01 5.2661e+01 5.3806e+01 1.4329e+01 3.3435e+01
2.9146e+01 5.3066e+01 5.4016e+01 1.4361e+01 3.3575e+01
2.9184e+01 5.3460e+01 5.4219e+01 1.4390e+01 3.3708e+01
2.9165e+01 5.3823e+01 5.4412e+01 1.4416e+01 3.3826e+01
2.8686e+01 5.3504e+01 5.4133e+01 1.4410e+01 3.3813e+01
2.6625e+01 4.9335e+01 5.0066e+01 1.3970e+01 3.2321e+01
2.6987e+01 4.8210e+01 4.9795e+01 1.4065e+01 3.2739e+01
2.7249e+01 4.6753e+01 4.9101e+01 1.4156e+01 3.2976e+01
2.7672e+01 4.6105e+01 4.8758e+01 1.4236e+01 3.3200e+01
2.8185e+01 4.6346e+01 4.8950e+01 1.4303e+01 3.3429e+01
2.8473e+01 4.7512e+01 4.9723e+01 1.4360e+01 3.3647e+01
2.8509e+01 4.8649e+01 5.0511e+01 1.4400e+01 3.3827e+01
2.8495e+01 4.9673e+01 5.1242e+01 1.4437e+01 3.3989e+01
2.8615e+01 5.0730e+01 5.1950e+01 1.4479e+01 3.4175e+01
2.8752e+01 5.1717e+01 5.2603e+01 1.4520e+01 3.4359e+01
2.8818e+01 5.2619e+01 5.3233e+01 1.4556e+01 3.4523e+01
2.8898e+01 5.3471e+01 5.3825e+01 1.4592e+01 3.4685e+01
2.8975e+01 5.4270e+01 5.4386e+01 1.4626e+01 3.4841e+01
2.9037e+01 5.5014e+01 5.4921e+01 1.4658e+01 3.4989e+01
2.9100e+01 5.5713e+01 5.5428e+01 1.4690e+01 3.5132e+01
2.9157e+01 5.6369e+01 5.5913e+01 1.4721e+01 3.5270e+01
2.9208e+01 5.6986e+01 5.6376e+01 1.4751e+01 3.5402e+01
2.9258e+01 5.7567e+01 5.6818e+01 1.4780e+01 3.5529e+01
2.9306e+01 5.8117e+01 5.7241e+01 1.4809e+01 3.5652e+01
2.9353e+01 5.8637e+01 5.7646e+01 1.4838e+01 3.5771e+01
2.9409e+01 5.9132e+01 5.8030e+01 1.4867e+01 3.5888e+01
2.9566e+01 5.9532e+01 5.8323e+01 1.4900e+01 3.6024e+01
2.8895e+01 5.6002e+01 5.5415e+01 1.4857e+01 3.5748e+01
2.7733e+01 5.2400e+01 5.2489e+01 1.4658e+01 3.4895e+01
2.6485e+01 4.9671e+01 5.0140e+01 1.4517e+01 3.4199e+01
2.5645e+01 4.7803e+01 4.8854e+01 1.4452e+01 3.3846e+01
2.5409e+01 4.7579e+01 4.8985e+01 1.4472e+01 3.3819e+01
2.5468e+01 4.8579e+01 5.0005e+01 1.4533e+01 3.3979e+01
2.5689e+01 4.9740e+01 5.1200e+01 1.4597e+01 3.4226e+01
2.5923e+01 5.1017e+01 5.2380e+01 1.4665e+01 3.4480e+01
2.6225e+01 5.2325e+01 5.3493e+01 1.4732e+01 3.4738e+01
2.6593e+01 5.3629e+01 5.4450e+01 1.4800e+01 3.5005e+01
2.6981e+01 5.4821e+01 5.5298e+01 1.4868e+01 3.5267e+01
2.7310e+01 5.5921e+01 5.6101e+01 1.4930e+01 3.5500e+01
2.7577e+01 5.6926e+01 5.6847e+01 1.4988e+01 3.5705e+01
2.7843e+01 5.7849e+01 5.7514e+01 1.5045e+01 3.5899e+01
2.8079e+01 5.8694e+01 5.8122e+01 1.5099e+01 3.6076e+01
2.8295e+01 5.9469e+01 5.8675e+01 1.5150e+01 3.6238e+01
2.8488e+01 6.0180e+01 5.9178e+01 1.5200e+01 3.6387e+01
2.8668e+01 6.0833e+01 5.9634e+01 1.5248e+01 3.6525e+01
2.8831e+01 6.1432e+01 6.0047e+01 1.5294e+01 3.6652e+01
2.8982e+01 6.1982e+01 6.0420e+01 1.5339e+01 3.6770e+01
2.9136e+01 6.2481e+01 6.0751e+01 1.5383e+01 3.6883e+01
2.9468e+01 6.2537e+01 6.0906e+01 1.5430e+01 3.7034e+01
2.7924e+01 5.7630e+01 5.6568e+01 1.5111e+01 3.5847e+01
2.6447e+01 5.3376e+01 5.2863e+01 1.4809e+01 3.4578e+01
2.7267e+01 5.2205e+01 5.3805e+01 1.4964e+01 3.5015e+01
2.7265e+01 4.9882e+01 5.2026e+01 1.5018e+01 3.5081e+01
2.8046e+01 4.9459e+01 5.1580e+01 1.5098e+01 3.5373e+01
2.8444e+01 5.0940e+01 5.2897e+01 1.5198e+01 3.5629e+01
2.8669e+01 5.2560e+01 5.3990e+01 1.5282e+01 3.5846e+01
2.8862e+01 5.4028e+01 5.4778e+01 1.5357e+01 3.6069e+01
2.9102e+01 5.5289e+01 5.5660e+01 1.5429e+01 3.6273e+01
2.9307e+01 5.6410e+01 5.6381e+01 1.5497e+01 3.6469e+01
2.9439e+01 5.7518e+01 5.7033e+01 1.5558e+01 3.6634e+01
2.9500e+01 5.8562e+01 5.7636e+01 1.5615e+01 3.6768e+01
2.9577e+01 5.9493e+01 5.8156e+01 1.5669e+01 3.6897e+01
2.9660e+01 6.0313e+01 5.8629e+01 1.5720e+01 3.7018e+01
2.9712e+01 6.1068e+01 5.9046e+01 1.5767e+01 3.7124e+01
2.9770e+01 6.1732e+01 5.9414e+01 1.5812e+01 3.7224e+01
2.9815e+01 6.2330e+01 5.9737e+01 1.5854e+01 3.7315e+01
2.9849e+01 6.2865e+01 6.0020e+01 1.5894e+01 3.7398e+01
2.9874e+01 6.3341e+01 6.0268e+01 1.5930e+01 3.7473e+01
2.9875e+01 6.3780e+01 6.0485e+01 1.5965e+01 3.7539e+01
2.9658e+01 6.4041e+01 6.0606e+01 1.5992e+01 3.7542e+01
2.7607e+01 5.8933e+01 5.6426e+01 1.5607e+01 3.5940e+01
2.6488e+01 5.4699e+01 5.3204e+01 1.5335e+01 3.5489e+01
2.5274e+01 5.1454e+01 5.0604e+01 1.5269e+01 3.4531e+01
2.4884e+01 5.0427e+01 5.0617e+01 1.5313e+01 3.4574e+01
2.5841e+01 4.9451e+01 5.0905e+01 1.5410e+01 3.4894e+01
2.6741e+01 4.8942e+01 5.1395e+01 1.5496e+01 3.5277e+01
2.7282e+01 4.9887e+01 5.2196e+01 1.5583e+01 3.5609e+01
2.7644e+01 5.1219e+01 5.3257e+01 1.5663e+01 3.5870e+01
2.7944e+01 5.2541e+01 5.4023e+01 1.5732e+01 3.6129e+01
2.8206e+01 5.3644e+01 5.4860e+01 1.5797e+01 3.6355e+01
2.8376e+01 5.4790e+01 5.5528e+01 1.5855e+01 3.6556e+01
2.8448e+01 5.5904e+01 5.6179e+01 1.5908e+01 3.6716e+01
2.8520e+01 5.6879e+01 5.6742e+01 1.5956e+01 3.6867e+01
2.8601e+01 5.7692e+01 5.7288e+01 1.5999e+01 3.7007e+01
2.8642e+01 5.8445e+01 5.7776e+01 1.6038e+01 3.7130e+01
2.8680e+01 5.9084e+01 5.8236e+01 1.6074e+01 3.7241e+01
2.8711e+01 5.9627e+01 5.8661e+01 1.6106e+01 3.7341e+01
2.8740e+01 6.0078e+01 5.9061e+01 1.6135e+01 3.7432e+01
2.8870e+01 6.0145e+01 5.9452e+01 1.6159e+01 3.7531e+01
2.8414e+01 5.6135e+01 5.6877e+01 1.5997e+01 3.7234e+01
2.6696e+01 5.1498e+01 5.2928e+01 1.5580e+01 3.5582e+01
2.5182e+01 4.8232e+01 5.0405e+01 1.5490e+01 3.4897e+01
2.4864e+01 4.5348e+01 4.8411e+01 1.5435e+01 3.4627e+01
2.5366e+01 4.7210e+01 4.8852e+01 1.5521e+01 3.4889e+01
2.4961e+01 4.7029e+01 4.9555e+01 1.5615e+01 3.4846e+01
2.4813e+01 4.7660e+01 5.0365e+01 1.5701e+01 3.5019e+01
2.4935e+01 4.9010e+01 5.1741e+01 1.5790e+01 3.5201e+01
2.5087e+01 5.0292e+01 5.2818e+01 1.5867e+01 3.5413e+01
2.5255e+01 5.1477e+01 5.3877e+01 1.5942e+01 3.5598e+01
2.5485e+01 5.2546e+01 5.4895e+01 1.6009e+01 3.5784e+01
2.5764e+01 5.3408e+01 5.5861e+01 1.6070e+01 3.5963e+01
2.5965e+01 5.4206e+01 5.6755e+01 1.6129e+01 3.6108e+01
2.6135e+01 5.4903e+01 5.7548e+01 1.6184e+01 3.6233e+01
2.6292e+01 5.5499e+01 5.8268e+01 1.6235e+01 3.6343e+01
2.6437e+01 5.6005e+01 5.8932e+01 1.6283e+01 3.6438e+01
2.6555e+01 5.6434e+01 5.9525e+01 1.6329e+01 3.6517e+01
