3.4983e+02 2.4489e+02 4.3691e+02 1.3526e+03 3.1510e+03
4.0155e+02 2.8787e+02 5.1162e+02 1.5600e+03 3.6887e+03
4.0955e+02 3.0359e+02 5.4297e+02 1.5878e+03 3.8476e+03
3.7908e+02 2.8119e+02 5.0285e+02 1.4687e+03 3.5607e+03
3.4480e+02 2.5586e+02 4.5754e+02 1.3354e+03 3.2380e+03
3.1192e+02 2.3152e+02 4.1399e+02 1.2078e+03 2.9287e+03
2.8225e+02 2.0955e+02 3.7469e+02 1.0927e+03 2.6496e+03
2.5700e+02 1.9090e+02 3.4133e+02 9.9452e+02 2.4105e+03
2.3325e+02 1.7333e+02 3.0988e+02 9.0233e+02 2.1858e+03
2.1166e+02 1.5734e+02 2.8128e+02 8.1856e+02 1.9812e+03
1.9246e+02 1.4314e+02 2.5585e+02 7.4409e+02 1.7981e+03
1.7795e+02 1.3250e+02 2.3677e+02 6.8761e+02 1.6525e+03
1.6483e+02 1.2289e+02 2.1950e+02 6.3683e+02 1.5193e+03
1.4965e+02 1.1161e+02 1.9933e+02 5.7822e+02 1.3757e+03
1.3763e+02 1.0274e+02 1.8345e+02 5.3212e+02 1.2558e+03
1.2835e+02 9.5957e+01 1.7127e+02 4.9725e+02 1.1555e+03
1.1776e+02 8.8105e+01 1.5723e+02 4.5704e+02 1.0519e+03
1.0758e+02 8.0547e+01 1.4373e+02 4.1842e+02 9.5505e+02
9.8993e+01 7.4252e+01 1.3252e+02 3.8685e+02 8.7085e+02
9.1419e+01 6.8822e+01 1.2289e+02 3.6005e+02 7.9624e+02
8.4221e+01 6.3739e+01 1.1390e+02 3.3479e+02 7.2755e+02
7.8029e+01 5.9623e+01 1.0672e+02 3.1462e+02 6.6813e+02
7.2247e+01 5.5915e+01 1.0032e+02 2.9609e+02 6.1406e+02
6.7102e+01 5.2871e+01 9.5178e+01 2.8071e+02 5.6616e+02
6.2323e+01 5.0162e+01 9.0642e+01 2.6668e+02 5.2202e+02
5.7947e+01 4.7802e+01 8.6692e+01 2.5365e+02 4.8114e+02
5.3943e+01 4.5696e+01 8.3091e+01 2.4059e+02 4.4270e+02
5.0300e+01 4.3743e+01 7.9563e+01 2.2626e+02 4.0627e+02
4.7088e+01 4.2160e+01 7.6028e+01 2.1114e+02 3.7192e+02
4.4722e+01 4.0961e+01 7.3058e+01 1.9696e+02 3.4059e+02
4.3196e+01 3.9975e+01 7.0275e+01 1.8449e+02 3.1152e+02
4.1649e+01 3.8057e+01 6.6384e+01 1.7088e+02 2.8379e+02
4.0508e+01 3.6262e+01 6.3090e+01 1.5830e+02 2.5880e+02
3.8595e+01 3.4120e+01 5.9338e+01 1.4549e+02 2.3533e+02
3.4827e+01 3.0788e+01 5.3559e+01 1.3111e+02 2.1194e+02
3.1346e+01 2.7710e+01 4.8205e+01 1.1801e+02 1.9075e+02
2.8212e+01 2.4941e+01 4.3387e+01 1.0621e+02 1.7168e+02
2.5392e+01 2.2448e+01 3.9052e+01 9.5593e+01 1.5452e+02
2.2854e+01 2.0205e+01 3.5150e+01 8.6038e+01 1.3908e+02
2.0570e+01 1.8186e+01 3.1637e+01 7.7438e+01 1.2518e+02
1.8514e+01 1.6369e+01 2.8476e+01 6.9699e+01 1.1268e+02
1.6663e+01 1.4734e+01 2.5630e+01 6.2733e+01 1.0142e+02
1.4998e+01 1.3262e+01 2.3069e+01 5.6465e+01 9.1294e+01
1.3499e+01 1.1938e+01 2.0765e+01 5.0824e+01 8.2175e+01
1.2150e+01 1.0746e+01 1.8691e+01 4.5748e+01 7.3969e+01
1.0937e+01 9.6731e+00 1.6825e+01 4.1181e+01 6.6584e+01
9.8448e+00 8.7082e+00 1.5147e+01 3.7073e+01 5.9937e+01
8.8660e+00 7.8441e+00 1.3645e+01 3.3396e+01 5.3971e+01
8.1853e+00 7.3319e+00 1.2736e+01 3.1126e+01 4.9398e+01
7.4263e+00 6.6822e+00 1.1582e+01 2.8307e+01 4.4654e+01
6.7788e+00 6.1325e+00 1.0581e+01 2.5876e+01 4.0430e+01
6.2673e+00 5.7161e+00 9.7595e+00 2.3907e+01 3.6731e+01
5.8616e+00 5.4084e+00 9.0621e+00 2.2279e+01 3.3450e+01
5.6110e+00 5.2394e+00 8.5184e+00 2.1079e+01 3.0602e+01
5.4900e+00 5.1713e+00 8.0795e+00 2.0180e+01 2.8097e+01
5.4507e+00 5.1680e+00 7.7042e+00 1.9463e+01 2.5859e+01
5.4862e+00 5.2159e+00 7.3849e+00 1.8900e+01 2.3860e+01
5.5712e+00 5.2950e+00 7.1076e+00 1.8441e+01 2.2066e+01
5.6783e+00 5.3900e+00 6.8601e+00 1.8049e+01 2.0447e+01
5.8009e+00 5.4954e+00 6.6389e+00 1.7711e+01 1.8987e+01
5.9316e+00 5.6079e+00 6.4405e+00 1.7416e+01 1.7670e+01
6.0638e+00 5.7258e+00 6.2626e+00 1.7159e+01 1.6483e+01
6.1967e+00 5.8498e+00 6.1044e+00 1.6940e+01 1.5418e+01
6.3293e+00 5.9805e+00 5.9653e+00 1.6759e+01 1.4464e+01
6.4608e+00 6.1185e+00 5.8444e+00 1.6615e+01 1.3620e+01
6.5916e+00 6.2646e+00 5.7412e+00 1.6508e+01 1.2872e+01
6.7217e+00 6.4189e+00 5.6547e+00 1.6437e+01 1.2211e+01
6.8504e+00 6.5809e+00 5.5839e+00 1.6401e+01 1.1626e+01
6.9771e+00 6.7497e+00 5.5277e+00 1.6396e+01 1.1106e+01
7.1007e+00 6.9235e+00 5.4851e+00 1.6420e+01 1.0654e+01
7.2201e+00 7.0995e+00 5.4548e+00 1.6470e+01 1.0263e+01
7.3340e+00 7.2742e+00 5.4356e+00 1.6542e+01 9.9265e+00
7.4412e+00 7.4440e+00 5.4264e+00 1.6634e+01 9.6405e+00
7.5406e+00 7.6053e+00 5.4261e+00 1.6742e+01 9.3999e+00
7.6312e+00 7.7546e+00 5.4336e+00 1.6864e+01 9.2004e+00
7.7124e+00 7.8887e+00 5.4480e+00 1.6996e+01 9.0381e+00
7.7832e+00 8.0042e+00 5.4682e+00 1.7137e+01 8.9093e+00
7.8438e+00 8.0992e+00 5.4936e+00 1.7285e+01 8.8109e+00
7.8937e+00 8.1721e+00 5.5232e+00 1.7436e+01 8.7395e+00
7.9332e+00 8.2234e+00 5.5564e+00 1.7590e+01 8.6927e+00
7.9626e+00 8.2539e+00 5.5925e+00 1.7743e+01 8.6680e+00
7.9824e+00 8.2653e+00 5.6308e+00 1.7893e+01 8.6632e+00
7.9932e+00 8.2596e+00 5.6707e+00 1.8038e+01 8.6759e+00
7.9954e+00 8.2389e+00 5.7116e+00 1.8175e+01 8.7035e+00
7.9897e+00 8.2056e+00 5.7528e+00 1.8301e+01 8.7435e+00
7.9773e+00 8.1622e+00 5.7943e+00 1.8414e+01 8.7940e+00
7.9581e+00 8.1102e+00 5.8353e+00 1.8509e+01 8.8518e+00
7.9332e+00 8.0515e+00 5.8758e+00 1.8586e+01 8.9152e+00
7.9021e+00 7.9863e+00 5.9148e+00 1.8641e+01 8.9810e+00
7.8663e+00 7.9167e+00 5.9533e+00 1.8676e+01 9.0477e+00
7.8264e+00 7.8436e+00 5.9914e+00 1.8689e+01 9.1131e+00
7.7825e+00 7.7674e+00 6.0292e+00 1.8682e+01 9.1751e+00
7.7347e+00 7.6884e+00 6.0668e+00 1.8655e+01 9.2314e+00
7.6827e+00 7.6068e+00 6.1043e+00 1.8607e+01 9.2809e+00
7.6258e+00 7.5223e+00 6.1411e+00 1.8539e+01 9.3224e+00
7.5642e+00 7.4354e+00 6.1775e+00 1.8454e+01 9.3566e+00
7.4965e+00 7.3449e+00 6.2120e+00 1.8352e+01 9.3819e+00
7.4233e+00 7.2513e+00 6.2443e+00 1.8239e+01 9.3998e+00
7.3450e+00 7.1546e+00 6.2734e+00 1.8119e+01 9.4114e+00
7.2637e+00 7.0563e+00 6.2993e+00 1.8000e+01 9.4192e+00
7.1811e+00 6.9578e+00 6.3217e+00 1.7886e+01 9.4252e+00
7.1011e+00 6.8623e+00 6.3427e+00 1.7788e+01 9.4347e+00
7.1855e+00 6.8274e+00 6.4314e+00 1.7884e+01 9.5502e+00
7.2888e+00 6.7033e+00 6.4448e+00 1.7800e+01 9.5417e+00
8.0986e+00 7.1607e+00 7.1579e+00 1.9628e+01 1.0531e+01
8.4736e+00 7.2829e+00 7.4055e+00 2.0271e+01 1.0847e+01
9.0105e+00 7.5163e+00 7.7979e+00 2.1350e+01 1.1385e+01
1.0038e+01 7.9435e+00 8.4414e+00 2.3158e+01 1.2260e+01
1.1070e+01 8.3927e+00 9.1431e+00 2.5239e+01 1.3202e+01
1.2149e+01 8.8083e+00 9.8344e+00 2.7326e+01 1.4079e+01
1.3276e+01 9.2263e+00 1.0535e+01 2.9442e+01 1.4949e+01
1.4596e+01 9.6697e+00 1.1336e+01 3.1806e+01 1.5924e+01
1.5922e+01 1.0096e+01 1.2121e+01 3.4081e+01 1.6859e+01
1.7265e+01 1.0499e+01 1.2879e+01 3.6205e+01 1.7744e+01
1.8637e+01 1.0891e+01 1.3650e+01 3.8270e+01 1.8651e+01
1.9998e+01 1.1252e+01 1.4392e+01 4.0158e+01 1.9535e+01
2.1136e+01 1.1437e+01 1.5114e+01 4.1915e+01 2.0410e+01
2.2496e+01 1.1680e+01 1.5781e+01 4.3463e+01 2.1230e+01
2.3670e+01 1.1903e+01 1.6474e+01 4.5008e+01 2.2079e+01
2.4853e+01 1.2136e+01 1.7097e+01 4.6302e+01 2.2867e+01
2.5967e+01 1.2375e+01 1.7667e+01 4.7411e+01 2.3627e+01
2.6927e+01 1.2608e+01 1.8136e+01 4.8242e+01 2.4300e+01
2.7920e+01 1.2837e+01 1.8522e+01 4.8865e+01 2.4914e+01
2.8941e+01 1.3069e+01 1.8807e+01 4.9244e+01 2.5448e+01
2.9998e+01 1.3355e+01 1.8995e+01 4.9399e+01 2.5902e+01
3.1052e+01 1.3684e+01 1.9191e+01 4.9339e+01 2.6270e+01
3.2075e+01 1.4048e+01 1.9380e+01 4.9078e+01 2.6553e+01
3.3047e+01 1.4440e+01 1.9553e+01 4.8623e+01 2.6750e+01
3.3946e+01 1.4852e+01 1.9698e+01 4.7988e+01 2.6860e+01
3.4751e+01 1.5272e+01 1.9804e+01 4.7186e+01 2.6885e+01
3.5105e+01 1.5513e+01 1.9691e+01 4.6376e+01 2.6926e+01
3.5601e+01 1.5749e+01 1.9650e+01 4.5489e+01 2.7039e+01
3.6031e+01 1.5926e+01 1.9529e+01 4.4640e+01 2.7141e+01
3.6493e+01 1.6136e+01 1.9435e+01 4.3968e+01 2.7384e+01
3.6932e+01 1.6350e+01 1.9326e+01 4.3361e+01 2.7680e+01
3.7165e+01 1.6494e+01 1.9137e+01 4.2657e+01 2.7903e+01
3.7208e+01 1.6580e+01 1.8884e+01 4.1868e+01 2.8055e+01
3.7134e+01 1.6638e+01 1.8598e+01 4.1055e+01 2.8176e+01
3.6962e+01 1.6672e+01 1.8341e+01 4.0227e+01 2.8266e+01
3.6685e+01 1.6658e+01 1.8126e+01 3.9372e+01 2.8291e+01
3.6392e+01 1.6611e+01 1.7959e+01 3.8557e+01 2.8292e+01
3.6124e+01 1.6547e+01 1.7816e+01 3.7809e+01 2.8284e+01
3.5858e+01 1.6463e+01 1.7689e+01 3.7104e+01 2.8247e+01
3.5576e+01 1.6356e+01 1.7570e+01 3.6418e+01 2.8161e+01
3.5264e+01 1.6214e+01 1.7450e+01 3.5726e+01 2.8097e+01
3.4913e+01 1.6022e+01 1.7329e+01 3.5018e+01 2.8083e+01
3.4648e+01 1.5840e+01 1.7224e+01 3.4401e+01 2.8142e+01
3.4464e+01 1.5673e+01 1.7124e+01 3.3867e+01 2.8251e+01
3.4330e+01 1.5516e+01 1.7029e+01 3.3377e+01 2.8348e+01
3.4229e+01 1.5371e+01 1.6931e+01 3.2914e+01 2.8448e+01
3.4132e+01 1.5236e+01 1.6823e+01 3.2457e+01 2.8550e+01
3.4012e+01 1.5109e+01 1.6702e+01 3.1991e+01 2.8644e+01
3.3854e+01 1.4989e+01 1.6565e+01 3.1503e+01 2.8736e+01
3.3661e+01 1.4874e+01 1.6411e+01 3.1001e+01 2.8824e+01
3.3418e+01 1.4763e+01 1.6241e+01 3.0477e+01 2.8902e+01
3.3117e+01 1.4655e+01 1.6056e+01 2.9925e+01 2.8970e+01
3.2754e+01 1.4550e+01 1.5858e+01 2.9345e+01 2.9024e+01
3.2330e+01 1.4445e+01 1.5653e+01 2.8736e+01 2.9061e+01
3.1849e+01 1.4341e+01 1.5442e+01 2.8102e+01 2.9079e+01
3.1318e+01 1.4238e+01 1.5230e+01 2.7450e+01 2.9075e+01
3.0745e+01 1.4135e+01 1.5020e+01 2.6783e+01 2.9049e+01
3.0138e+01 1.4032e+01 1.4815e+01 2.6108e+01 2.8999e+01
2.9503e+01 1.3929e+01 1.4616e+01 2.5427e+01 2.8926e+01
2.8860e+01 1.3826e+01 1.4425e+01 2.4753e+01 2.8828e+01
2.8267e+01 1.3724e+01 1.4241e+01 2.4131e+01 2.8704e+01
2.7750e+01 1.3622e+01 1.4063e+01 2.3579e+01 2.8548e+01
2.7300e+01 1.3521e+01 1.3889e+01 2.3088e+01 2.8359e+01
2.6907e+01 1.3420e+01 1.3716e+01 2.2647e+01 2.8128e+01
2.6559e+01 1.3319e+01 1.3540e+01 2.2243e+01 2.7847e+01
2.6244e+01 1.3216e+01 1.3351e+01 2.1864e+01 2.7515e+01
2.5947e+01 1.3112e+01 1.3139e+01 2.1495e+01 2.7147e+01
2.5654e+01 1.3004e+01 1.2917e+01 2.1120e+01 2.6751e+01
2.5357e+01 1.2895e+01 1.2678e+01 2.0721e+01 2.6364e+01
2.5065e+01 1.2790e+01 1.2410e+01 2.0297e+01 2.6044e+01
2.4796e+01 1.2703e+01 1.2127e+01 1.9891e+01 2.5831e+01
2.4566e+01 1.2639e+01 1.1867e+01 1.9567e+01 2.5725e+01
2.4377e+01 1.2592e+01 1.1664e+01 1.9344e+01 2.5712e+01
2.4217e+01 1.2548e+01 1.1527e+01 1.9177e+01 2.5749e+01
2.4087e+01 1.2496e+01 1.1452e+01 1.9024e+01 2.5797e+01
2.3994e+01 1.2438e+01 1.1431e+01 1.8882e+01 2.5844e+01
2.3928e+01 1.2376e+01 1.1457e+01 1.8755e+01 2.5890e+01
2.3867e+01 1.2313e+01 1.1520e+01 1.8638e+01 2.5929e+01
2.3797e+01 1.2247e+01 1.1613e+01 1.8522e+01 2.5952e+01
2.3715e+01 1.2179e+01 1.1731e+01 1.8404e+01 2.5955e+01
2.3624e+01 1.2109e+01 1.1870e+01 1.8284e+01 2.5940e+01
2.3526e+01 1.2045e+01 1.2027e+01 1.8164e+01 2.5910e+01
2.3422e+01 1.1990e+01 1.2201e+01 1.8043e+01 2.5866e+01
2.3312e+01 1.1941e+01 1.2389e+01 1.7922e+01 2.5810e+01
2.3197e+01 1.1900e+01 1.2587e+01 1.7801e+01 2.5742e+01
2.3079e+01 1.1864e+01 1.2796e+01 1.7680e+01 2.5665e+01
2.2960e+01 1.1834e+01 1.3012e+01 1.7560e+01 2.5578e+01
2.2839e+01 1.1808e+01 1.3236e+01 1.7440e+01 2.5482e+01
2.2719e+01 1.1787e+01 1.3465e+01 1.7321e+01 2.5378e+01
2.2600e+01 1.1768e+01 1.3699e+01 1.7204e+01 2.5267e+01
2.2483e+01 1.1752e+01 1.3938e+01 1.7088e+01 2.5147e+01
2.2369e+01 1.1737e+01 1.4181e+01 1.6974e+01 2.5020e+01
2.2259e+01 1.1723e+01 1.4427e+01 1.6862e+01 2.4885e+01
2.2154e+01 1.1709e+01 1.4676e+01 1.6753e+01 2.4743e+01
2.2054e+01 1.1695e+01 1.4928e+01 1.6647e+01 2.4592e+01
2.1961e+01 1.1679e+01 1.5183e+01 1.6545e+01 2.4432e+01
2.1876e+01 1.1662e+01 1.5440e+01 1.6448e+01 2.4265e+01
2.1798e+01 1.1648e+01 1.5699e+01 1.6355e+01 2.4090e+01
2.1730e+01 1.1640e+01 1.5961e+01 1.6268e+01 2.3909e+01
2.1671e+01 1.1639e+01 1.6226e+01 1.6186e+01 2.3723e+01
2.1622e+01 1.1644e+01 1.6496e+01 1.6112e+01 2.3534e+01
2.1585e+01 1.1653e+01 1.6770e+01 1.6044e+01 2.3343e+01
2.1559e+01 1.1667e+01 1.7050e+01 1.5984e+01 2.3151e+01
2.1547e+01 1.1685e+01 1.7338e+01 1.5934e+01 2.2960e+01
2.1551e+01 1.1708e+01 1.7636e+01 1.5893e+01 2.2771e+01
2.1569e+01 1.1736e+01 1.7945e+01 1.5862e+01 2.2584e+01
2.1601e+01 1.1767e+01 1.8263e+01 1.5841e+01 2.2400e+01
2.1648e+01 1.1801e+01 1.8591e+01 1.5829e+01 2.2221e+01
2.1708e+01 1.1837e+01 1.8930e+01 1.5825e+01 2.2046e+01
2.1781e+01 1.1875e+01 1.9279e+01 1.5830e+01 2.1876e+01
2.1867e+01 1.1915e+01 1.9638e+01 1.5843e+01 2.1712e+01
2.1965e+01 1.1957e+01 2.0009e+01 1.5863e+01 2.1553e+01
2.2074e+01 1.2000e+01 2.0391e+01 1.5891e+01 2.1402e+01
2.2195e+01 1.2043e+01 2.0785e+01 1.5927e+01 2.1257e+01
2.2327e+01 1.2088e+01 2.1190e+01 1.5970e+01 2.1118e+01
2.2469e+01 1.2133e+01 2.1607e+01 1.6020e+01 2.0987e+01
2.2622e+01 1.2179e+01 2.2037e+01 1.6077e+01 2.0862e+01
2.2785e+01 1.2225e+01 2.2479e+01 1.6141e+01 2.0744e+01
2.2957e+01 1.2272e+01 2.2934e+01 1.6212e+01 2.0634e+01
2.3139e+01 1.2319e+01 2.3402e+01 1.6289e+01 2.0530e+01
2.3330e+01 1.2367e+01 2.3883e+01 1.6372e+01 2.0434e+01
2.3529e+01 1.2416e+01 2.4379e+01 1.6461e+01 2.0344e+01
2.3738e+01 1.2464e+01 2.4888e+01 1.6556e+01 2.0262e+01
2.3954e+01 1.2514e+01 2.5410e+01 1.6657e+01 2.0186e+01
2.4178e+01 1.2563e+01 2.5947e+01 1.6762e+01 2.0116e+01
2.4410e+01 1.2613e+01 2.6496e+01 1.6872e+01 2.0053e+01
2.4650e+01 1.2664e+01 2.7059e+01 1.6986e+01 1.9996e+01
2.4897e+01 1.2715e+01 2.7633e+01 1.7104e+01 1.9944e+01
2.5151e+01 1.2766e+01 2.8219e+01 1.7226e+01 1.9899e+01
2.5411e+01 1.2819e+01 2.8816e+01 1.7352e+01 1.9859e+01
2.5677e+01 1.2872e+01 2.9424e+01 1.7481e+01 1.9824e+01
2.5949e+01 1.2925e+01 3.0043e+01 1.7613e+01 1.9795e+01
2.6226e+01 1.2979e+01 3.0673e+01 1.7747e+01 1.9770e+01
2.6508e+01 1.3034e+01 3.1313e+01 1.7884e+01 1.9749e+01
2.6795e+01 1.3089e+01 3.1964e+01 1.8024e+01 1.9733e+01
2.7087e+01 1.3145e+01 3.2625e+01 1.8165e+01 1.9722e+01
2.7383e+01 1.3201e+01 3.3296e+01 1.8308e+01 1.9714e+01
2.7683e+01 1.3259e+01 3.3978e+01 1.8453e+01 1.9709e+01
2.7986e+01 1.3316e+01 3.4671e+01 1.8599e+01 1.9708e+01
2.8293e+01 1.3375e+01 3.5374e+01 1.8746e+01 1.9711e+01
2.8602e+01 1.3434e+01 3.6088e+01 1.8893e+01 1.9716e+01
2.8915e+01 1.3494e+01 3.6811e+01 1.9042e+01 1.9723e+01
2.9230e+01 1.3554e+01 3.7545e+01 1.9190e+01 1.9733e+01
2.9548e+01 1.3615e+01 3.8289e+01 1.9338e+01 1.9745e+01
2.9867e+01 1.3677e+01 3.9042e+01 1.9486e+01 1.9759e+01
3.0186e+01 1.3739e+01 3.9803e+01 1.9633e+01 1.9775e+01
3.0506e+01 1.3802e+01 4.0573e+01 1.9779e+01 1.9792e+01
3.0826e+01 1.3866e+01 4.1349e+01 1.9923e+01 1.9811e+01
3.1144e+01 1.3930e+01 4.2128e+01 2.0066e+01 1.9830e+01
3.1461e+01 1.3994e+01 4.2910e+01 2.0207e+01 1.9851e+01
3.1777e+01 1.4059e+01 4.3692e+01 2.0347e+01 1.9872e+01
3.2090e+01 1.4125e+01 4.4474e+01 2.0484e+01 1.9894e+01
3.2400e+01 1.4190e+01 4.5254e+01 2.0619e+01 1.9916e+01
3.2706e+01 1.4255e+01 4.6029e+01 2.0752e+01 1.9939e+01
3.3009e+01 1.4321e+01 4.6798e+01 2.0883e+01 1.9961e+01
3.3309e+01 1.4386e+01 4.7559e+01 2.1011e+01 1.9984e+01
3.3604e+01 1.4452e+01 4.8311e+01 2.1136e+01 2.0007e+01
3.3894e+01 1.4517e+01 4.9051e+01 2.1259e+01 2.0029e+01
3.4179e+01 1.4581e+01 4.9778e+01 2.1379e+01 2.0051e+01
3.4461e+01 1.4646e+01 5.0493e+01 2.1498e+01 2.0073e+01
3.4740e+01 1.4711e+01 5.1195e+01 2.1616e+01 2.0094e+01
3.5015e+01 1.4777e+01 5.1881e+01 2.1733e+01 2.0114e+01
3.5286e+01 1.4842e+01 5.2549e+01 2.1849e+01 2.0134e+01
3.5553e+01 1.4908e+01 5.3195e+01 2.1964e+01 2.0153e+01
3.5816e+01 1.4973e+01 5.3818e+01 2.2077e+01 2.0172e+01
3.6074e+01 1.5038e+01 5.4414e+01 2.2190e+01 2.0189e+01
3.6327e+01 1.5103e+01 5.4983e+01 2.2301e+01 2.0206e+01
3.6575e+01 1.5168e+01 5.5523e+01 2.2411e+01 2.0223e+01
3.6826e+01 1.5232e+01 5.6034e+01 2.2520e+01 2.0239e+01
3.7120e+01 1.5296e+01 5.6514e+01 2.2628e+01 2.0254e+01
3.7452e+01 1.5359e+01 5.6964e+01 2.2734e+01 2.0269e+01
3.7820e+01 1.5421e+01 5.7383e+01 2.2840e+01 2.0283e+01
3.8219e+01 1.5483e+01 5.7768e+01 2.2944e+01 2.0297e+01
3.8648e+01 1.5544e+01 5.8119e+01 2.3046e+01 2.0310e+01
3.9103e+01 1.5604e+01 5.8438e+01 2.3148e+01 2.0322e+01
3.9576e+01 1.5663e+01 5.8725e+01 2.3247e+01 2.0334e+01
4.0060e+01 1.5722e+01 5.8978e+01 2.3346e+01 2.0345e+01
4.0549e+01 1.5780e+01 5.9198e+01 2.3443e+01 2.0356e+01
4.1032e+01 1.5837e+01 5.9384e+01 2.3540e+01 2.0366e+01
4.1499e+01 1.5893e+01 5.9535e+01 2.3635e+01 2.0376e+01
4.1949e+01 1.5949e+01 5.9652e+01 2.3730e+01 2.0385e+01
4.2381e+01 1.6004e+01 5.9736e+01 2.3825e+01 2.0394e+01
4.2794e+01 1.6058e+01 5.9788e+01 2.3918e+01 2.0402e+01
4.3188e+01 1.6111e+01 5.9811e+01 2.4012e+01 2.0410e+01
4.3561e+01 1.6164e+01 5.9805e+01 2.4105e+01 2.0418e+01
4.3912e+01 1.6216e+01 5.9776e+01 2.4198e+01 2.0425e+01
4.4236e+01 1.6267e+01 5.9723e+01 2.4291e+01 2.0432e+01
4.4527e+01 1.6318e+01 5.9649e+01 2.4384e+01 2.0438e+01
4.4784e+01 1.6368e+01 5.9556e+01 2.4477e+01 2.0443e+01
4.5013e+01 1.6417e+01 5.9445e+01 2.4571e+01 2.0448e+01
4.5213e+01 1.6466e+01 5.9319e+01 2.4664e+01 2.0453e+01
4.5384e+01 1.6515e+01 5.9179e+01 2.4758e+01 2.0457e+01
4.5507e+01 1.6563e+01 5.9027e+01 2.4852e+01 2.0460e+01
4.5552e+01 1.6610e+01 5.8866e+01 2.4947e+01 2.0462e+01
4.5499e+01 1.6657e+01 5.8698e+01 2.5043e+01 2.0464e+01
4.5341e+01 1.6703e+01 5.8524e+01 2.5139e+01 2.0465e+01
4.5093e+01 1.6749e+01 5.8345e+01 2.5236e+01 2.0466e+01
4.4765e+01 1.6795e+01 5.8163e+01 2.5334e+01 2.0465e+01
4.4369e+01 1.6840e+01 5.7980e+01 2.5432e+01 2.0463e+01
4.3973e+01 1.6885e+01 5.7796e+01 2.5532e+01 2.0460e+01
4.3613e+01 1.6929e+01 5.7612e+01 2.5631e+01 2.0456e+01
4.3285e+01 1.6973e+01 5.7430e+01 2.5732e+01 2.0451e+01
4.2987e+01 1.7017e+01 5.7249e+01 2.5832e+01 2.0445e+01
4.2715e+01 1.7060e+01 5.7071e+01 2.5933e+01 2.0438e+01
4.2466e+01 1.7103e+01 5.6895e+01 2.6034e+01 2.0429e+01
4.2237e+01 1.7145e+01 5.6722e+01 2.6134e+01 2.0419e+01
4.2026e+01 1.7187e+01 5.6553e+01 2.6234e+01 2.0407e+01
4.1831e+01 1.7228e+01 5.6386e+01 2.6333e+01 2.0394e+01
4.1650e+01 1.7269e+01 5.6222e+01 2.6431e+01 2.0380e+01
4.1482e+01 1.7309e+01 5.6061e+01 2.6528e+01 2.0364e+01
4.1324e+01 1.7348e+01 5.5902e+01 2.6624e+01 2.0346e+01
4.1176e+01 1.7387e+01 5.5746e+01 2.6719e+01 2.0327e+01
4.1037e+01 1.7425e+01 5.5592e+01 2.6812e+01 2.0307e+01
4.0905e+01 1.7462e+01 5.5439e+01 2.6904e+01 2.0285e+01
4.0780e+01 1.7499e+01 5.5288e+01 2.6995e+01 2.0262e+01
4.0661e+01 1.7535e+01 5.5138e+01 2.7084e+01 2.0237e+01
4.0547e+01 1.7570e+01 5.4988e+01 2.7171e+01 2.0212e+01
4.0437e+01 1.7604e+01 5.4839e+01 2.7256e+01 2.0185e+01
4.0331e+01 1.7637e+01 5.4689e+01 2.7340e+01 2.0156e+01
4.0229e+01 1.7670e+01 5.4539e+01 2.7422e+01 2.0127e+01
4.0129e+01 1.7702e+01 5.4387e+01 2.7502e+01 2.0096e+01
4.0032e+01 1.7732e+01 5.4235e+01 2.7580e+01 2.0064e+01
3.9938e+01 1.7761e+01 5.4080e+01 2.7656e+01 2.0032e+01
3.9846e+01 1.7789e+01 5.3924e+01 2.7730e+01 1.9998e+01
3.9757e+01 1.7816e+01 5.3766e+01 2.7802e+01 1.9963e+01
3.9669e+01 1.7841e+01 5.3605e+01 2.7872e+01 1.9928e+01
3.9583e+01 1.7864e+01 5.3441e+01 2.7939e+01 1.9891e+01
3.9499e+01 1.7886e+01 5.3274e+01 2.8005e+01 1.9854e+01
3.9416e+01 1.7907e+01 5.3102e+01 2.8068e+01 1.9816e+01
3.9334e+01 1.7925e+01 5.2927e+01 2.8128e+01 1.9777e+01
3.9254e+01 1.7941e+01 5.2748e+01 2.8187e+01 1.9737e+01
3.9175e+01 1.7956e+01 5.2564e+01 2.8243e+01 1.9696e+01
3.9097e+01 1.7968e+01 5.2375e+01 2.8296e+01 1.9655e+01
3.9019e+01 1.7978e+01 5.2180e+01 2.8347e+01 1.9613e+01
3.8941e+01 1.7985e+01 5.1980e+01 2.8395e+01 1.9570e+01
3.8864e+01 1.7990e+01 5.1773e+01 2.8440e+01 1.9526e+01
3.8788e+01 1.7992e+01 5.1560e+01 2.8482e+01 1.9482e+01
3.8711e+01 1.7990e+01 5.1340e+01 2.8521e+01 1.9438e+01
3.8634e+01 1.7986e+01 5.1113e+01 2.8556e+01 1.9392e+01
3.8557e+01 1.7979e+01 5.0878e+01 2.8589e+01 1.9346e+01
3.8479e+01 1.7968e+01 5.0635e+01 2.8617e+01 1.9300e+01
3.8401e+01 1.7954e+01 5.0383e+01 2.8642e+01 1.9253e+01
3.8323e+01 1.7935e+01 5.0124e+01 2.8663e+01 1.9205e+01
3.8244e+01 1.7913e+01 4.9855e+01 2.8680e+01 1.9157e+01
3.8165e+01 1.7887e+01 4.9578e+01 2.8691e+01 1.9108e+01
3.8084e+01 1.7857e+01 4.9293e+01 2.8698e+01 1.9058e+01
3.8003e+01 1.7823e+01 4.8998e+01 2.8698e+01 1.9008e+01
3.7920e+01 1.7784e+01 4.8695e+01 2.8692e+01 1.8956e+01
3.7836e+01 1.7740e+01 4.8384e+01 2.8680e+01 1.8904e+01
3.7750e+01 1.7692e+01 4.8063e+01 2.8661e+01 1.8851e+01
3.7662e+01 1.7639e+01 4.7734e+01 2.8637e+01 1.8798e+01
3.7571e+01 1.7582e+01 4.7397e+01 2.8605e+01 1.8744e+01
3.7479e+01 1.7519e+01 4.7051e+01 2.8566e+01 1.8688e+01
3.7385e+01 1.7451e+01 4.6696e+01 2.8520e+01 1.8633e+01
3.7287e+01 1.7378e+01 4.6333e+01 2.8465e+01 1.8576e+01
3.7185e+01 1.7300e+01 4.5962e+01 2.8402e+01 1.8518e+01
3.7079e+01 1.7217e+01 4.5584e+01 2.8330e+01 1.8460e+01
3.6968e+01 1.7129e+01 4.5197e+01 2.8250e+01 1.8401e+01
3.6852e+01 1.7036e+01 4.4804e+01 2.8159e+01 1.8342e+01
3.6729e+01 1.6938e+01 4.4403e+01 2.8059e+01 1.8281e+01
3.6599e+01 1.6835e+01 4.3996e+01 2.7948e+01 1.8220e+01
3.6493e+01 1.6743e+01 4.3620e+01 2.7853e+01 1.8158e+01
3.6437e+01 1.6665e+01 4.3284e+01 2.7779e+01 1.8098e+01
3.6482e+01 1.6600e+01 4.2985e+01 2.7724e+01 1.8038e+01
3.6619e+01 1.6547e+01 4.2719e+01 2.7687e+01 1.7979e+01
3.6837e+01 1.6504e+01 4.2482e+01 2.7666e+01 1.7921e+01
3.7115e+01 1.6469e+01 4.2270e+01 2.7659e+01 1.7863e+01
3.7441e+01 1.6443e+01 4.2081e+01 2.7664e+01 1.7806e+01
3.7804e+01 1.6424e+01 4.1911e+01 2.7679e+01 1.7750e+01
3.8199e+01 1.6410e+01 4.1758e+01 2.7705e+01 1.7694e+01
3.8625e+01 1.6402e+01 4.1619e+01 2.7739e+01 1.7639e+01
3.9071e+01 1.6398e+01 4.1492e+01 2.7781e+01 1.7585e+01
3.9508e+01 1.6398e+01 4.1376e+01 2.7830e+01 1.7532e+01
3.9883e+01 1.6400e+01 4.1267e+01 2.7886e+01 1.7479e+01
4.0138e+01 1.6405e+01 4.1165e+01 2.7948e+01 1.7427e+01
4.0271e+01 1.6411e+01 4.1068e+01 2.8015e+01 1.7376e+01
4.0291e+01 1.6419e+01 4.0977e+01 2.8086e+01 1.7326e+01
4.0213e+01 1.6431e+01 4.0890e+01 2.8162e+01 1.7277e+01
4.0054e+01 1.6448e+01 4.0807e+01 2.8240e+01 1.7229e+01
3.9825e+01 1.6467e+01 4.0729e+01 2.8320e+01 1.7189e+01
3.9537e+01 1.6489e+01 4.0655e+01 2.8401e+01 1.7155e+01
3.9195e+01 1.6511e+01 4.0605e+01 2.8523e+01 1.7126e+01
3.8824e+01 1.6533e+01 4.0576e+01 2.8706e+01 1.7101e+01
3.8486e+01 1.6554e+01 4.0565e+01 2.8950e+01 1.7078e+01
3.8174e+01 1.6579e+01 4.0571e+01 2.9250e+01 1.7056e+01
3.7881e+01 1.6607e+01 4.0592e+01 2.9598e+01 1.7035e+01
3.7601e+01 1.6635e+01 4.0626e+01 2.9991e+01 1.7015e+01
3.7329e+01 1.6664e+01 4.0673e+01 3.0428e+01 1.6994e+01
3.7060e+01 1.6691e+01 4.0731e+01 3.0853e+01 1.6972e+01
3.6791e+01 1.6717e+01 4.0799e+01 3.1146e+01 1.6949e+01
3.6518e+01 1.6740e+01 4.0877e+01 3.1306e+01 1.6925e+01
3.6241e+01 1.6760e+01 4.0964e+01 3.1331e+01 1.6900e+01
3.5959e+01 1.6775e+01 4.1059e+01 3.1251e+01 1.6879e+01
3.5675e+01 1.6787e+01 4.1160e+01 3.1178e+01 1.6863e+01
3.5394e+01 1.6794e+01 4.1265e+01 3.1111e+01 1.6852e+01
3.5121e+01 1.6796e+01 4.1373e+01 3.1050e+01 1.6846e+01
3.4859e+01 1.6794e+01 4.1483e+01 3.0995e+01 1.6845e+01
3.4614e+01 1.6788e+01 4.1592e+01 3.0947e+01 1.6850e+01
3.4385e+01 1.6780e+01 4.1699e+01 3.0906e+01 1.6861e+01
3.4174e+01 1.6770e+01 4.1803e+01 3.0874e+01 1.6878e+01
3.3981e+01 1.6758e+01 4.1905e+01 3.0849e+01 1.6902e+01
3.3804e+01 1.6746e+01 4.2004e+01 3.0830e+01 1.6932e+01
3.3643e+01 1.6732e+01 4.2100e+01 3.0819e+01 1.6969e+01
3.3496e+01 1.6718e+01 4.2195e+01 3.0812e+01 1.7011e+01
3.3361e+01 1.6705e+01 4.2288e+01 3.0811e+01 1.7059e+01
3.3237e+01 1.6691e+01 4.2379e+01 3.0813e+01 1.7113e+01
3.3122e+01 1.6678e+01 4.2470e+01 3.0818e+01 1.7171e+01
3.3016e+01 1.6666e+01 4.2560e+01 3.0826e+01 1.7236e+01
3.2919e+01 1.6653e+01 4.2650e+01 3.0836e+01 1.7309e+01
3.2828e+01 1.6642e+01 4.2740e+01 3.0847e+01 1.7390e+01
3.2743e+01 1.6631e+01 4.2829e+01 3.0858e+01 1.7477e+01
3.2665e+01 1.6620e+01 4.2919e+01 3.0870e+01 1.7571e+01
3.2592e+01 1.6610e+01 4.3009e+01 3.0880e+01 1.7670e+01
3.2524e+01 1.6601e+01 4.3099e+01 3.0889e+01 1.7773e+01
3.2460e+01 1.6592e+01 4.3189e+01 3.0897e+01 1.7881e+01
3.2400e+01 1.6583e+01 4.3280e+01 3.0903e+01 1.7992e+01
3.2344e+01 1.6575e+01 4.3371e+01 3.0908e+01 1.8106e+01
3.2290e+01 1.6568e+01 4.3462e+01 3.0910e+01 1.8222e+01
3.2240e+01 1.6561e+01 4.3553e+01 3.0910e+01 1.8341e+01
3.2193e+01 1.6555e+01 4.3645e+01 3.0907e+01 1.8461e+01
3.2148e+01 1.6549e+01 4.3736e+01 3.0901e+01 1.8583e+01
3.2106e+01 1.6544e+01 4.3829e+01 3.0893e+01 1.8705e+01
3.2066e+01 1.6539e+01 4.3921e+01 3.0883e+01 1.8828e+01
3.2028e+01 1.6535e+01 4.4013e+01 3.0870e+01 1.8951e+01
3.1992e+01 1.6532e+01 4.4106e+01 3.0855e+01 1.9074e+01
3.1958e+01 1.6530e+01 4.4199e+01 3.0838e+01 1.9197e+01
3.1925e+01 1.6528e+01 4.4292e+01 3.0820e+01 1.9320e+01
3.1895e+01 1.6527e+01 4.4386e+01 3.0800e+01 1.9441e+01
3.1866e+01 1.6526e+01 4.4479e+01 3.0779e+01 1.9562e+01
3.1838e+01 1.6526e+01 4.4574e+01 3.0757e+01 1.9681e+01
3.1813e+01 1.6528e+01 4.4668e+01 3.0734e+01 1.9800e+01
3.1789e+01 1.6529e+01 4.4763e+01 3.0709e+01 1.9917e+01
3.1767e+01 1.6532e+01 4.4859e+01 3.0695e+01 2.0032e+01
3.1747e+01 1.6535e+01 4.4954e+01 3.0698e+01 2.0146e+01
3.1728e+01 1.6539e+01 4.5051e+01 3.0718e+01 2.0259e+01
3.1712e+01 1.6543e+01 4.5148e+01 3.0753e+01 2.0369e+01
3.1697e+01 1.6549e+01 4.5244e+01 3.0802e+01 2.0478e+01
3.1685e+01 1.6554e+01 4.5341e+01 3.0863e+01 2.0585e+01
3.1674e+01 1.6561e+01 4.5439e+01 3.0936e+01 2.0691e+01
3.1666e+01 1.6568e+01 4.5536e+01 3.1018e+01 2.0794e+01
3.1659e+01 1.6575e+01 4.5634e+01 3.1109e+01 2.0896e+01
3.1654e+01 1.6584e+01 4.5733e+01 3.1207e+01 2.0998e+01
3.1652e+01 1.6592e+01 4.5831e+01 3.1312e+01 2.1099e+01
3.1652e+01 1.6602e+01 4.5929e+01 3.1423e+01 2.1199e+01
3.1653e+01 1.6612e+01 4.6028e+01 3.1540e+01 2.1298e+01
3.1657e+01 1.6622e+01 4.6127e+01 3.1663e+01 2.1396e+01
3.1664e+01 1.6633e+01 4.6225e+01 3.1790e+01 2.1493e+01
3.1672e+01 1.6644e+01 4.6323e+01 3.1922e+01 2.1588e+01
3.1682e+01 1.6656e+01 4.6420e+01 3.2058e+01 2.1682e+01
3.1694e+01 1.6667e+01 4.6517e+01 3.2197e+01 2.1775e+01
3.1708e+01 1.6680e+01 4.6613e+01 3.2340e+01 2.1866e+01
3.1724e+01 1.6692e+01 4.6708e+01 3.2486e+01 2.1956e+01
3.1742e+01 1.6705e+01 4.6802e+01 3.2634e+01 2.2045e+01
3.1762e+01 1.6718e+01 4.6895e+01 3.2786e+01 2.2132e+01
3.1784e+01 1.6731e+01 4.6986e+01 3.2939e+01 2.2219e+01
3.1807e+01 1.6744e+01 4.7075e+01 3.3095e+01 2.2304e+01
3.1832e+01 1.6757e+01 4.7162e+01 3.3252e+01 2.2387e+01
3.1859e+01 1.6770e+01 4.7247e+01 3.3411e+01 2.2470e+01
3.1888e+01 1.6784e+01 4.7330e+01 3.3572e+01 2.2552e+01
3.1919e+01 1.6797e+01 4.7410e+01 3.3734e+01 2.2632e+01
3.1951e+01 1.6809e+01 4.7487e+01 3.3896e+01 2.2712e+01
3.1985e+01 1.6822e+01 4.7561e+01 3.4059e+01 2.2790e+01
3.2020e+01 1.6834e+01 4.7631e+01 3.4221e+01 2.2868e+01
3.2056e+01 1.6846e+01 4.7698e+01 3.4382e+01 2.2944e+01
3.2094e+01 1.6857e+01 4.7760e+01 3.4543e+01 2.3019e+01
3.2133e+01 1.6868e+01 4.7818e+01 3.4703e+01 2.3094e+01
3.2173e+01 1.6879e+01 4.7873e+01 3.4862e+01 2.3168e+01
3.2215e+01 1.6889e+01 4.7922e+01 3.5020e+01 2.3240e+01
3.2258e+01 1.6899e+01 4.7966e+01 3.5177e+01 2.3312e+01
3.2303e+01 1.6907e+01 4.8006e+01 3.5333e+01 2.3384e+01
3.2348e+01 1.6919e+01 4.8039e+01 3.5488e+01 2.3454e+01
3.2396e+01 1.6936e+01 4.8067e+01 3.5641e+01 2.3524e+01
3.2444e+01 1.6956e+01 4.8090e+01 3.5793e+01 2.3594e+01
3.2494e+01 1.6979e+01 4.8106e+01 3.5944e+01 2.3663e+01
3.2544e+01 1.7006e+01 4.8117e+01 3.6093e+01 2.3731e+01
3.2597e+01 1.7035e+01 4.8121e+01 3.6240e+01 2.3799e+01
3.2650e+01 1.7066e+01 4.8119e+01 3.6385e+01 2.3867e+01
3.2704e+01 1.7099e+01 4.8111e+01 3.6528e+01 2.3935e+01
3.2759e+01 1.7133e+01 4.8096e+01 3.6668e+01 2.4002e+01
3.2815e+01 1.7169e+01 4.8075e+01 3.6799e+01 2.4069e+01
3.2872e+01 1.7206e+01 4.8047e+01 3.6921e+01 2.4135e+01
3.2930e+01 1.7244e+01 4.8013e+01 3.7031e+01 2.4202e+01
3.2989e+01 1.7282e+01 4.7971e+01 3.7130e+01 2.4268e+01
3.3049e+01 1.7321e+01 4.7923e+01 3.7217e+01 2.4334e+01
3.3109e+01 1.7360e+01 4.7869e+01 3.7291e+01 2.4399e+01
3.3170e+01 1.7400e+01 4.7808e+01 3.7354e+01 2.4465e+01
3.3233e+01 1.7439e+01 4.7741e+01 3.7406e+01 2.4531e+01
3.3295e+01 1.7478e+01 4.7667e+01 3.7448e+01 2.4596e+01
3.3359e+01 1.7516e+01 4.7588e+01 3.7481e+01 2.4662e+01
3.3423e+01 1.7554e+01 4.7502e+01 3.7505e+01 2.4727e+01
3.3488e+01 1.7592e+01 4.7410e+01 3.7521e+01 2.4793e+01
3.3553e+01 1.7629e+01 4.7313e+01 3.7530e+01 2.4858e+01
3.3619e+01 1.7665e+01 4.7209e+01 3.7532e+01 2.4924e+01
3.3685e+01 1.7700e+01 4.7101e+01 3.7528e+01 2.4990e+01
3.3753e+01 1.7734e+01 4.6987e+01 3.7518e+01 2.5055e+01
3.3821e+01 1.7767e+01 4.6867e+01 3.7502e+01 2.5121e+01
